# JRE version: Java(TM) SE Runtime Environment (8.0_171-b11) (build 1.8.0_171-b11)
# Java VM: Java HotSpot(TM) 64-Bit Server VM (25.171-b11 mixed mode windows-amd64 compressed oops)
Heap:
 PSYoungGen      total 76288K, used 3929K [0x000000076ad80000, 0x0000000770280000, 0x00000007c0000000)
  eden space 65536K, 5% used [0x000000076ad80000,0x000000076b1567d8,0x000000076ed80000)
  from space 10752K, 0% used [0x000000076f800000,0x000000076f800000,0x0000000770280000)
  to   space 10752K, 0% used [0x000000076ed80000,0x000000076ed80000,0x000000076f800000)
 ParOldGen       total 73728K, used 7821K [0x00000006c0800000, 0x00000006c5000000, 0x000000076ad80000)
  object space 73728K, 10% used [0x00000006c0800000,0x00000006c0fa3788,0x00000006c5000000)
 Metaspace       used 21275K, capacity 21570K, committed 22192K, reserved 1069056K
  class space    used 2321K, capacity 2438K, committed 2560K, reserved 1048576K
GC Heap History (6 events):
Event: 11.382 GC heap before
{Heap before GC invocations=1 (full 0):
 PSYoungGen      total 76288K, used 65536K [0x000000076ad80000, 0x0000000770280000, 0x00000007c0000000)
  eden space 65536K, 100% used [0x000000076ad80000,0x000000076ed80000,0x000000076ed80000)
  from space 10752K, 0% used [0x000000076f800000,0x000000076f800000,0x0000000770280000)
  to   space 10752K, 0% used [0x000000076ed80000,0x000000076ed80000,0x000000076f800000)
 ParOldGen       total 175104K, used 0K [0x00000006c0800000, 0x00000006cb300000, 0x000000076ad80000)
  object space 175104K, 0% used [0x00000006c0800000,0x00000006c0800000,0x00000006cb300000)
 Metaspace       used 14748K, capacity 15030K, committed 15360K, reserved 1062912K
  class space    used 1891K, capacity 1978K, committed 2048K, reserved 1048576K
Event: 11.391 GC heap after
Heap after GC invocations=1 (full 0):
 PSYoungGen      total 76288K, used 4600K [0x000000076ad80000, 0x0000000770280000, 0x00000007c0000000)
  eden space 65536K, 0% used [0x000000076ad80000,0x000000076ad80000,0x000000076ed80000)
  from space 10752K, 42% used [0x000000076ed80000,0x000000076f1fe238,0x000000076f800000)
  to   space 10752K, 0% used [0x000000076f800000,0x000000076f800000,0x0000000770280000)
 ParOldGen       total 175104K, used 43K [0x00000006c0800000, 0x00000006cb300000, 0x000000076ad80000)
  object space 175104K, 0% used [0x00000006c0800000,0x00000006c080ac50,0x00000006cb300000)
 Metaspace       used 14748K, capacity 15030K, committed 15360K, reserved 1062912K
  class space    used 1891K, capacity 1978K, committed 2048K, reserved 1048576K
}
Event: 13.207 GC heap before
{Heap before GC invocations=2 (full 0):
 PSYoungGen      total 76288K, used 46880K [0x000000076ad80000, 0x0000000770280000, 0x00000007c0000000)
  eden space 65536K, 64% used [0x000000076ad80000,0x000000076d6ca160,0x000000076ed80000)
  from space 10752K, 42% used [0x000000076ed80000,0x000000076f1fe238,0x000000076f800000)
  to   space 10752K, 0% used [0x000000076f800000,0x000000076f800000,0x0000000770280000)
 ParOldGen       total 175104K, used 43K [0x00000006c0800000, 0x00000006cb300000, 0x000000076ad80000)
  object space 175104K, 0% used [0x00000006c0800000,0x00000006c080ac50,0x00000006cb300000)
 Metaspace       used 20671K, capacity 20960K, committed 21296K, reserved 1069056K
  class space    used 2292K, capacity 2405K, committed 2432K, reserved 1048576K
Event: 13.217 GC heap after
Heap after GC invocations=2 (full 0):
 PSYoungGen      total 76288K, used 8093K [0x000000076ad80000, 0x0000000770280000, 0x00000007c0000000)
  eden space 65536K, 0% used [0x000000076ad80000,0x000000076ad80000,0x000000076ed80000)
  from space 10752K, 75% used [0x000000076f800000,0x000000076ffe7568,0x0000000770280000)
  to   space 10752K, 0% used [0x000000076ed80000,0x000000076ed80000,0x000000076f800000)
 ParOldGen       total 175104K, used 51K [0x00000006c0800000, 0x00000006cb300000, 0x000000076ad80000)
  object space 175104K, 0% used [0x00000006c0800000,0x00000006c080cc50,0x00000006cb300000)
 Metaspace       used 20671K, capacity 20960K, committed 21296K, reserved 1069056K
  class space    used 2292K, capacity 2405K, committed 2432K, reserved 1048576K
}
Event: 13.217 GC heap before
{Heap before GC invocations=3 (full 1):
 PSYoungGen      total 76288K, used 8093K [0x000000076ad80000, 0x0000000770280000, 0x00000007c0000000)
  eden space 65536K, 0% used [0x000000076ad80000,0x000000076ad80000,0x000000076ed80000)
  from space 10752K, 75% used [0x000000076f800000,0x000000076ffe7568,0x0000000770280000)
  to   space 10752K, 0% used [0x000000076ed80000,0x000000076ed80000,0x000000076f800000)
 ParOldGen       total 175104K, used 51K [0x00000006c0800000, 0x00000006cb300000, 0x000000076ad80000)
  object space 175104K, 0% used [0x00000006c0800000,0x00000006c080cc50,0x00000006cb300000)
 Metaspace       used 20671K, capacity 20960K, committed 21296K, reserved 1069056K
  class space    used 2292K, capacity 2405K, committed 2432K, reserved 1048576K
Event: 13.246 GC heap after
Heap after GC invocations=3 (full 1):
 PSYoungGen      total 76288K, used 0K [0x000000076ad80000, 0x0000000770280000, 0x00000007c0000000)
  eden space 65536K, 0% used [0x000000076ad80000,0x000000076ad80000,0x000000076ed80000)
  from space 10752K, 0% used [0x000000076f800000,0x000000076f800000,0x0000000770280000)
  to   space 10752K, 0% used [0x000000076ed80000,0x000000076ed80000,0x000000076f800000)
 ParOldGen       total 73728K, used 7821K [0x00000006c0800000, 0x00000006c5000000, 0x000000076ad80000)
  object space 73728K, 10% used [0x00000006c0800000,0x00000006c0fa3788,0x00000006c5000000)
 Metaspace       used 20671K, capacity 20960K, committed 21296K, reserved 1069056K
  class space    used 2292K, capacity 2405K, committed 2432K, reserved 1048576K
}

