# JRE version: Java(TM) SE Runtime Environment (8.0_171-b11) (build 1.8.0_171-b11)
# Java VM: Java HotSpot(TM) 64-Bit Server VM (25.171-b11 mixed mode windows-amd64 compressed oops)
Heap:
 PSYoungGen      total 588800K, used 142930K [0x000000076ad80000, 0x00000007acb80000, 0x00000007c0000000)
  eden space 306688K, 17% used [0x000000076ad80000,0x000000076e3145a8,0x000000077d900000)
  from space 282112K, 31% used [0x000000077d900000,0x0000000782f00560,0x000000078ec80000)
  to   space 330752K, 0% used [0x0000000798880000,0x0000000798880000,0x00000007acb80000)
 ParOldGen       total 1993728K, used 1449348K [0x00000006c0800000, 0x000000073a300000, 0x000000076ad80000)
  object space 1993728K, 72% used [0x00000006c0800000,0x0000000718f61380,0x000000073a300000)
 Metaspace       used 21709K, capacity 21971K, committed 22528K, reserved 1069056K
  class space    used 2337K, capacity 2438K, committed 2560K, reserved 1048576K
GC Heap History (10 events):
Event: 18.634 GC heap before
{Heap before GC invocations=13 (full 4):
 PSYoungGen      total 416768K, used 415387K [0x000000076ad80000, 0x0000000795900000, 0x00000007c0000000)
  eden space 248320K, 99% used [0x000000076ad80000,0x0000000779f261d8,0x000000077a000000)
  from space 168448K, 99% used [0x0000000786600000,0x0000000790a00a40,0x0000000790a80000)
  to   space 202752K, 0% used [0x000000077a000000,0x000000077a000000,0x0000000786600000)
 ParOldGen       total 975360K, used 570807K [0x00000006c0800000, 0x00000006fc080000, 0x000000076ad80000)
  object space 975360K, 58% used [0x00000006c0800000,0x00000006e356de48,0x00000006fc080000)
 Metaspace       used 16796K, capacity 17044K, committed 17280K, reserved 1064960K
  class space    used 2087K, capacity 2170K, committed 2176K, reserved 1048576K
Event: 18.742 GC heap after
Heap after GC invocations=13 (full 4):
 PSYoungGen      total 451072K, used 201731K [0x000000076ad80000, 0x000000079d780000, 0x00000007c0000000)
  eden space 248320K, 0% used [0x000000076ad80000,0x000000076ad80000,0x000000077a000000)
  from space 202752K, 99% used [0x000000077a000000,0x0000000786500c50,0x0000000786600000)
  to   space 240640K, 0% used [0x000000078ec80000,0x000000078ec80000,0x000000079d780000)
 ParOldGen       total 975360K, used 783802K [0x00000006c0800000, 0x00000006fc080000, 0x000000076ad80000)
  object space 975360K, 80% used [0x00000006c0800000,0x00000006f056eb48,0x00000006fc080000)
 Metaspace       used 16796K, capacity 17044K, committed 17280K, reserved 1064960K
  class space    used 2087K, capacity 2170K, committed 2176K, reserved 1048576K
}
Event: 18.742 GC heap before
{Heap before GC invocations=14 (full 5):
 PSYoungGen      total 451072K, used 201731K [0x000000076ad80000, 0x000000079d780000, 0x00000007c0000000)
  eden space 248320K, 0% used [0x000000076ad80000,0x000000076ad80000,0x000000077a000000)
  from space 202752K, 99% used [0x000000077a000000,0x0000000786500c50,0x0000000786600000)
  to   space 240640K, 0% used [0x000000078ec80000,0x000000078ec80000,0x000000079d780000)
 ParOldGen       total 975360K, used 783802K [0x00000006c0800000, 0x00000006fc080000, 0x000000076ad80000)
  object space 975360K, 80% used [0x00000006c0800000,0x00000006f056eb48,0x00000006fc080000)
 Metaspace       used 16796K, capacity 17044K, committed 17280K, reserved 1064960K
  class space    used 2087K, capacity 2170K, committed 2176K, reserved 1048576K
Event: 18.986 GC heap after
Heap after GC invocations=14 (full 5):
 PSYoungGen      total 451072K, used 10240K [0x000000076ad80000, 0x000000079d780000, 0x00000007c0000000)
  eden space 248320K, 0% used [0x000000076ad80000,0x000000076ad80000,0x000000077a000000)
  from space 202752K, 5% used [0x000000077a000000,0x000000077aa000a0,0x0000000786600000)
  to   space 240640K, 0% used [0x000000078ec80000,0x000000078ec80000,0x000000079d780000)
 ParOldGen       total 1449984K, used 975229K [0x00000006c0800000, 0x0000000719000000, 0x000000076ad80000)
  object space 1449984K, 67% used [0x00000006c0800000,0x00000006fc05f690,0x0000000719000000)
 Metaspace       used 16796K, capacity 17044K, committed 17280K, reserved 1064960K
  class space    used 2087K, capacity 2170K, committed 2176K, reserved 1048576K
}
Event: 19.675 GC heap before
{Heap before GC invocations=15 (full 5):
 PSYoungGen      total 451072K, used 257750K [0x000000076ad80000, 0x000000079d780000, 0x00000007c0000000)
  eden space 248320K, 99% used [0x000000076ad80000,0x0000000779f35800,0x000000077a000000)
  from space 202752K, 5% used [0x000000077a000000,0x000000077aa000a0,0x0000000786600000)
  to   space 240640K, 0% used [0x000000078ec80000,0x000000078ec80000,0x000000079d780000)
 ParOldGen       total 1449984K, used 975229K [0x00000006c0800000, 0x0000000719000000, 0x000000076ad80000)
  object space 1449984K, 67% used [0x00000006c0800000,0x00000006fc05f690,0x0000000719000000)
 Metaspace       used 16796K, capacity 17044K, committed 17280K, reserved 1064960K
  class space    used 2087K, capacity 2170K, committed 2176K, reserved 1048576K
Event: 19.772 GC heap after
Heap after GC invocations=15 (full 5):
 PSYoungGen      total 547328K, used 239619K [0x000000076ad80000, 0x00000007a1980000, 0x00000007c0000000)
  eden space 306688K, 0% used [0x000000076ad80000,0x000000076ad80000,0x000000077d900000)
  from space 240640K, 99% used [0x000000078ec80000,0x000000079d680ea0,0x000000079d780000)
  to   space 282112K, 0% used [0x000000077d900000,0x000000077d900000,0x000000078ec80000)
 ParOldGen       total 1449984K, used 992637K [0x00000006c0800000, 0x0000000719000000, 0x000000076ad80000)
  object space 1449984K, 68% used [0x00000006c0800000,0x00000006fd15f7a0,0x0000000719000000)
 Metaspace       used 16796K, capacity 17044K, committed 17280K, reserved 1064960K
  class space    used 2087K, capacity 2170K, committed 2176K, reserved 1048576K
}
Event: 20.627 GC heap before
{Heap before GC invocations=16 (full 5):
 PSYoungGen      total 547328K, used 545620K [0x000000076ad80000, 0x00000007a1980000, 0x00000007c0000000)
  eden space 306688K, 99% used [0x000000076ad80000,0x000000077d854310,0x000000077d900000)
  from space 240640K, 99% used [0x000000078ec80000,0x000000079d680ea0,0x000000079d780000)
  to   space 282112K, 0% used [0x000000077d900000,0x000000077d900000,0x000000078ec80000)
 ParOldGen       total 1449984K, used 992637K [0x00000006c0800000, 0x0000000719000000, 0x000000076ad80000)
  object space 1449984K, 68% used [0x00000006c0800000,0x00000006fd15f7a0,0x0000000719000000)
 Metaspace       used 16796K, capacity 17044K, committed 17280K, reserved 1064960K
  class space    used 2087K, capacity 2170K, committed 2176K, reserved 1048576K
Event: 20.783 GC heap after
Heap after GC invocations=16 (full 5):
 PSYoungGen      total 588800K, used 281604K [0x000000076ad80000, 0x00000007acb80000, 0x00000007c0000000)
  eden space 306688K, 0% used [0x000000076ad80000,0x000000076ad80000,0x000000077d900000)
  from space 282112K, 99% used [0x000000077d900000,0x000000078ec01130,0x000000078ec80000)
  to   space 330752K, 0% used [0x0000000798880000,0x0000000798880000,0x00000007acb80000)
 ParOldGen       total 1449984K, used 1255809K [0x00000006c0800000, 0x0000000719000000, 0x000000076ad80000)
  object space 1449984K, 86% used [0x00000006c0800000,0x000000070d2607b0,0x0000000719000000)
 Metaspace       used 16796K, capacity 17044K, committed 17280K, reserved 1064960K
  class space    used 2087K, capacity 2170K, committed 2176K, reserved 1048576K
}
Event: 20.783 GC heap before
{Heap before GC invocations=17 (full 6):
 PSYoungGen      total 588800K, used 281604K [0x000000076ad80000, 0x00000007acb80000, 0x00000007c0000000)
  eden space 306688K, 0% used [0x000000076ad80000,0x000000076ad80000,0x000000077d900000)
  from space 282112K, 99% used [0x000000077d900000,0x000000078ec01130,0x000000078ec80000)
  to   space 330752K, 0% used [0x0000000798880000,0x0000000798880000,0x00000007acb80000)
 ParOldGen       total 1449984K, used 1255809K [0x00000006c0800000, 0x0000000719000000, 0x000000076ad80000)
  object space 1449984K, 86% used [0x00000006c0800000,0x000000070d2607b0,0x0000000719000000)
 Metaspace       used 16796K, capacity 17044K, committed 17280K, reserved 1064960K
  class space    used 2087K, capacity 2170K, committed 2176K, reserved 1048576K
Event: 20.905 GC heap after
Heap after GC invocations=17 (full 6):
 PSYoungGen      total 588800K, used 88065K [0x000000076ad80000, 0x00000007acb80000, 0x00000007c0000000)
  eden space 306688K, 0% used [0x000000076ad80000,0x000000076ad80000,0x000000077d900000)
  from space 282112K, 31% used [0x000000077d900000,0x0000000782f00560,0x000000078ec80000)
  to   space 330752K, 0% used [0x0000000798880000,0x0000000798880000,0x00000007acb80000)
 ParOldGen       total 1993728K, used 1449348K [0x00000006c0800000, 0x000000073a300000, 0x000000076ad80000)
  object space 1993728K, 72% used [0x00000006c0800000,0x0000000718f61380,0x000000073a300000)
 Metaspace       used 16796K, capacity 17044K, committed 17280K, reserved 1064960K
  class space    used 2087K, capacity 2170K, committed 2176K, reserved 1048576K
}

