# JRE version: Java(TM) SE Runtime Environment (8.0_171-b11) (build 1.8.0_171-b11)
# Java VM: Java HotSpot(TM) 64-Bit Server VM (25.171-b11 mixed mode windows-amd64 compressed oops)
Heap:
 PSYoungGen      total 31744K, used 25149K [0x000000076ad80000, 0x000000076cf00000, 0x00000007c0000000)
  eden space 29184K, 79% used [0x000000076ad80000,0x000000076c40f418,0x000000076ca00000)
  from space 2560K, 80% used [0x000000076cc80000,0x000000076ce80020,0x000000076cf00000)
  to   space 2560K, 0% used [0x000000076ca00000,0x000000076ca00000,0x000000076cc80000)
 ParOldGen       total 175104K, used 8425K [0x00000006c0800000, 0x00000006cb300000, 0x000000076ad80000)
  object space 175104K, 4% used [0x00000006c0800000,0x00000006c103a778,0x00000006cb300000)
 Metaspace       used 13508K, capacity 13692K, committed 13952K, reserved 1062912K
  class space    used 1204K, capacity 1290K, committed 1408K, reserved 1048576K
GC Heap History (10 events):
Event: 63.392 GC heap before
{Heap before GC invocations=132 (full 0):
 PSYoungGen      total 31744K, used 30269K [0x000000076ad80000, 0x000000076cf00000, 0x00000007c0000000)
  eden space 29184K, 96% used [0x000000076ad80000,0x000000076c90f468,0x000000076ca00000)
  from space 2560K, 80% used [0x000000076ca00000,0x000000076cc00020,0x000000076cc80000)
  to   space 2560K, 0% used [0x000000076cc80000,0x000000076cc80000,0x000000076cf00000)
 ParOldGen       total 175104K, used 8425K [0x00000006c0800000, 0x00000006cb300000, 0x000000076ad80000)
  object space 175104K, 4% used [0x00000006c0800000,0x00000006c103a778,0x00000006cb300000)
 Metaspace       used 13508K, capacity 13692K, committed 13952K, reserved 1062912K
  class space    used 1204K, capacity 1290K, committed 1408K, reserved 1048576K
Event: 63.393 GC heap after
Heap after GC invocations=132 (full 0):
 PSYoungGen      total 31744K, used 2048K [0x000000076ad80000, 0x000000076cf00000, 0x00000007c0000000)
  eden space 29184K, 0% used [0x000000076ad80000,0x000000076ad80000,0x000000076ca00000)
  from space 2560K, 80% used [0x000000076cc80000,0x000000076ce80020,0x000000076cf00000)
  to   space 2560K, 0% used [0x000000076ca00000,0x000000076ca00000,0x000000076cc80000)
 ParOldGen       total 175104K, used 8425K [0x00000006c0800000, 0x00000006cb300000, 0x000000076ad80000)
  object space 175104K, 4% used [0x00000006c0800000,0x00000006c103a778,0x00000006cb300000)
 Metaspace       used 13508K, capacity 13692K, committed 13952K, reserved 1062912K
  class space    used 1204K, capacity 1290K, committed 1408K, reserved 1048576K
}
Event: 63.694 GC heap before
{Heap before GC invocations=133 (full 0):
 PSYoungGen      total 31744K, used 30269K [0x000000076ad80000, 0x000000076cf00000, 0x00000007c0000000)
  eden space 29184K, 96% used [0x000000076ad80000,0x000000076c90f468,0x000000076ca00000)
  from space 2560K, 80% used [0x000000076cc80000,0x000000076ce80020,0x000000076cf00000)
  to   space 2560K, 0% used [0x000000076ca00000,0x000000076ca00000,0x000000076cc80000)
 ParOldGen       total 175104K, used 8425K [0x00000006c0800000, 0x00000006cb300000, 0x000000076ad80000)
  object space 175104K, 4% used [0x00000006c0800000,0x00000006c103a778,0x00000006cb300000)
 Metaspace       used 13508K, capacity 13692K, committed 13952K, reserved 1062912K
  class space    used 1204K, capacity 1290K, committed 1408K, reserved 1048576K
Event: 63.695 GC heap after
Heap after GC invocations=133 (full 0):
 PSYoungGen      total 31744K, used 2048K [0x000000076ad80000, 0x000000076cf00000, 0x00000007c0000000)
  eden space 29184K, 0% used [0x000000076ad80000,0x000000076ad80000,0x000000076ca00000)
  from space 2560K, 80% used [0x000000076ca00000,0x000000076cc00020,0x000000076cc80000)
  to   space 2560K, 0% used [0x000000076cc80000,0x000000076cc80000,0x000000076cf00000)
 ParOldGen       total 175104K, used 8425K [0x00000006c0800000, 0x00000006cb300000, 0x000000076ad80000)
  object space 175104K, 4% used [0x00000006c0800000,0x00000006c103a778,0x00000006cb300000)
 Metaspace       used 13508K, capacity 13692K, committed 13952K, reserved 1062912K
  class space    used 1204K, capacity 1290K, committed 1408K, reserved 1048576K
}
Event: 63.998 GC heap before
{Heap before GC invocations=134 (full 0):
 PSYoungGen      total 31744K, used 30269K [0x000000076ad80000, 0x000000076cf00000, 0x00000007c0000000)
  eden space 29184K, 96% used [0x000000076ad80000,0x000000076c90f468,0x000000076ca00000)
  from space 2560K, 80% used [0x000000076ca00000,0x000000076cc00020,0x000000076cc80000)
  to   space 2560K, 0% used [0x000000076cc80000,0x000000076cc80000,0x000000076cf00000)
 ParOldGen       total 175104K, used 8425K [0x00000006c0800000, 0x00000006cb300000, 0x000000076ad80000)
  object space 175104K, 4% used [0x00000006c0800000,0x00000006c103a778,0x00000006cb300000)
 Metaspace       used 13508K, capacity 13692K, committed 13952K, reserved 1062912K
  class space    used 1204K, capacity 1290K, committed 1408K, reserved 1048576K
Event: 64.000 GC heap after
Heap after GC invocations=134 (full 0):
 PSYoungGen      total 31744K, used 2048K [0x000000076ad80000, 0x000000076cf00000, 0x00000007c0000000)
  eden space 29184K, 0% used [0x000000076ad80000,0x000000076ad80000,0x000000076ca00000)
  from space 2560K, 80% used [0x000000076cc80000,0x000000076ce80020,0x000000076cf00000)
  to   space 2560K, 0% used [0x000000076ca00000,0x000000076ca00000,0x000000076cc80000)
 ParOldGen       total 175104K, used 8425K [0x00000006c0800000, 0x00000006cb300000, 0x000000076ad80000)
  object space 175104K, 4% used [0x00000006c0800000,0x00000006c103a778,0x00000006cb300000)
 Metaspace       used 13508K, capacity 13692K, committed 13952K, reserved 1062912K
  class space    used 1204K, capacity 1290K, committed 1408K, reserved 1048576K
}
Event: 64.360 GC heap before
{Heap before GC invocations=135 (full 0):
 PSYoungGen      total 31744K, used 30269K [0x000000076ad80000, 0x000000076cf00000, 0x00000007c0000000)
  eden space 29184K, 96% used [0x000000076ad80000,0x000000076c90f468,0x000000076ca00000)
  from space 2560K, 80% used [0x000000076cc80000,0x000000076ce80020,0x000000076cf00000)
  to   space 2560K, 0% used [0x000000076ca00000,0x000000076ca00000,0x000000076cc80000)
 ParOldGen       total 175104K, used 8425K [0x00000006c0800000, 0x00000006cb300000, 0x000000076ad80000)
  object space 175104K, 4% used [0x00000006c0800000,0x00000006c103a778,0x00000006cb300000)
 Metaspace       used 13508K, capacity 13692K, committed 13952K, reserved 1062912K
  class space    used 1204K, capacity 1290K, committed 1408K, reserved 1048576K
Event: 64.361 GC heap after
Heap after GC invocations=135 (full 0):
 PSYoungGen      total 31744K, used 2048K [0x000000076ad80000, 0x000000076cf00000, 0x00000007c0000000)
  eden space 29184K, 0% used [0x000000076ad80000,0x000000076ad80000,0x000000076ca00000)
  from space 2560K, 80% used [0x000000076ca00000,0x000000076cc00020,0x000000076cc80000)
  to   space 2560K, 0% used [0x000000076cc80000,0x000000076cc80000,0x000000076cf00000)
 ParOldGen       total 175104K, used 8425K [0x00000006c0800000, 0x00000006cb300000, 0x000000076ad80000)
  object space 175104K, 4% used [0x00000006c0800000,0x00000006c103a778,0x00000006cb300000)
 Metaspace       used 13508K, capacity 13692K, committed 13952K, reserved 1062912K
  class space    used 1204K, capacity 1290K, committed 1408K, reserved 1048576K
}
Event: 64.661 GC heap before
{Heap before GC invocations=136 (full 0):
 PSYoungGen      total 31744K, used 30269K [0x000000076ad80000, 0x000000076cf00000, 0x00000007c0000000)
  eden space 29184K, 96% used [0x000000076ad80000,0x000000076c90f468,0x000000076ca00000)
  from space 2560K, 80% used [0x000000076ca00000,0x000000076cc00020,0x000000076cc80000)
  to   space 2560K, 0% used [0x000000076cc80000,0x000000076cc80000,0x000000076cf00000)
 ParOldGen       total 175104K, used 8425K [0x00000006c0800000, 0x00000006cb300000, 0x000000076ad80000)
  object space 175104K, 4% used [0x00000006c0800000,0x00000006c103a778,0x00000006cb300000)
 Metaspace       used 13508K, capacity 13692K, committed 13952K, reserved 1062912K
  class space    used 1204K, capacity 1290K, committed 1408K, reserved 1048576K
Event: 64.662 GC heap after
Heap after GC invocations=136 (full 0):
 PSYoungGen      total 31744K, used 2048K [0x000000076ad80000, 0x000000076cf00000, 0x00000007c0000000)
  eden space 29184K, 0% used [0x000000076ad80000,0x000000076ad80000,0x000000076ca00000)
  from space 2560K, 80% used [0x000000076cc80000,0x000000076ce80020,0x000000076cf00000)
  to   space 2560K, 0% used [0x000000076ca00000,0x000000076ca00000,0x000000076cc80000)
 ParOldGen       total 175104K, used 8425K [0x00000006c0800000, 0x00000006cb300000, 0x000000076ad80000)
  object space 175104K, 4% used [0x00000006c0800000,0x00000006c103a778,0x00000006cb300000)
 Metaspace       used 13508K, capacity 13692K, committed 13952K, reserved 1062912K
  class space    used 1204K, capacity 1290K, committed 1408K, reserved 1048576K
}

