# JRE version: Java(TM) SE Runtime Environment (8.0_171-b11) (build 1.8.0_171-b11)
# Java VM: Java HotSpot(TM) 64-Bit Server VM (25.171-b11 mixed mode windows-amd64 compressed oops)
Heap:
 PSYoungGen      total 76288K, used 5064K [0x000000076ad80000, 0x0000000774280000, 0x00000007c0000000)
  eden space 65536K, 7% used [0x000000076ad80000,0x000000076b272388,0x000000076ed80000)
  from space 10752K, 0% used [0x000000076ed80000,0x000000076ed80000,0x000000076f800000)
  to   space 10752K, 0% used [0x0000000773800000,0x0000000773800000,0x0000000774280000)
 ParOldGen       total 120320K, used 23344K [0x00000006c0800000, 0x00000006c7d80000, 0x000000076ad80000)
  object space 120320K, 19% used [0x00000006c0800000,0x00000006c1ecc1b8,0x00000006c7d80000)
 Metaspace       used 21414K, capacity 21678K, committed 22016K, reserved 1069056K
  class space    used 2392K, capacity 2481K, committed 2560K, reserved 1048576K
GC Heap History (8 events):
Event: 2.957 GC heap before
{Heap before GC invocations=1 (full 0):
 PSYoungGen      total 76288K, used 65536K [0x000000076ad80000, 0x0000000770280000, 0x00000007c0000000)
  eden space 65536K, 100% used [0x000000076ad80000,0x000000076ed80000,0x000000076ed80000)
  from space 10752K, 0% used [0x000000076f800000,0x000000076f800000,0x0000000770280000)
  to   space 10752K, 0% used [0x000000076ed80000,0x000000076ed80000,0x000000076f800000)
 ParOldGen       total 175104K, used 0K [0x00000006c0800000, 0x00000006cb300000, 0x000000076ad80000)
  object space 175104K, 0% used [0x00000006c0800000,0x00000006c0800000,0x00000006cb300000)
 Metaspace       used 15710K, capacity 15949K, committed 16256K, reserved 1062912K
  class space    used 2056K, capacity 2164K, committed 2176K, reserved 1048576K
Event: 2.966 GC heap after
Heap after GC invocations=1 (full 0):
 PSYoungGen      total 76288K, used 5179K [0x000000076ad80000, 0x0000000770280000, 0x00000007c0000000)
  eden space 65536K, 0% used [0x000000076ad80000,0x000000076ad80000,0x000000076ed80000)
  from space 10752K, 48% used [0x000000076ed80000,0x000000076f28eed8,0x000000076f800000)
  to   space 10752K, 0% used [0x000000076f800000,0x000000076f800000,0x0000000770280000)
 ParOldGen       total 175104K, used 16K [0x00000006c0800000, 0x00000006cb300000, 0x000000076ad80000)
  object space 175104K, 0% used [0x00000006c0800000,0x00000006c0804000,0x00000006cb300000)
 Metaspace       used 15710K, capacity 15949K, committed 16256K, reserved 1062912K
  class space    used 2056K, capacity 2164K, committed 2176K, reserved 1048576K
}
Event: 5.073 GC heap before
{Heap before GC invocations=2 (full 0):
 PSYoungGen      total 76288K, used 70715K [0x000000076ad80000, 0x0000000770280000, 0x00000007c0000000)
  eden space 65536K, 100% used [0x000000076ad80000,0x000000076ed80000,0x000000076ed80000)
  from space 10752K, 48% used [0x000000076ed80000,0x000000076f28eed8,0x000000076f800000)
  to   space 10752K, 0% used [0x000000076f800000,0x000000076f800000,0x0000000770280000)
 ParOldGen       total 175104K, used 16K [0x00000006c0800000, 0x00000006cb300000, 0x000000076ad80000)
  object space 175104K, 0% used [0x00000006c0800000,0x00000006c0804000,0x00000006cb300000)
 Metaspace       used 20648K, capacity 20946K, committed 21248K, reserved 1069056K
  class space    used 2361K, capacity 2471K, committed 2560K, reserved 1048576K
Event: 5.096 GC heap after
Heap after GC invocations=2 (full 0):
 PSYoungGen      total 76288K, used 10742K [0x000000076ad80000, 0x0000000770280000, 0x00000007c0000000)
  eden space 65536K, 0% used [0x000000076ad80000,0x000000076ad80000,0x000000076ed80000)
  from space 10752K, 99% used [0x000000076f800000,0x000000077027dac0,0x0000000770280000)
  to   space 10752K, 0% used [0x000000076ed80000,0x000000076ed80000,0x000000076f800000)
 ParOldGen       total 175104K, used 21850K [0x00000006c0800000, 0x00000006cb300000, 0x000000076ad80000)
  object space 175104K, 12% used [0x00000006c0800000,0x00000006c1d56b18,0x00000006cb300000)
 Metaspace       used 20648K, capacity 20946K, committed 21248K, reserved 1069056K
  class space    used 2361K, capacity 2471K, committed 2560K, reserved 1048576K
}
Event: 5.113 GC heap before
{Heap before GC invocations=3 (full 0):
 PSYoungGen      total 76288K, used 12753K [0x000000076ad80000, 0x0000000770280000, 0x00000007c0000000)
  eden space 65536K, 3% used [0x000000076ad80000,0x000000076af76c88,0x000000076ed80000)
  from space 10752K, 99% used [0x000000076f800000,0x000000077027dac0,0x0000000770280000)
  to   space 10752K, 0% used [0x000000076ed80000,0x000000076ed80000,0x000000076f800000)
 ParOldGen       total 175104K, used 21850K [0x00000006c0800000, 0x00000006cb300000, 0x000000076ad80000)
  object space 175104K, 12% used [0x00000006c0800000,0x00000006c1d56b18,0x00000006cb300000)
 Metaspace       used 20792K, capacity 21074K, committed 21248K, reserved 1069056K
  class space    used 2375K, capacity 2471K, committed 2560K, reserved 1048576K
Event: 5.119 GC heap after
Heap after GC invocations=3 (full 0):
 PSYoungGen      total 76288K, used 7185K [0x000000076ad80000, 0x0000000774280000, 0x00000007c0000000)
  eden space 65536K, 0% used [0x000000076ad80000,0x000000076ad80000,0x000000076ed80000)
  from space 10752K, 66% used [0x000000076ed80000,0x000000076f4847b8,0x000000076f800000)
  to   space 10752K, 0% used [0x0000000773800000,0x0000000773800000,0x0000000774280000)
 ParOldGen       total 175104K, used 21858K [0x00000006c0800000, 0x00000006cb300000, 0x000000076ad80000)
  object space 175104K, 12% used [0x00000006c0800000,0x00000006c1d58b18,0x00000006cb300000)
 Metaspace       used 20792K, capacity 21074K, committed 21248K, reserved 1069056K
  class space    used 2375K, capacity 2471K, committed 2560K, reserved 1048576K
}
Event: 5.119 GC heap before
{Heap before GC invocations=4 (full 1):
 PSYoungGen      total 76288K, used 7185K [0x000000076ad80000, 0x0000000774280000, 0x00000007c0000000)
  eden space 65536K, 0% used [0x000000076ad80000,0x000000076ad80000,0x000000076ed80000)
  from space 10752K, 66% used [0x000000076ed80000,0x000000076f4847b8,0x000000076f800000)
  to   space 10752K, 0% used [0x0000000773800000,0x0000000773800000,0x0000000774280000)
 ParOldGen       total 175104K, used 21858K [0x00000006c0800000, 0x00000006cb300000, 0x000000076ad80000)
  object space 175104K, 12% used [0x00000006c0800000,0x00000006c1d58b18,0x00000006cb300000)
 Metaspace       used 20792K, capacity 21074K, committed 21248K, reserved 1069056K
  class space    used 2375K, capacity 2471K, committed 2560K, reserved 1048576K
Event: 5.153 GC heap after
Heap after GC invocations=4 (full 1):
 PSYoungGen      total 76288K, used 0K [0x000000076ad80000, 0x0000000774280000, 0x00000007c0000000)
  eden space 65536K, 0% used [0x000000076ad80000,0x000000076ad80000,0x000000076ed80000)
  from space 10752K, 0% used [0x000000076ed80000,0x000000076ed80000,0x000000076f800000)
  to   space 10752K, 0% used [0x0000000773800000,0x0000000773800000,0x0000000774280000)
 ParOldGen       total 120320K, used 23344K [0x00000006c0800000, 0x00000006c7d80000, 0x000000076ad80000)
  object space 120320K, 19% used [0x00000006c0800000,0x00000006c1ecc1b8,0x00000006c7d80000)
 Metaspace       used 20755K, capacity 20994K, committed 21248K, reserved 1069056K
  class space    used 2361K, capacity 2445K, committed 2560K, reserved 1048576K
}

