# JRE version: Java(TM) SE Runtime Environment (8.0_171-b11) (build 1.8.0_171-b11)
# Java VM: Java HotSpot(TM) 64-Bit Server VM (25.171-b11 mixed mode windows-amd64 compressed oops)
Heap:
 PSYoungGen      total 76288K, used 5222K [0x000000076ad80000, 0x0000000773700000, 0x00000007c0000000)
  eden space 65536K, 7% used [0x000000076ad80000,0x000000076b299a98,0x000000076ed80000)
  from space 10752K, 0% used [0x000000076ed80000,0x000000076ed80000,0x000000076f800000)
  to   space 10752K, 0% used [0x0000000772c80000,0x0000000772c80000,0x0000000773700000)
 ParOldGen       total 155648K, used 5514K [0x00000006c0800000, 0x00000006ca000000, 0x000000076ad80000)
  object space 155648K, 3% used [0x00000006c0800000,0x00000006c0d62b78,0x00000006ca000000)
 Metaspace       used 21897K, capacity 22181K, committed 22704K, reserved 1069056K
  class space    used 2371K, capacity 2473K, committed 2560K, reserved 1048576K
GC Heap History (10 events):
Event: 12.254 GC heap before
{Heap before GC invocations=1 (full 0):
 PSYoungGen      total 76288K, used 62916K [0x000000076ad80000, 0x0000000770280000, 0x00000007c0000000)
  eden space 65536K, 96% used [0x000000076ad80000,0x000000076eaf1350,0x000000076ed80000)
  from space 10752K, 0% used [0x000000076f800000,0x000000076f800000,0x0000000770280000)
  to   space 10752K, 0% used [0x000000076ed80000,0x000000076ed80000,0x000000076f800000)
 ParOldGen       total 175104K, used 0K [0x00000006c0800000, 0x00000006cb300000, 0x000000076ad80000)
  object space 175104K, 0% used [0x00000006c0800000,0x00000006c0800000,0x00000006cb300000)
 Metaspace       used 20622K, capacity 20895K, committed 21296K, reserved 1069056K
  class space    used 2229K, capacity 2344K, committed 2432K, reserved 1048576K
Event: 12.267 GC heap after
Heap after GC invocations=1 (full 0):
 PSYoungGen      total 76288K, used 8003K [0x000000076ad80000, 0x0000000770280000, 0x00000007c0000000)
  eden space 65536K, 0% used [0x000000076ad80000,0x000000076ad80000,0x000000076ed80000)
  from space 10752K, 74% used [0x000000076ed80000,0x000000076f550e38,0x000000076f800000)
  to   space 10752K, 0% used [0x000000076f800000,0x000000076f800000,0x0000000770280000)
 ParOldGen       total 175104K, used 24K [0x00000006c0800000, 0x00000006cb300000, 0x000000076ad80000)
  object space 175104K, 0% used [0x00000006c0800000,0x00000006c0806000,0x00000006cb300000)
 Metaspace       used 20622K, capacity 20895K, committed 21296K, reserved 1069056K
  class space    used 2229K, capacity 2344K, committed 2432K, reserved 1048576K
}
Event: 12.267 GC heap before
{Heap before GC invocations=2 (full 1):
 PSYoungGen      total 76288K, used 8003K [0x000000076ad80000, 0x0000000770280000, 0x00000007c0000000)
  eden space 65536K, 0% used [0x000000076ad80000,0x000000076ad80000,0x000000076ed80000)
  from space 10752K, 74% used [0x000000076ed80000,0x000000076f550e38,0x000000076f800000)
  to   space 10752K, 0% used [0x000000076f800000,0x000000076f800000,0x0000000770280000)
 ParOldGen       total 175104K, used 24K [0x00000006c0800000, 0x00000006cb300000, 0x000000076ad80000)
  object space 175104K, 0% used [0x00000006c0800000,0x00000006c0806000,0x00000006cb300000)
 Metaspace       used 20622K, capacity 20895K, committed 21296K, reserved 1069056K
  class space    used 2229K, capacity 2344K, committed 2432K, reserved 1048576K
Event: 12.304 GC heap after
Heap after GC invocations=2 (full 1):
 PSYoungGen      total 76288K, used 0K [0x000000076ad80000, 0x0000000770280000, 0x00000007c0000000)
  eden space 65536K, 0% used [0x000000076ad80000,0x000000076ad80000,0x000000076ed80000)
  from space 10752K, 0% used [0x000000076ed80000,0x000000076ed80000,0x000000076f800000)
  to   space 10752K, 0% used [0x000000076f800000,0x000000076f800000,0x0000000770280000)
 ParOldGen       total 73728K, used 7665K [0x00000006c0800000, 0x00000006c5000000, 0x000000076ad80000)
  object space 73728K, 10% used [0x00000006c0800000,0x00000006c0f7c628,0x00000006c5000000)
 Metaspace       used 20622K, capacity 20895K, committed 21296K, reserved 1069056K
  class space    used 2229K, capacity 2344K, committed 2432K, reserved 1048576K
}
Event: 12.670 GC heap before
{Heap before GC invocations=3 (full 1):
 PSYoungGen      total 76288K, used 65421K [0x000000076ad80000, 0x0000000770280000, 0x00000007c0000000)
  eden space 65536K, 99% used [0x000000076ad80000,0x000000076ed63490,0x000000076ed80000)
  from space 10752K, 0% used [0x000000076ed80000,0x000000076ed80000,0x000000076f800000)
  to   space 10752K, 0% used [0x000000076f800000,0x000000076f800000,0x0000000770280000)
 ParOldGen       total 73728K, used 7665K [0x00000006c0800000, 0x00000006c5000000, 0x000000076ad80000)
  object space 73728K, 10% used [0x00000006c0800000,0x00000006c0f7c628,0x00000006c5000000)
 Metaspace       used 21803K, capacity 22053K, committed 22448K, reserved 1069056K
  class space    used 2368K, capacity 2473K, committed 2560K, reserved 1048576K
Event: 12.682 GC heap after
Heap after GC invocations=3 (full 1):
 PSYoungGen      total 76288K, used 10746K [0x000000076ad80000, 0x0000000773800000, 0x00000007c0000000)
  eden space 65536K, 0% used [0x000000076ad80000,0x000000076ad80000,0x000000076ed80000)
  from space 10752K, 99% used [0x000000076f800000,0x000000077027ebb0,0x0000000770280000)
  to   space 10752K, 0% used [0x000000076ed80000,0x000000076ed80000,0x000000076f800000)
 ParOldGen       total 73728K, used 28771K [0x00000006c0800000, 0x00000006c5000000, 0x000000076ad80000)
  object space 73728K, 39% used [0x00000006c0800000,0x00000006c2418fc8,0x00000006c5000000)
 Metaspace       used 21803K, capacity 22053K, committed 22448K, reserved 1069056K
  class space    used 2368K, capacity 2473K, committed 2560K, reserved 1048576K
}
Event: 15.936 GC heap before
{Heap before GC invocations=4 (full 1):
 PSYoungGen      total 76288K, used 76282K [0x000000076ad80000, 0x0000000773800000, 0x00000007c0000000)
  eden space 65536K, 100% used [0x000000076ad80000,0x000000076ed80000,0x000000076ed80000)
  from space 10752K, 99% used [0x000000076f800000,0x000000077027ebb0,0x0000000770280000)
  to   space 10752K, 0% used [0x000000076ed80000,0x000000076ed80000,0x000000076f800000)
 ParOldGen       total 73728K, used 28771K [0x00000006c0800000, 0x00000006c5000000, 0x000000076ad80000)
  object space 73728K, 39% used [0x00000006c0800000,0x00000006c2418fc8,0x00000006c5000000)
 Metaspace       used 21878K, capacity 22181K, committed 22704K, reserved 1069056K
  class space    used 2369K, capacity 2473K, committed 2560K, reserved 1048576K
Event: 15.965 GC heap after
Heap after GC invocations=4 (full 1):
 PSYoungGen      total 76288K, used 10736K [0x000000076ad80000, 0x0000000773700000, 0x00000007c0000000)
  eden space 65536K, 0% used [0x000000076ad80000,0x000000076ad80000,0x000000076ed80000)
  from space 10752K, 99% used [0x000000076ed80000,0x000000076f7fc2f0,0x000000076f800000)
  to   space 10752K, 0% used [0x0000000772c80000,0x0000000772c80000,0x0000000773700000)
 ParOldGen       total 85504K, used 84642K [0x00000006c0800000, 0x00000006c5b80000, 0x000000076ad80000)
  object space 85504K, 98% used [0x00000006c0800000,0x00000006c5aa8b58,0x00000006c5b80000)
 Metaspace       used 21878K, capacity 22181K, committed 22704K, reserved 1069056K
  class space    used 2369K, capacity 2473K, committed 2560K, reserved 1048576K
}
Event: 15.965 GC heap before
{Heap before GC invocations=5 (full 2):
 PSYoungGen      total 76288K, used 10736K [0x000000076ad80000, 0x0000000773700000, 0x00000007c0000000)
  eden space 65536K, 0% used [0x000000076ad80000,0x000000076ad80000,0x000000076ed80000)
  from space 10752K, 99% used [0x000000076ed80000,0x000000076f7fc2f0,0x000000076f800000)
  to   space 10752K, 0% used [0x0000000772c80000,0x0000000772c80000,0x0000000773700000)
 ParOldGen       total 85504K, used 84642K [0x00000006c0800000, 0x00000006c5b80000, 0x000000076ad80000)
  object space 85504K, 98% used [0x00000006c0800000,0x00000006c5aa8b58,0x00000006c5b80000)
 Metaspace       used 21878K, capacity 22181K, committed 22704K, reserved 1069056K
  class space    used 2369K, capacity 2473K, committed 2560K, reserved 1048576K
Event: 15.991 GC heap after
Heap after GC invocations=5 (full 2):
 PSYoungGen      total 76288K, used 0K [0x000000076ad80000, 0x0000000773700000, 0x00000007c0000000)
  eden space 65536K, 0% used [0x000000076ad80000,0x000000076ad80000,0x000000076ed80000)
  from space 10752K, 0% used [0x000000076ed80000,0x000000076ed80000,0x000000076f800000)
  to   space 10752K, 0% used [0x0000000772c80000,0x0000000772c80000,0x0000000773700000)
 ParOldGen       total 155648K, used 5514K [0x00000006c0800000, 0x00000006ca000000, 0x000000076ad80000)
  object space 155648K, 3% used [0x00000006c0800000,0x00000006c0d62b78,0x00000006ca000000)
 Metaspace       used 21878K, capacity 22181K, committed 22704K, reserved 1069056K
  class space    used 2369K, capacity 2473K, committed 2560K, reserved 1048576K
}

