# JRE version: Java(TM) SE Runtime Environment (8.0_171-b11) (build 1.8.0_171-b11)
# Java VM: Java HotSpot(TM) 64-Bit Server VM (25.171-b11 mixed mode windows-amd64 compressed oops)
Heap:
 PSYoungGen      total 31744K, used 25149K [0x000000076ad80000, 0x000000076cf00000, 0x00000007c0000000)
  eden space 29184K, 79% used [0x000000076ad80000,0x000000076c40f418,0x000000076ca00000)
  from space 2560K, 80% used [0x000000076ca00000,0x000000076cc00020,0x000000076cc80000)
  to   space 2560K, 0% used [0x000000076cc80000,0x000000076cc80000,0x000000076cf00000)
 ParOldGen       total 175104K, used 8345K [0x00000006c0800000, 0x00000006cb300000, 0x000000076ad80000)
  object space 175104K, 4% used [0x00000006c0800000,0x00000006c10264f0,0x00000006cb300000)
 Metaspace       used 17191K, capacity 17366K, committed 17536K, reserved 1064960K
  class space    used 1730K, capacity 1808K, committed 1920K, reserved 1048576K
GC Heap History (10 events):
Event: 60.425 GC heap before
{Heap before GC invocations=117 (full 0):
 PSYoungGen      total 32256K, used 30269K [0x000000076ad80000, 0x000000076d000000, 0x00000007c0000000)
  eden space 29184K, 96% used [0x000000076ad80000,0x000000076c90f468,0x000000076ca00000)
  from space 3072K, 66% used [0x000000076cd00000,0x000000076cf00020,0x000000076d000000)
  to   space 3072K, 0% used [0x000000076ca00000,0x000000076ca00000,0x000000076cd00000)
 ParOldGen       total 175104K, used 8345K [0x00000006c0800000, 0x00000006cb300000, 0x000000076ad80000)
  object space 175104K, 4% used [0x00000006c0800000,0x00000006c10264f0,0x00000006cb300000)
 Metaspace       used 17191K, capacity 17366K, committed 17536K, reserved 1064960K
  class space    used 1730K, capacity 1808K, committed 1920K, reserved 1048576K
Event: 60.426 GC heap after
Heap after GC invocations=117 (full 0):
 PSYoungGen      total 31744K, used 2048K [0x000000076ad80000, 0x000000076cf00000, 0x00000007c0000000)
  eden space 29184K, 0% used [0x000000076ad80000,0x000000076ad80000,0x000000076ca00000)
  from space 2560K, 80% used [0x000000076ca00000,0x000000076cc00020,0x000000076cc80000)
  to   space 2560K, 0% used [0x000000076cc80000,0x000000076cc80000,0x000000076cf00000)
 ParOldGen       total 175104K, used 8345K [0x00000006c0800000, 0x00000006cb300000, 0x000000076ad80000)
  object space 175104K, 4% used [0x00000006c0800000,0x00000006c10264f0,0x00000006cb300000)
 Metaspace       used 17191K, capacity 17366K, committed 17536K, reserved 1064960K
  class space    used 1730K, capacity 1808K, committed 1920K, reserved 1048576K
}
Event: 60.793 GC heap before
{Heap before GC invocations=118 (full 0):
 PSYoungGen      total 31744K, used 30269K [0x000000076ad80000, 0x000000076cf00000, 0x00000007c0000000)
  eden space 29184K, 96% used [0x000000076ad80000,0x000000076c90f468,0x000000076ca00000)
  from space 2560K, 80% used [0x000000076ca00000,0x000000076cc00020,0x000000076cc80000)
  to   space 2560K, 0% used [0x000000076cc80000,0x000000076cc80000,0x000000076cf00000)
 ParOldGen       total 175104K, used 8345K [0x00000006c0800000, 0x00000006cb300000, 0x000000076ad80000)
  object space 175104K, 4% used [0x00000006c0800000,0x00000006c10264f0,0x00000006cb300000)
 Metaspace       used 17191K, capacity 17366K, committed 17536K, reserved 1064960K
  class space    used 1730K, capacity 1808K, committed 1920K, reserved 1048576K
Event: 60.794 GC heap after
Heap after GC invocations=118 (full 0):
 PSYoungGen      total 31744K, used 2048K [0x000000076ad80000, 0x000000076cf00000, 0x00000007c0000000)
  eden space 29184K, 0% used [0x000000076ad80000,0x000000076ad80000,0x000000076ca00000)
  from space 2560K, 80% used [0x000000076cc80000,0x000000076ce80020,0x000000076cf00000)
  to   space 2560K, 0% used [0x000000076ca00000,0x000000076ca00000,0x000000076cc80000)
 ParOldGen       total 175104K, used 8345K [0x00000006c0800000, 0x00000006cb300000, 0x000000076ad80000)
  object space 175104K, 4% used [0x00000006c0800000,0x00000006c10264f0,0x00000006cb300000)
 Metaspace       used 17191K, capacity 17366K, committed 17536K, reserved 1064960K
  class space    used 1730K, capacity 1808K, committed 1920K, reserved 1048576K
}
Event: 61.177 GC heap before
{Heap before GC invocations=119 (full 0):
 PSYoungGen      total 31744K, used 30269K [0x000000076ad80000, 0x000000076cf00000, 0x00000007c0000000)
  eden space 29184K, 96% used [0x000000076ad80000,0x000000076c90f468,0x000000076ca00000)
  from space 2560K, 80% used [0x000000076cc80000,0x000000076ce80020,0x000000076cf00000)
  to   space 2560K, 0% used [0x000000076ca00000,0x000000076ca00000,0x000000076cc80000)
 ParOldGen       total 175104K, used 8345K [0x00000006c0800000, 0x00000006cb300000, 0x000000076ad80000)
  object space 175104K, 4% used [0x00000006c0800000,0x00000006c10264f0,0x00000006cb300000)
 Metaspace       used 17191K, capacity 17366K, committed 17536K, reserved 1064960K
  class space    used 1730K, capacity 1808K, committed 1920K, reserved 1048576K
Event: 61.177 GC heap after
Heap after GC invocations=119 (full 0):
 PSYoungGen      total 31744K, used 2048K [0x000000076ad80000, 0x000000076cf00000, 0x00000007c0000000)
  eden space 29184K, 0% used [0x000000076ad80000,0x000000076ad80000,0x000000076ca00000)
  from space 2560K, 80% used [0x000000076ca00000,0x000000076cc00020,0x000000076cc80000)
  to   space 2560K, 0% used [0x000000076cc80000,0x000000076cc80000,0x000000076cf00000)
 ParOldGen       total 175104K, used 8345K [0x00000006c0800000, 0x00000006cb300000, 0x000000076ad80000)
  object space 175104K, 4% used [0x00000006c0800000,0x00000006c10264f0,0x00000006cb300000)
 Metaspace       used 17191K, capacity 17366K, committed 17536K, reserved 1064960K
  class space    used 1730K, capacity 1808K, committed 1920K, reserved 1048576K
}
Event: 61.561 GC heap before
{Heap before GC invocations=120 (full 0):
 PSYoungGen      total 31744K, used 30269K [0x000000076ad80000, 0x000000076cf00000, 0x00000007c0000000)
  eden space 29184K, 96% used [0x000000076ad80000,0x000000076c90f468,0x000000076ca00000)
  from space 2560K, 80% used [0x000000076ca00000,0x000000076cc00020,0x000000076cc80000)
  to   space 2560K, 0% used [0x000000076cc80000,0x000000076cc80000,0x000000076cf00000)
 ParOldGen       total 175104K, used 8345K [0x00000006c0800000, 0x00000006cb300000, 0x000000076ad80000)
  object space 175104K, 4% used [0x00000006c0800000,0x00000006c10264f0,0x00000006cb300000)
 Metaspace       used 17191K, capacity 17366K, committed 17536K, reserved 1064960K
  class space    used 1730K, capacity 1808K, committed 1920K, reserved 1048576K
Event: 61.562 GC heap after
Heap after GC invocations=120 (full 0):
 PSYoungGen      total 31744K, used 2048K [0x000000076ad80000, 0x000000076cf00000, 0x00000007c0000000)
  eden space 29184K, 0% used [0x000000076ad80000,0x000000076ad80000,0x000000076ca00000)
  from space 2560K, 80% used [0x000000076cc80000,0x000000076ce80020,0x000000076cf00000)
  to   space 2560K, 0% used [0x000000076ca00000,0x000000076ca00000,0x000000076cc80000)
 ParOldGen       total 175104K, used 8345K [0x00000006c0800000, 0x00000006cb300000, 0x000000076ad80000)
  object space 175104K, 4% used [0x00000006c0800000,0x00000006c10264f0,0x00000006cb300000)
 Metaspace       used 17191K, capacity 17366K, committed 17536K, reserved 1064960K
  class space    used 1730K, capacity 1808K, committed 1920K, reserved 1048576K
}
Event: 61.911 GC heap before
{Heap before GC invocations=121 (full 0):
 PSYoungGen      total 31744K, used 30269K [0x000000076ad80000, 0x000000076cf00000, 0x00000007c0000000)
  eden space 29184K, 96% used [0x000000076ad80000,0x000000076c90f468,0x000000076ca00000)
  from space 2560K, 80% used [0x000000076cc80000,0x000000076ce80020,0x000000076cf00000)
  to   space 2560K, 0% used [0x000000076ca00000,0x000000076ca00000,0x000000076cc80000)
 ParOldGen       total 175104K, used 8345K [0x00000006c0800000, 0x00000006cb300000, 0x000000076ad80000)
  object space 175104K, 4% used [0x00000006c0800000,0x00000006c10264f0,0x00000006cb300000)
 Metaspace       used 17191K, capacity 17366K, committed 17536K, reserved 1064960K
  class space    used 1730K, capacity 1808K, committed 1920K, reserved 1048576K
Event: 61.912 GC heap after
Heap after GC invocations=121 (full 0):
 PSYoungGen      total 31744K, used 2048K [0x000000076ad80000, 0x000000076cf00000, 0x00000007c0000000)
  eden space 29184K, 0% used [0x000000076ad80000,0x000000076ad80000,0x000000076ca00000)
  from space 2560K, 80% used [0x000000076ca00000,0x000000076cc00020,0x000000076cc80000)
  to   space 2560K, 0% used [0x000000076cc80000,0x000000076cc80000,0x000000076cf00000)
 ParOldGen       total 175104K, used 8345K [0x00000006c0800000, 0x00000006cb300000, 0x000000076ad80000)
  object space 175104K, 4% used [0x00000006c0800000,0x00000006c10264f0,0x00000006cb300000)
 Metaspace       used 17191K, capacity 17366K, committed 17536K, reserved 1064960K
  class space    used 1730K, capacity 1808K, committed 1920K, reserved 1048576K
}

