# JRE version: Java(TM) SE Runtime Environment (8.0_171-b11) (build 1.8.0_171-b11)
# Java VM: Java HotSpot(TM) 64-Bit Server VM (25.171-b11 mixed mode windows-amd64 compressed oops)
Heap:
 PSYoungGen      total 76288K, used 1070K [0x000000076ad80000, 0x0000000773180000, 0x00000007c0000000)
  eden space 65536K, 1% used [0x000000076ad80000,0x000000076ae8ba90,0x000000076ed80000)
  from space 10752K, 0% used [0x000000076ed80000,0x000000076ed80000,0x000000076f800000)
  to   space 10752K, 0% used [0x0000000772700000,0x0000000772700000,0x0000000773180000)
 ParOldGen       total 159744K, used 5510K [0x00000006c0800000, 0x00000006ca400000, 0x000000076ad80000)
  object space 159744K, 3% used [0x00000006c0800000,0x00000006c0d619a0,0x00000006ca400000)
 Metaspace       used 21884K, capacity 22121K, committed 22704K, reserved 1069056K
  class space    used 2372K, capacity 2473K, committed 2560K, reserved 1048576K
GC Heap History (10 events):
Event: 7.654 GC heap before
{Heap before GC invocations=1 (full 0):
 PSYoungGen      total 76288K, used 63336K [0x000000076ad80000, 0x0000000770280000, 0x00000007c0000000)
  eden space 65536K, 96% used [0x000000076ad80000,0x000000076eb5a2b8,0x000000076ed80000)
  from space 10752K, 0% used [0x000000076f800000,0x000000076f800000,0x0000000770280000)
  to   space 10752K, 0% used [0x000000076ed80000,0x000000076ed80000,0x000000076f800000)
 ParOldGen       total 175104K, used 0K [0x00000006c0800000, 0x00000006cb300000, 0x000000076ad80000)
  object space 175104K, 0% used [0x00000006c0800000,0x00000006c0800000,0x00000006cb300000)
 Metaspace       used 20654K, capacity 20899K, committed 21296K, reserved 1069056K
  class space    used 2239K, capacity 2344K, committed 2432K, reserved 1048576K
Event: 7.667 GC heap after
Heap after GC invocations=1 (full 0):
 PSYoungGen      total 76288K, used 7985K [0x000000076ad80000, 0x0000000770280000, 0x00000007c0000000)
  eden space 65536K, 0% used [0x000000076ad80000,0x000000076ad80000,0x000000076ed80000)
  from space 10752K, 74% used [0x000000076ed80000,0x000000076f54c770,0x000000076f800000)
  to   space 10752K, 0% used [0x000000076f800000,0x000000076f800000,0x0000000770280000)
 ParOldGen       total 175104K, used 24K [0x00000006c0800000, 0x00000006cb300000, 0x000000076ad80000)
  object space 175104K, 0% used [0x00000006c0800000,0x00000006c0806000,0x00000006cb300000)
 Metaspace       used 20654K, capacity 20899K, committed 21296K, reserved 1069056K
  class space    used 2239K, capacity 2344K, committed 2432K, reserved 1048576K
}
Event: 7.667 GC heap before
{Heap before GC invocations=2 (full 1):
 PSYoungGen      total 76288K, used 7985K [0x000000076ad80000, 0x0000000770280000, 0x00000007c0000000)
  eden space 65536K, 0% used [0x000000076ad80000,0x000000076ad80000,0x000000076ed80000)
  from space 10752K, 74% used [0x000000076ed80000,0x000000076f54c770,0x000000076f800000)
  to   space 10752K, 0% used [0x000000076f800000,0x000000076f800000,0x0000000770280000)
 ParOldGen       total 175104K, used 24K [0x00000006c0800000, 0x00000006cb300000, 0x000000076ad80000)
  object space 175104K, 0% used [0x00000006c0800000,0x00000006c0806000,0x00000006cb300000)
 Metaspace       used 20654K, capacity 20899K, committed 21296K, reserved 1069056K
  class space    used 2239K, capacity 2344K, committed 2432K, reserved 1048576K
Event: 7.704 GC heap after
Heap after GC invocations=2 (full 1):
 PSYoungGen      total 76288K, used 0K [0x000000076ad80000, 0x0000000770280000, 0x00000007c0000000)
  eden space 65536K, 0% used [0x000000076ad80000,0x000000076ad80000,0x000000076ed80000)
  from space 10752K, 0% used [0x000000076ed80000,0x000000076ed80000,0x000000076f800000)
  to   space 10752K, 0% used [0x000000076f800000,0x000000076f800000,0x0000000770280000)
 ParOldGen       total 73728K, used 7674K [0x00000006c0800000, 0x00000006c5000000, 0x000000076ad80000)
  object space 73728K, 10% used [0x00000006c0800000,0x00000006c0f7e9a0,0x00000006c5000000)
 Metaspace       used 20654K, capacity 20899K, committed 21296K, reserved 1069056K
  class space    used 2239K, capacity 2344K, committed 2432K, reserved 1048576K
}
Event: 8.030 GC heap before
{Heap before GC invocations=3 (full 1):
 PSYoungGen      total 76288K, used 64798K [0x000000076ad80000, 0x0000000770280000, 0x00000007c0000000)
  eden space 65536K, 98% used [0x000000076ad80000,0x000000076ecc7ac8,0x000000076ed80000)
  from space 10752K, 0% used [0x000000076ed80000,0x000000076ed80000,0x000000076f800000)
  to   space 10752K, 0% used [0x000000076f800000,0x000000076f800000,0x0000000770280000)
 ParOldGen       total 73728K, used 7674K [0x00000006c0800000, 0x00000006c5000000, 0x000000076ad80000)
  object space 73728K, 10% used [0x00000006c0800000,0x00000006c0f7e9a0,0x00000006c5000000)
 Metaspace       used 21784K, capacity 22057K, committed 22448K, reserved 1069056K
  class space    used 2369K, capacity 2473K, committed 2560K, reserved 1048576K
Event: 8.041 GC heap after
Heap after GC invocations=3 (full 1):
 PSYoungGen      total 76288K, used 10749K [0x000000076ad80000, 0x0000000773400000, 0x00000007c0000000)
  eden space 65536K, 0% used [0x000000076ad80000,0x000000076ad80000,0x000000076ed80000)
  from space 10752K, 99% used [0x000000076f800000,0x000000077027f480,0x0000000770280000)
  to   space 10752K, 0% used [0x000000076ed80000,0x000000076ed80000,0x000000076f800000)
 ParOldGen       total 73728K, used 28866K [0x00000006c0800000, 0x00000006c5000000, 0x000000076ad80000)
  object space 73728K, 39% used [0x00000006c0800000,0x00000006c2430930,0x00000006c5000000)
 Metaspace       used 21784K, capacity 22057K, committed 22448K, reserved 1069056K
  class space    used 2369K, capacity 2473K, committed 2560K, reserved 1048576K
}
Event: 13.076 GC heap before
{Heap before GC invocations=4 (full 1):
 PSYoungGen      total 76288K, used 76285K [0x000000076ad80000, 0x0000000773400000, 0x00000007c0000000)
  eden space 65536K, 100% used [0x000000076ad80000,0x000000076ed80000,0x000000076ed80000)
  from space 10752K, 99% used [0x000000076f800000,0x000000077027f480,0x0000000770280000)
  to   space 10752K, 0% used [0x000000076ed80000,0x000000076ed80000,0x000000076f800000)
 ParOldGen       total 73728K, used 28866K [0x00000006c0800000, 0x00000006c5000000, 0x000000076ad80000)
  object space 73728K, 39% used [0x00000006c0800000,0x00000006c2430930,0x00000006c5000000)
 Metaspace       used 21880K, capacity 22121K, committed 22704K, reserved 1069056K
  class space    used 2371K, capacity 2473K, committed 2560K, reserved 1048576K
Event: 13.114 GC heap after
Heap after GC invocations=4 (full 1):
 PSYoungGen      total 76288K, used 10734K [0x000000076ad80000, 0x0000000773180000, 0x00000007c0000000)
  eden space 65536K, 0% used [0x000000076ad80000,0x000000076ad80000,0x000000076ed80000)
  from space 10752K, 99% used [0x000000076ed80000,0x000000076f7fb9b0,0x000000076f800000)
  to   space 10752K, 0% used [0x0000000772700000,0x0000000772700000,0x0000000773180000)
 ParOldGen       total 87552K, used 85954K [0x00000006c0800000, 0x00000006c5d80000, 0x000000076ad80000)
  object space 87552K, 98% used [0x00000006c0800000,0x00000006c5bf0960,0x00000006c5d80000)
 Metaspace       used 21880K, capacity 22121K, committed 22704K, reserved 1069056K
  class space    used 2371K, capacity 2473K, committed 2560K, reserved 1048576K
}
Event: 13.114 GC heap before
{Heap before GC invocations=5 (full 2):
 PSYoungGen      total 76288K, used 10734K [0x000000076ad80000, 0x0000000773180000, 0x00000007c0000000)
  eden space 65536K, 0% used [0x000000076ad80000,0x000000076ad80000,0x000000076ed80000)
  from space 10752K, 99% used [0x000000076ed80000,0x000000076f7fb9b0,0x000000076f800000)
  to   space 10752K, 0% used [0x0000000772700000,0x0000000772700000,0x0000000773180000)
 ParOldGen       total 87552K, used 85954K [0x00000006c0800000, 0x00000006c5d80000, 0x000000076ad80000)
  object space 87552K, 98% used [0x00000006c0800000,0x00000006c5bf0960,0x00000006c5d80000)
 Metaspace       used 21880K, capacity 22121K, committed 22704K, reserved 1069056K
  class space    used 2371K, capacity 2473K, committed 2560K, reserved 1048576K
Event: 13.154 GC heap after
Heap after GC invocations=5 (full 2):
 PSYoungGen      total 76288K, used 0K [0x000000076ad80000, 0x0000000773180000, 0x00000007c0000000)
  eden space 65536K, 0% used [0x000000076ad80000,0x000000076ad80000,0x000000076ed80000)
  from space 10752K, 0% used [0x000000076ed80000,0x000000076ed80000,0x000000076f800000)
  to   space 10752K, 0% used [0x0000000772700000,0x0000000772700000,0x0000000773180000)
 ParOldGen       total 159744K, used 5510K [0x00000006c0800000, 0x00000006ca400000, 0x000000076ad80000)
  object space 159744K, 3% used [0x00000006c0800000,0x00000006c0d619a0,0x00000006ca400000)
 Metaspace       used 21880K, capacity 22121K, committed 22704K, reserved 1069056K
  class space    used 2371K, capacity 2473K, committed 2560K, reserved 1048576K
}

