# JRE version: Java(TM) SE Runtime Environment (8.0_171-b11) (build 1.8.0_171-b11)
# Java VM: Java HotSpot(TM) 64-Bit Server VM (25.171-b11 mixed mode windows-amd64 compressed oops)
Heap:
 PSYoungGen      total 489984K, used 218110K [0x000000076ad80000, 0x000000079c280000, 0x00000007c0000000)
  eden space 328192K, 38% used [0x000000076ad80000,0x000000077297f5c8,0x000000077ee00000)
  from space 161792K, 56% used [0x000000077ee00000,0x0000000784700590,0x0000000788c00000)
  to   space 195072K, 0% used [0x0000000790400000,0x0000000790400000,0x000000079c280000)
 ParOldGen       total 964608K, used 579528K [0x00000006c0800000, 0x00000006fb600000, 0x000000076ad80000)
  object space 964608K, 60% used [0x00000006c0800000,0x00000006e3df2168,0x00000006fb600000)
 Metaspace       used 22305K, capacity 22567K, committed 22784K, reserved 1069056K
  class space    used 2418K, capacity 2515K, committed 2560K, reserved 1048576K
GC Heap History (10 events):
Event: 14.612 GC heap before
{Heap before GC invocations=13 (full 3):
 PSYoungGen      total 424448K, used 251072K [0x000000076ad80000, 0x0000000791580000, 0x00000007c0000000)
  eden space 250880K, 100% used [0x000000076ad80000,0x000000077a280000,0x000000077a280000)
  from space 173568K, 0% used [0x000000077a280000,0x000000077a2b0000,0x0000000784c00000)
  to   space 166912K, 0% used [0x0000000787280000,0x0000000787280000,0x0000000791580000)
 ParOldGen       total 579584K, used 259043K [0x00000006c0800000, 0x00000006e3e00000, 0x000000076ad80000)
  object space 579584K, 44% used [0x00000006c0800000,0x00000006d04f8df0,0x00000006e3e00000)
 Metaspace       used 17368K, capacity 17630K, committed 17920K, reserved 1064960K
  class space    used 2164K, capacity 2244K, committed 2304K, reserved 1048576K
Event: 14.614 GC heap after
Heap after GC invocations=13 (full 3):
 PSYoungGen      total 441344K, used 192K [0x000000076ad80000, 0x0000000790400000, 0x00000007c0000000)
  eden space 292352K, 0% used [0x000000076ad80000,0x000000076ad80000,0x000000077cb00000)
  from space 148992K, 0% used [0x0000000787280000,0x00000007872b0000,0x0000000790400000)
  to   space 160256K, 0% used [0x000000077cb00000,0x000000077cb00000,0x0000000786780000)
 ParOldGen       total 579584K, used 259043K [0x00000006c0800000, 0x00000006e3e00000, 0x000000076ad80000)
  object space 579584K, 44% used [0x00000006c0800000,0x00000006d04f8df0,0x00000006e3e00000)
 Metaspace       used 17368K, capacity 17630K, committed 17920K, reserved 1064960K
  class space    used 2164K, capacity 2244K, committed 2304K, reserved 1048576K
}
Event: 14.896 GC heap before
{Heap before GC invocations=14 (full 3):
 PSYoungGen      total 441344K, used 292544K [0x000000076ad80000, 0x0000000790400000, 0x00000007c0000000)
  eden space 292352K, 100% used [0x000000076ad80000,0x000000077cb00000,0x000000077cb00000)
  from space 148992K, 0% used [0x0000000787280000,0x00000007872b0000,0x0000000790400000)
  to   space 160256K, 0% used [0x000000077cb00000,0x000000077cb00000,0x0000000786780000)
 ParOldGen       total 579584K, used 259043K [0x00000006c0800000, 0x00000006e3e00000, 0x000000076ad80000)
  object space 579584K, 44% used [0x00000006c0800000,0x00000006d04f8df0,0x00000006e3e00000)
 Metaspace       used 17369K, capacity 17630K, committed 17920K, reserved 1064960K
  class space    used 2164K, capacity 2244K, committed 2304K, reserved 1048576K
Event: 14.899 GC heap after
Heap after GC invocations=14 (full 3):
 PSYoungGen      total 452608K, used 192K [0x000000076ad80000, 0x0000000792200000, 0x00000007c0000000)
  eden space 292352K, 0% used [0x000000076ad80000,0x000000076ad80000,0x000000077cb00000)
  from space 160256K, 0% used [0x000000077cb00000,0x000000077cb30000,0x0000000786780000)
  to   space 153600K, 0% used [0x0000000788c00000,0x0000000788c00000,0x0000000792200000)
 ParOldGen       total 579584K, used 259043K [0x00000006c0800000, 0x00000006e3e00000, 0x000000076ad80000)
  object space 579584K, 44% used [0x00000006c0800000,0x00000006d04f8df0,0x00000006e3e00000)
 Metaspace       used 17369K, capacity 17630K, committed 17920K, reserved 1064960K
  class space    used 2164K, capacity 2244K, committed 2304K, reserved 1048576K
}
Event: 15.392 GC heap before
{Heap before GC invocations=15 (full 3):
 PSYoungGen      total 452608K, used 292222K [0x000000076ad80000, 0x0000000792200000, 0x00000007c0000000)
  eden space 292352K, 99% used [0x000000076ad80000,0x000000077caafaf0,0x000000077cb00000)
  from space 160256K, 0% used [0x000000077cb00000,0x000000077cb30000,0x0000000786780000)
  to   space 153600K, 0% used [0x0000000788c00000,0x0000000788c00000,0x0000000792200000)
 ParOldGen       total 579584K, used 259043K [0x00000006c0800000, 0x00000006e3e00000, 0x000000076ad80000)
  object space 579584K, 44% used [0x00000006c0800000,0x00000006d04f8df0,0x00000006e3e00000)
 Metaspace       used 17378K, capacity 17630K, committed 17920K, reserved 1064960K
  class space    used 2164K, capacity 2244K, committed 2304K, reserved 1048576K
Event: 15.415 GC heap after
Heap after GC invocations=15 (full 3):
 PSYoungGen      total 481792K, used 85217K [0x000000076ad80000, 0x0000000793d80000, 0x00000007c0000000)
  eden space 328192K, 0% used [0x000000076ad80000,0x000000076ad80000,0x000000077ee00000)
  from space 153600K, 55% used [0x0000000788c00000,0x000000078df38530,0x0000000792200000)
  to   space 161792K, 0% used [0x000000077ee00000,0x000000077ee00000,0x0000000788c00000)
 ParOldGen       total 579584K, used 259051K [0x00000006c0800000, 0x00000006e3e00000, 0x000000076ad80000)
  object space 579584K, 44% used [0x00000006c0800000,0x00000006d04fadf0,0x00000006e3e00000)
 Metaspace       used 17378K, capacity 17630K, committed 17920K, reserved 1064960K
  class space    used 2164K, capacity 2244K, committed 2304K, reserved 1048576K
}
Event: 16.331 GC heap before
{Heap before GC invocations=16 (full 3):
 PSYoungGen      total 481792K, used 412416K [0x000000076ad80000, 0x0000000793d80000, 0x00000007c0000000)
  eden space 328192K, 99% used [0x000000076ad80000,0x000000077ed07d20,0x000000077ee00000)
  from space 153600K, 55% used [0x0000000788c00000,0x000000078df38530,0x0000000792200000)
  to   space 161792K, 0% used [0x000000077ee00000,0x000000077ee00000,0x0000000788c00000)
 ParOldGen       total 579584K, used 259051K [0x00000006c0800000, 0x00000006e3e00000, 0x000000076ad80000)
  object space 579584K, 44% used [0x00000006c0800000,0x00000006d04fadf0,0x00000006e3e00000)
 Metaspace       used 17379K, capacity 17630K, committed 17920K, reserved 1064960K
  class space    used 2164K, capacity 2244K, committed 2304K, reserved 1048576K
Event: 16.428 GC heap after
Heap after GC invocations=16 (full 3):
 PSYoungGen      total 489984K, used 160930K [0x000000076ad80000, 0x000000079c280000, 0x00000007c0000000)
  eden space 328192K, 0% used [0x000000076ad80000,0x000000076ad80000,0x000000077ee00000)
  from space 161792K, 99% used [0x000000077ee00000,0x0000000788b289d0,0x0000000788c00000)
  to   space 195072K, 0% used [0x0000000790400000,0x0000000790400000,0x000000079c280000)
 ParOldGen       total 579584K, used 509935K [0x00000006c0800000, 0x00000006e3e00000, 0x000000076ad80000)
  object space 579584K, 87% used [0x00000006c0800000,0x00000006df9fbd40,0x00000006e3e00000)
 Metaspace       used 17379K, capacity 17630K, committed 17920K, reserved 1064960K
  class space    used 2164K, capacity 2244K, committed 2304K, reserved 1048576K
}
Event: 16.428 GC heap before
{Heap before GC invocations=17 (full 4):
 PSYoungGen      total 489984K, used 160930K [0x000000076ad80000, 0x000000079c280000, 0x00000007c0000000)
  eden space 328192K, 0% used [0x000000076ad80000,0x000000076ad80000,0x000000077ee00000)
  from space 161792K, 99% used [0x000000077ee00000,0x0000000788b289d0,0x0000000788c00000)
  to   space 195072K, 0% used [0x0000000790400000,0x0000000790400000,0x000000079c280000)
 ParOldGen       total 579584K, used 509935K [0x00000006c0800000, 0x00000006e3e00000, 0x000000076ad80000)
  object space 579584K, 87% used [0x00000006c0800000,0x00000006df9fbd40,0x00000006e3e00000)
 Metaspace       used 17379K, capacity 17630K, committed 17920K, reserved 1064960K
  class space    used 2164K, capacity 2244K, committed 2304K, reserved 1048576K
Event: 16.552 GC heap after
Heap after GC invocations=17 (full 4):
 PSYoungGen      total 489984K, used 91137K [0x000000076ad80000, 0x000000079c280000, 0x00000007c0000000)
  eden space 328192K, 0% used [0x000000076ad80000,0x000000076ad80000,0x000000077ee00000)
  from space 161792K, 56% used [0x000000077ee00000,0x0000000784700590,0x0000000788c00000)
  to   space 195072K, 0% used [0x0000000790400000,0x0000000790400000,0x000000079c280000)
 ParOldGen       total 964608K, used 579528K [0x00000006c0800000, 0x00000006fb600000, 0x000000076ad80000)
  object space 964608K, 60% used [0x00000006c0800000,0x00000006e3df2168,0x00000006fb600000)
 Metaspace       used 17379K, capacity 17630K, committed 17920K, reserved 1064960K
  class space    used 2164K, capacity 2244K, committed 2304K, reserved 1048576K
}

