# JRE version: Java(TM) SE Runtime Environment (8.0_171-b11) (build 1.8.0_171-b11)
# Java VM: Java HotSpot(TM) 64-Bit Server VM (25.171-b11 mixed mode windows-amd64 compressed oops)
Heap:
 PSYoungGen      total 76288K, used 9687K [0x000000076ad80000, 0x0000000770280000, 0x00000007c0000000)
  eden space 65536K, 14% used [0x000000076ad80000,0x000000076b6f5e98,0x000000076ed80000)
  from space 10752K, 0% used [0x000000076f800000,0x000000076f800000,0x0000000770280000)
  to   space 10752K, 0% used [0x000000076ed80000,0x000000076ed80000,0x000000076f800000)
 ParOldGen       total 75776K, used 9598K [0x00000006c0800000, 0x00000006c5200000, 0x000000076ad80000)
  object space 75776K, 12% used [0x00000006c0800000,0x00000006c115f830,0x00000006c5200000)
 Metaspace       used 21951K, capacity 22226K, committed 22528K, reserved 1069056K
  class space    used 2415K, capacity 2515K, committed 2560K, reserved 1048576K
GC Heap History (6 events):
Event: 8.390 GC heap before
{Heap before GC invocations=1 (full 0):
 PSYoungGen      total 76288K, used 65536K [0x000000076ad80000, 0x0000000770280000, 0x00000007c0000000)
  eden space 65536K, 100% used [0x000000076ad80000,0x000000076ed80000,0x000000076ed80000)
  from space 10752K, 0% used [0x000000076f800000,0x000000076f800000,0x0000000770280000)
  to   space 10752K, 0% used [0x000000076ed80000,0x000000076ed80000,0x000000076f800000)
 ParOldGen       total 175104K, used 0K [0x00000006c0800000, 0x00000006cb300000, 0x000000076ad80000)
  object space 175104K, 0% used [0x00000006c0800000,0x00000006c0800000,0x00000006cb300000)
 Metaspace       used 14999K, capacity 15232K, committed 15360K, reserved 1062912K
  class space    used 1939K, capacity 2036K, committed 2048K, reserved 1048576K
Event: 8.399 GC heap after
Heap after GC invocations=1 (full 0):
 PSYoungGen      total 76288K, used 5128K [0x000000076ad80000, 0x0000000770280000, 0x00000007c0000000)
  eden space 65536K, 0% used [0x000000076ad80000,0x000000076ad80000,0x000000076ed80000)
  from space 10752K, 47% used [0x000000076ed80000,0x000000076f282228,0x000000076f800000)
  to   space 10752K, 0% used [0x000000076f800000,0x000000076f800000,0x0000000770280000)
 ParOldGen       total 175104K, used 39K [0x00000006c0800000, 0x00000006cb300000, 0x000000076ad80000)
  object space 175104K, 0% used [0x00000006c0800000,0x00000006c0809c60,0x00000006cb300000)
 Metaspace       used 14999K, capacity 15232K, committed 15360K, reserved 1062912K
  class space    used 1939K, capacity 2036K, committed 2048K, reserved 1048576K
}
Event: 10.250 GC heap before
{Heap before GC invocations=2 (full 0):
 PSYoungGen      total 76288K, used 51100K [0x000000076ad80000, 0x0000000770280000, 0x00000007c0000000)
  eden space 65536K, 70% used [0x000000076ad80000,0x000000076da64ea0,0x000000076ed80000)
  from space 10752K, 47% used [0x000000076ed80000,0x000000076f282228,0x000000076f800000)
  to   space 10752K, 0% used [0x000000076f800000,0x000000076f800000,0x0000000770280000)
 ParOldGen       total 175104K, used 39K [0x00000006c0800000, 0x00000006cb300000, 0x000000076ad80000)
  object space 175104K, 0% used [0x00000006c0800000,0x00000006c0809c60,0x00000006cb300000)
 Metaspace       used 20711K, capacity 21038K, committed 21248K, reserved 1069056K
  class space    used 2371K, capacity 2483K, committed 2560K, reserved 1048576K
Event: 10.262 GC heap after
Heap after GC invocations=2 (full 0):
 PSYoungGen      total 76288K, used 10723K [0x000000076ad80000, 0x0000000770280000, 0x00000007c0000000)
  eden space 65536K, 0% used [0x000000076ad80000,0x000000076ad80000,0x000000076ed80000)
  from space 10752K, 99% used [0x000000076f800000,0x0000000770278d70,0x0000000770280000)
  to   space 10752K, 0% used [0x000000076ed80000,0x000000076ed80000,0x000000076f800000)
 ParOldGen       total 175104K, used 179K [0x00000006c0800000, 0x00000006cb300000, 0x000000076ad80000)
  object space 175104K, 0% used [0x00000006c0800000,0x00000006c082cd18,0x00000006cb300000)
 Metaspace       used 20711K, capacity 21038K, committed 21248K, reserved 1069056K
  class space    used 2371K, capacity 2483K, committed 2560K, reserved 1048576K
}
Event: 10.262 GC heap before
{Heap before GC invocations=3 (full 1):
 PSYoungGen      total 76288K, used 10723K [0x000000076ad80000, 0x0000000770280000, 0x00000007c0000000)
  eden space 65536K, 0% used [0x000000076ad80000,0x000000076ad80000,0x000000076ed80000)
  from space 10752K, 99% used [0x000000076f800000,0x0000000770278d70,0x0000000770280000)
  to   space 10752K, 0% used [0x000000076ed80000,0x000000076ed80000,0x000000076f800000)
 ParOldGen       total 175104K, used 179K [0x00000006c0800000, 0x00000006cb300000, 0x000000076ad80000)
  object space 175104K, 0% used [0x00000006c0800000,0x00000006c082cd18,0x00000006cb300000)
 Metaspace       used 20711K, capacity 21038K, committed 21248K, reserved 1069056K
  class space    used 2371K, capacity 2483K, committed 2560K, reserved 1048576K
Event: 10.297 GC heap after
Heap after GC invocations=3 (full 1):
 PSYoungGen      total 76288K, used 0K [0x000000076ad80000, 0x0000000770280000, 0x00000007c0000000)
  eden space 65536K, 0% used [0x000000076ad80000,0x000000076ad80000,0x000000076ed80000)
  from space 10752K, 0% used [0x000000076f800000,0x000000076f800000,0x0000000770280000)
  to   space 10752K, 0% used [0x000000076ed80000,0x000000076ed80000,0x000000076f800000)
 ParOldGen       total 75776K, used 9598K [0x00000006c0800000, 0x00000006c5200000, 0x000000076ad80000)
  object space 75776K, 12% used [0x00000006c0800000,0x00000006c115f830,0x00000006c5200000)
 Metaspace       used 20659K, capacity 20930K, committed 21248K, reserved 1069056K
  class space    used 2351K, capacity 2445K, committed 2560K, reserved 1048576K
}

