# JRE version: Java(TM) SE Runtime Environment (8.0_171-b11) (build 1.8.0_171-b11)
# Java VM: Java HotSpot(TM) 64-Bit Server VM (25.171-b11 mixed mode windows-amd64 compressed oops)
Heap:
 PSYoungGen      total 76288K, used 3211K [0x000000076ad80000, 0x0000000770280000, 0x00000007c0000000)
  eden space 65536K, 4% used [0x000000076ad80000,0x000000076b0a2cd8,0x000000076ed80000)
  from space 10752K, 0% used [0x000000076f800000,0x000000076f800000,0x0000000770280000)
  to   space 10752K, 0% used [0x000000076ed80000,0x000000076ed80000,0x000000076f800000)
 ParOldGen       total 164352K, used 28551K [0x00000006c0800000, 0x00000006ca880000, 0x000000076ad80000)
  object space 164352K, 17% used [0x00000006c0800000,0x00000006c23e1d50,0x00000006ca880000)
 Metaspace       used 21134K, capacity 21450K, committed 21808K, reserved 1069056K
  class space    used 2293K, capacity 2374K, committed 2432K, reserved 1048576K
GC Heap History (6 events):
Event: 3.575 GC heap before
{Heap before GC invocations=1 (full 0):
 PSYoungGen      total 76288K, used 65536K [0x000000076ad80000, 0x0000000770280000, 0x00000007c0000000)
  eden space 65536K, 100% used [0x000000076ad80000,0x000000076ed80000,0x000000076ed80000)
  from space 10752K, 0% used [0x000000076f800000,0x000000076f800000,0x0000000770280000)
  to   space 10752K, 0% used [0x000000076ed80000,0x000000076ed80000,0x000000076f800000)
 ParOldGen       total 175104K, used 0K [0x00000006c0800000, 0x00000006cb300000, 0x000000076ad80000)
  object space 175104K, 0% used [0x00000006c0800000,0x00000006c0800000,0x00000006cb300000)
 Metaspace       used 15800K, capacity 15979K, committed 16256K, reserved 1062912K
  class space    used 2000K, capacity 2074K, committed 2176K, reserved 1048576K
Event: 3.585 GC heap after
Heap after GC invocations=1 (full 0):
 PSYoungGen      total 76288K, used 5026K [0x000000076ad80000, 0x0000000770280000, 0x00000007c0000000)
  eden space 65536K, 0% used [0x000000076ad80000,0x000000076ad80000,0x000000076ed80000)
  from space 10752K, 46% used [0x000000076ed80000,0x000000076f268858,0x000000076f800000)
  to   space 10752K, 0% used [0x000000076f800000,0x000000076f800000,0x0000000770280000)
 ParOldGen       total 175104K, used 24K [0x00000006c0800000, 0x00000006cb300000, 0x000000076ad80000)
  object space 175104K, 0% used [0x00000006c0800000,0x00000006c0806000,0x00000006cb300000)
 Metaspace       used 15800K, capacity 15979K, committed 16256K, reserved 1062912K
  class space    used 2000K, capacity 2074K, committed 2176K, reserved 1048576K
}
Event: 5.127 GC heap before
{Heap before GC invocations=2 (full 0):
 PSYoungGen      total 76288K, used 57497K [0x000000076ad80000, 0x0000000770280000, 0x00000007c0000000)
  eden space 65536K, 80% used [0x000000076ad80000,0x000000076e0bdc20,0x000000076ed80000)
  from space 10752K, 46% used [0x000000076ed80000,0x000000076f268858,0x000000076f800000)
  to   space 10752K, 0% used [0x000000076f800000,0x000000076f800000,0x0000000770280000)
 ParOldGen       total 175104K, used 24K [0x00000006c0800000, 0x00000006cb300000, 0x000000076ad80000)
  object space 175104K, 0% used [0x00000006c0800000,0x00000006c0806000,0x00000006cb300000)
 Metaspace       used 20723K, capacity 21000K, committed 21296K, reserved 1069056K
  class space    used 2273K, capacity 2373K, committed 2432K, reserved 1048576K
Event: 5.147 GC heap after
Heap after GC invocations=2 (full 0):
 PSYoungGen      total 76288K, used 10745K [0x000000076ad80000, 0x0000000770280000, 0x00000007c0000000)
  eden space 65536K, 0% used [0x000000076ad80000,0x000000076ad80000,0x000000076ed80000)
  from space 10752K, 99% used [0x000000076f800000,0x000000077027e778,0x0000000770280000)
  to   space 10752K, 0% used [0x000000076ed80000,0x000000076ed80000,0x000000076f800000)
 ParOldGen       total 175104K, used 32955K [0x00000006c0800000, 0x00000006cb300000, 0x000000076ad80000)
  object space 175104K, 18% used [0x00000006c0800000,0x00000006c282ecf0,0x00000006cb300000)
 Metaspace       used 20723K, capacity 21000K, committed 21296K, reserved 1069056K
  class space    used 2273K, capacity 2373K, committed 2432K, reserved 1048576K
}
Event: 5.147 GC heap before
{Heap before GC invocations=3 (full 1):
 PSYoungGen      total 76288K, used 10745K [0x000000076ad80000, 0x0000000770280000, 0x00000007c0000000)
  eden space 65536K, 0% used [0x000000076ad80000,0x000000076ad80000,0x000000076ed80000)
  from space 10752K, 99% used [0x000000076f800000,0x000000077027e778,0x0000000770280000)
  to   space 10752K, 0% used [0x000000076ed80000,0x000000076ed80000,0x000000076f800000)
 ParOldGen       total 175104K, used 32955K [0x00000006c0800000, 0x00000006cb300000, 0x000000076ad80000)
  object space 175104K, 18% used [0x00000006c0800000,0x00000006c282ecf0,0x00000006cb300000)
 Metaspace       used 20723K, capacity 21000K, committed 21296K, reserved 1069056K
  class space    used 2273K, capacity 2373K, committed 2432K, reserved 1048576K
Event: 5.177 GC heap after
Heap after GC invocations=3 (full 1):
 PSYoungGen      total 76288K, used 0K [0x000000076ad80000, 0x0000000770280000, 0x00000007c0000000)
  eden space 65536K, 0% used [0x000000076ad80000,0x000000076ad80000,0x000000076ed80000)
  from space 10752K, 0% used [0x000000076f800000,0x000000076f800000,0x0000000770280000)
  to   space 10752K, 0% used [0x000000076ed80000,0x000000076ed80000,0x000000076f800000)
 ParOldGen       total 164352K, used 28551K [0x00000006c0800000, 0x00000006ca880000, 0x000000076ad80000)
  object space 164352K, 17% used [0x00000006c0800000,0x00000006c23e1d50,0x00000006ca880000)
 Metaspace       used 20723K, capacity 21000K, committed 21296K, reserved 1069056K
  class space    used 2273K, capacity 2373K, committed 2432K, reserved 1048576K
}

