# JRE version: Java(TM) SE Runtime Environment (8.0_171-b11) (build 1.8.0_171-b11)
# Java VM: Java HotSpot(TM) 64-Bit Server VM (25.171-b11 mixed mode windows-amd64 compressed oops)
Heap:
 PSYoungGen      total 76288K, used 4359K [0x000000076ad80000, 0x0000000772e80000, 0x00000007c0000000)
  eden space 65536K, 6% used [0x000000076ad80000,0x000000076b1c1dd8,0x000000076ed80000)
  from space 10752K, 0% used [0x000000076ed80000,0x000000076ed80000,0x000000076f800000)
  to   space 10752K, 0% used [0x0000000772400000,0x0000000772400000,0x0000000772e80000)
 ParOldGen       total 157696K, used 5834K [0x00000006c0800000, 0x00000006ca200000, 0x000000076ad80000)
  object space 157696K, 3% used [0x00000006c0800000,0x00000006c0db29b8,0x00000006ca200000)
 Metaspace       used 21906K, capacity 22181K, committed 22704K, reserved 1069056K
  class space    used 2371K, capacity 2473K, committed 2560K, reserved 1048576K
GC Heap History (10 events):
Event: 5.774 GC heap before
{Heap before GC invocations=1 (full 0):
 PSYoungGen      total 76288K, used 65215K [0x000000076ad80000, 0x0000000770280000, 0x00000007c0000000)
  eden space 65536K, 99% used [0x000000076ad80000,0x000000076ed2ff50,0x000000076ed80000)
  from space 10752K, 0% used [0x000000076f800000,0x000000076f800000,0x0000000770280000)
  to   space 10752K, 0% used [0x000000076ed80000,0x000000076ed80000,0x000000076f800000)
 ParOldGen       total 175104K, used 0K [0x00000006c0800000, 0x00000006cb300000, 0x000000076ad80000)
  object space 175104K, 0% used [0x00000006c0800000,0x00000006c0800000,0x00000006cb300000)
 Metaspace       used 20633K, capacity 20895K, committed 21296K, reserved 1069056K
  class space    used 2238K, capacity 2344K, committed 2432K, reserved 1048576K
Event: 5.787 GC heap after
Heap after GC invocations=1 (full 0):
 PSYoungGen      total 76288K, used 8650K [0x000000076ad80000, 0x0000000770280000, 0x00000007c0000000)
  eden space 65536K, 0% used [0x000000076ad80000,0x000000076ad80000,0x000000076ed80000)
  from space 10752K, 80% used [0x000000076ed80000,0x000000076f5f2b88,0x000000076f800000)
  to   space 10752K, 0% used [0x000000076f800000,0x000000076f800000,0x0000000770280000)
 ParOldGen       total 175104K, used 32K [0x00000006c0800000, 0x00000006cb300000, 0x000000076ad80000)
  object space 175104K, 0% used [0x00000006c0800000,0x00000006c0808000,0x00000006cb300000)
 Metaspace       used 20633K, capacity 20895K, committed 21296K, reserved 1069056K
  class space    used 2238K, capacity 2344K, committed 2432K, reserved 1048576K
}
Event: 5.787 GC heap before
{Heap before GC invocations=2 (full 1):
 PSYoungGen      total 76288K, used 8650K [0x000000076ad80000, 0x0000000770280000, 0x00000007c0000000)
  eden space 65536K, 0% used [0x000000076ad80000,0x000000076ad80000,0x000000076ed80000)
  from space 10752K, 80% used [0x000000076ed80000,0x000000076f5f2b88,0x000000076f800000)
  to   space 10752K, 0% used [0x000000076f800000,0x000000076f800000,0x0000000770280000)
 ParOldGen       total 175104K, used 32K [0x00000006c0800000, 0x00000006cb300000, 0x000000076ad80000)
  object space 175104K, 0% used [0x00000006c0800000,0x00000006c0808000,0x00000006cb300000)
 Metaspace       used 20633K, capacity 20895K, committed 21296K, reserved 1069056K
  class space    used 2238K, capacity 2344K, committed 2432K, reserved 1048576K
Event: 5.819 GC heap after
Heap after GC invocations=2 (full 1):
 PSYoungGen      total 76288K, used 0K [0x000000076ad80000, 0x0000000770280000, 0x00000007c0000000)
  eden space 65536K, 0% used [0x000000076ad80000,0x000000076ad80000,0x000000076ed80000)
  from space 10752K, 0% used [0x000000076ed80000,0x000000076ed80000,0x000000076f800000)
  to   space 10752K, 0% used [0x000000076f800000,0x000000076f800000,0x0000000770280000)
 ParOldGen       total 74240K, used 8370K [0x00000006c0800000, 0x00000006c5080000, 0x000000076ad80000)
  object space 74240K, 11% used [0x00000006c0800000,0x00000006c102cad0,0x00000006c5080000)
 Metaspace       used 20633K, capacity 20895K, committed 21296K, reserved 1069056K
  class space    used 2238K, capacity 2344K, committed 2432K, reserved 1048576K
}
Event: 6.181 GC heap before
{Heap before GC invocations=3 (full 1):
 PSYoungGen      total 76288K, used 65056K [0x000000076ad80000, 0x0000000770280000, 0x00000007c0000000)
  eden space 65536K, 99% used [0x000000076ad80000,0x000000076ed080d8,0x000000076ed80000)
  from space 10752K, 0% used [0x000000076ed80000,0x000000076ed80000,0x000000076f800000)
  to   space 10752K, 0% used [0x000000076f800000,0x000000076f800000,0x0000000770280000)
 ParOldGen       total 74240K, used 8370K [0x00000006c0800000, 0x00000006c5080000, 0x000000076ad80000)
  object space 74240K, 11% used [0x00000006c0800000,0x00000006c102cad0,0x00000006c5080000)
 Metaspace       used 21760K, capacity 22053K, committed 22448K, reserved 1069056K
  class space    used 2368K, capacity 2473K, committed 2560K, reserved 1048576K
Event: 6.194 GC heap after
Heap after GC invocations=3 (full 1):
 PSYoungGen      total 76288K, used 10742K [0x000000076ad80000, 0x0000000773200000, 0x00000007c0000000)
  eden space 65536K, 0% used [0x000000076ad80000,0x000000076ad80000,0x000000076ed80000)
  from space 10752K, 99% used [0x000000076f800000,0x000000077027d8a8,0x0000000770280000)
  to   space 10752K, 0% used [0x000000076ed80000,0x000000076ed80000,0x000000076f800000)
 ParOldGen       total 74240K, used 30004K [0x00000006c0800000, 0x00000006c5080000, 0x000000076ad80000)
  object space 74240K, 40% used [0x00000006c0800000,0x00000006c254d398,0x00000006c5080000)
 Metaspace       used 21760K, capacity 22053K, committed 22448K, reserved 1069056K
  class space    used 2368K, capacity 2473K, committed 2560K, reserved 1048576K
}
Event: 16.406 GC heap before
{Heap before GC invocations=4 (full 1):
 PSYoungGen      total 76288K, used 76278K [0x000000076ad80000, 0x0000000773200000, 0x00000007c0000000)
  eden space 65536K, 100% used [0x000000076ad80000,0x000000076ed80000,0x000000076ed80000)
  from space 10752K, 99% used [0x000000076f800000,0x000000077027d8a8,0x0000000770280000)
  to   space 10752K, 0% used [0x000000076ed80000,0x000000076ed80000,0x000000076f800000)
 ParOldGen       total 74240K, used 30004K [0x00000006c0800000, 0x00000006c5080000, 0x000000076ad80000)
  object space 74240K, 40% used [0x00000006c0800000,0x00000006c254d398,0x00000006c5080000)
 Metaspace       used 21889K, capacity 22181K, committed 22704K, reserved 1069056K
  class space    used 2370K, capacity 2473K, committed 2560K, reserved 1048576K
Event: 16.444 GC heap after
Heap after GC invocations=4 (full 1):
 PSYoungGen      total 76288K, used 10745K [0x000000076ad80000, 0x0000000772e80000, 0x00000007c0000000)
  eden space 65536K, 0% used [0x000000076ad80000,0x000000076ad80000,0x000000076ed80000)
  from space 10752K, 99% used [0x000000076ed80000,0x000000076f7fe410,0x000000076f800000)
  to   space 10752K, 0% used [0x0000000772400000,0x0000000772400000,0x0000000772e80000)
 ParOldGen       total 88576K, used 87252K [0x00000006c0800000, 0x00000006c5e80000, 0x000000076ad80000)
  object space 88576K, 98% used [0x00000006c0800000,0x00000006c5d351c8,0x00000006c5e80000)
 Metaspace       used 21889K, capacity 22181K, committed 22704K, reserved 1069056K
  class space    used 2370K, capacity 2473K, committed 2560K, reserved 1048576K
}
Event: 16.444 GC heap before
{Heap before GC invocations=5 (full 2):
 PSYoungGen      total 76288K, used 10745K [0x000000076ad80000, 0x0000000772e80000, 0x00000007c0000000)
  eden space 65536K, 0% used [0x000000076ad80000,0x000000076ad80000,0x000000076ed80000)
  from space 10752K, 99% used [0x000000076ed80000,0x000000076f7fe410,0x000000076f800000)
  to   space 10752K, 0% used [0x0000000772400000,0x0000000772400000,0x0000000772e80000)
 ParOldGen       total 88576K, used 87252K [0x00000006c0800000, 0x00000006c5e80000, 0x000000076ad80000)
  object space 88576K, 98% used [0x00000006c0800000,0x00000006c5d351c8,0x00000006c5e80000)
 Metaspace       used 21889K, capacity 22181K, committed 22704K, reserved 1069056K
  class space    used 2370K, capacity 2473K, committed 2560K, reserved 1048576K
Event: 16.483 GC heap after
Heap after GC invocations=5 (full 2):
 PSYoungGen      total 76288K, used 0K [0x000000076ad80000, 0x0000000772e80000, 0x00000007c0000000)
  eden space 65536K, 0% used [0x000000076ad80000,0x000000076ad80000,0x000000076ed80000)
  from space 10752K, 0% used [0x000000076ed80000,0x000000076ed80000,0x000000076f800000)
  to   space 10752K, 0% used [0x0000000772400000,0x0000000772400000,0x0000000772e80000)
 ParOldGen       total 157696K, used 5834K [0x00000006c0800000, 0x00000006ca200000, 0x000000076ad80000)
  object space 157696K, 3% used [0x00000006c0800000,0x00000006c0db29b8,0x00000006ca200000)
 Metaspace       used 21889K, capacity 22181K, committed 22704K, reserved 1069056K
  class space    used 2370K, capacity 2473K, committed 2560K, reserved 1048576K
}

