# JRE version: Java(TM) SE Runtime Environment (8.0_171-b11) (build 1.8.0_171-b11)
# Java VM: Java HotSpot(TM) 64-Bit Server VM (25.171-b11 mixed mode windows-amd64 compressed oops)
Heap:
 PSYoungGen      total 76288K, used 3210K [0x000000076ad80000, 0x0000000770280000, 0x00000007c0000000)
  eden space 65536K, 4% used [0x000000076ad80000,0x000000076b0a2b58,0x000000076ed80000)
  from space 10752K, 0% used [0x000000076f800000,0x000000076f800000,0x0000000770280000)
  to   space 10752K, 0% used [0x000000076ed80000,0x000000076ed80000,0x000000076f800000)
 ParOldGen       total 165376K, used 28552K [0x00000006c0800000, 0x00000006ca980000, 0x000000076ad80000)
  object space 165376K, 17% used [0x00000006c0800000,0x00000006c23e2050,0x00000006ca980000)
 Metaspace       used 21147K, capacity 21442K, committed 21808K, reserved 1069056K
  class space    used 2293K, capacity 2374K, committed 2432K, reserved 1048576K
GC Heap History (6 events):
Event: 3.525 GC heap before
{Heap before GC invocations=1 (full 0):
 PSYoungGen      total 76288K, used 65536K [0x000000076ad80000, 0x0000000770280000, 0x00000007c0000000)
  eden space 65536K, 100% used [0x000000076ad80000,0x000000076ed80000,0x000000076ed80000)
  from space 10752K, 0% used [0x000000076f800000,0x000000076f800000,0x0000000770280000)
  to   space 10752K, 0% used [0x000000076ed80000,0x000000076ed80000,0x000000076f800000)
 ParOldGen       total 175104K, used 0K [0x00000006c0800000, 0x00000006cb300000, 0x000000076ad80000)
  object space 175104K, 0% used [0x00000006c0800000,0x00000006c0800000,0x00000006cb300000)
 Metaspace       used 15822K, capacity 16035K, committed 16512K, reserved 1062912K
  class space    used 2000K, capacity 2074K, committed 2176K, reserved 1048576K
Event: 3.534 GC heap after
Heap after GC invocations=1 (full 0):
 PSYoungGen      total 76288K, used 5101K [0x000000076ad80000, 0x0000000770280000, 0x00000007c0000000)
  eden space 65536K, 0% used [0x000000076ad80000,0x000000076ad80000,0x000000076ed80000)
  from space 10752K, 47% used [0x000000076ed80000,0x000000076f27b658,0x000000076f800000)
  to   space 10752K, 0% used [0x000000076f800000,0x000000076f800000,0x0000000770280000)
 ParOldGen       total 175104K, used 24K [0x00000006c0800000, 0x00000006cb300000, 0x000000076ad80000)
  object space 175104K, 0% used [0x00000006c0800000,0x00000006c0806000,0x00000006cb300000)
 Metaspace       used 15822K, capacity 16035K, committed 16512K, reserved 1062912K
  class space    used 2000K, capacity 2074K, committed 2176K, reserved 1048576K
}
Event: 5.211 GC heap before
{Heap before GC invocations=2 (full 0):
 PSYoungGen      total 76288K, used 57598K [0x000000076ad80000, 0x0000000770280000, 0x00000007c0000000)
  eden space 65536K, 80% used [0x000000076ad80000,0x000000076e0c4250,0x000000076ed80000)
  from space 10752K, 47% used [0x000000076ed80000,0x000000076f27b658,0x000000076f800000)
  to   space 10752K, 0% used [0x000000076f800000,0x000000076f800000,0x0000000770280000)
 ParOldGen       total 175104K, used 24K [0x00000006c0800000, 0x00000006cb300000, 0x000000076ad80000)
  object space 175104K, 0% used [0x00000006c0800000,0x00000006c0806000,0x00000006cb300000)
 Metaspace       used 20738K, capacity 20992K, committed 21296K, reserved 1069056K
  class space    used 2273K, capacity 2373K, committed 2432K, reserved 1048576K
Event: 5.231 GC heap after
Heap after GC invocations=2 (full 0):
 PSYoungGen      total 76288K, used 10729K [0x000000076ad80000, 0x0000000770280000, 0x00000007c0000000)
  eden space 65536K, 0% used [0x000000076ad80000,0x000000076ad80000,0x000000076ed80000)
  from space 10752K, 99% used [0x000000076f800000,0x000000077027a768,0x0000000770280000)
  to   space 10752K, 0% used [0x000000076ed80000,0x000000076ed80000,0x000000076f800000)
 ParOldGen       total 175104K, used 33013K [0x00000006c0800000, 0x00000006cb300000, 0x000000076ad80000)
  object space 175104K, 18% used [0x00000006c0800000,0x00000006c283d7c8,0x00000006cb300000)
 Metaspace       used 20738K, capacity 20992K, committed 21296K, reserved 1069056K
  class space    used 2273K, capacity 2373K, committed 2432K, reserved 1048576K
}
Event: 5.231 GC heap before
{Heap before GC invocations=3 (full 1):
 PSYoungGen      total 76288K, used 10729K [0x000000076ad80000, 0x0000000770280000, 0x00000007c0000000)
  eden space 65536K, 0% used [0x000000076ad80000,0x000000076ad80000,0x000000076ed80000)
  from space 10752K, 99% used [0x000000076f800000,0x000000077027a768,0x0000000770280000)
  to   space 10752K, 0% used [0x000000076ed80000,0x000000076ed80000,0x000000076f800000)
 ParOldGen       total 175104K, used 33013K [0x00000006c0800000, 0x00000006cb300000, 0x000000076ad80000)
  object space 175104K, 18% used [0x00000006c0800000,0x00000006c283d7c8,0x00000006cb300000)
 Metaspace       used 20738K, capacity 20992K, committed 21296K, reserved 1069056K
  class space    used 2273K, capacity 2373K, committed 2432K, reserved 1048576K
Event: 5.261 GC heap after
Heap after GC invocations=3 (full 1):
 PSYoungGen      total 76288K, used 0K [0x000000076ad80000, 0x0000000770280000, 0x00000007c0000000)
  eden space 65536K, 0% used [0x000000076ad80000,0x000000076ad80000,0x000000076ed80000)
  from space 10752K, 0% used [0x000000076f800000,0x000000076f800000,0x0000000770280000)
  to   space 10752K, 0% used [0x000000076ed80000,0x000000076ed80000,0x000000076f800000)
 ParOldGen       total 165376K, used 28552K [0x00000006c0800000, 0x00000006ca980000, 0x000000076ad80000)
  object space 165376K, 17% used [0x00000006c0800000,0x00000006c23e2050,0x00000006ca980000)
 Metaspace       used 20738K, capacity 20992K, committed 21296K, reserved 1069056K
  class space    used 2273K, capacity 2373K, committed 2432K, reserved 1048576K
}

