# JRE version: Java(TM) SE Runtime Environment (8.0_171-b11) (build 1.8.0_171-b11)
# Java VM: Java HotSpot(TM) 64-Bit Server VM (25.171-b11 mixed mode windows-amd64 compressed oops)
Heap:
 PSYoungGen      total 76288K, used 11661K [0x000000076ad80000, 0x0000000774280000, 0x00000007c0000000)
  eden space 65536K, 17% used [0x000000076ad80000,0x000000076b8e35e8,0x000000076ed80000)
  from space 10752K, 0% used [0x000000076ed80000,0x000000076ed80000,0x000000076f800000)
  to   space 10752K, 0% used [0x0000000773800000,0x0000000773800000,0x0000000774280000)
 ParOldGen       total 105984K, used 17735K [0x00000006c0800000, 0x00000006c6f80000, 0x000000076ad80000)
  object space 105984K, 16% used [0x00000006c0800000,0x00000006c1951ed0,0x00000006c6f80000)
 Metaspace       used 22120K, capacity 22431K, committed 22912K, reserved 1069056K
  class space    used 2415K, capacity 2515K, committed 2688K, reserved 1048576K
GC Heap History (8 events):
Event: 10.990 GC heap before
{Heap before GC invocations=1 (full 0):
 PSYoungGen      total 76288K, used 65536K [0x000000076ad80000, 0x0000000770280000, 0x00000007c0000000)
  eden space 65536K, 100% used [0x000000076ad80000,0x000000076ed80000,0x000000076ed80000)
  from space 10752K, 0% used [0x000000076f800000,0x000000076f800000,0x0000000770280000)
  to   space 10752K, 0% used [0x000000076ed80000,0x000000076ed80000,0x000000076f800000)
 ParOldGen       total 175104K, used 0K [0x00000006c0800000, 0x00000006cb300000, 0x000000076ad80000)
  object space 175104K, 0% used [0x00000006c0800000,0x00000006c0800000,0x00000006cb300000)
 Metaspace       used 15069K, capacity 15296K, committed 15616K, reserved 1062912K
  class space    used 1941K, capacity 2036K, committed 2048K, reserved 1048576K
Event: 10.999 GC heap after
Heap after GC invocations=1 (full 0):
 PSYoungGen      total 76288K, used 5080K [0x000000076ad80000, 0x0000000770280000, 0x00000007c0000000)
  eden space 65536K, 0% used [0x000000076ad80000,0x000000076ad80000,0x000000076ed80000)
  from space 10752K, 47% used [0x000000076ed80000,0x000000076f276218,0x000000076f800000)
  to   space 10752K, 0% used [0x000000076f800000,0x000000076f800000,0x0000000770280000)
 ParOldGen       total 175104K, used 43K [0x00000006c0800000, 0x00000006cb300000, 0x000000076ad80000)
  object space 175104K, 0% used [0x00000006c0800000,0x00000006c080ac50,0x00000006cb300000)
 Metaspace       used 15069K, capacity 15296K, committed 15616K, reserved 1062912K
  class space    used 1941K, capacity 2036K, committed 2048K, reserved 1048576K
}
Event: 12.801 GC heap before
{Heap before GC invocations=2 (full 0):
 PSYoungGen      total 76288K, used 70616K [0x000000076ad80000, 0x0000000770280000, 0x00000007c0000000)
  eden space 65536K, 100% used [0x000000076ad80000,0x000000076ed80000,0x000000076ed80000)
  from space 10752K, 47% used [0x000000076ed80000,0x000000076f276218,0x000000076f800000)
  to   space 10752K, 0% used [0x000000076f800000,0x000000076f800000,0x0000000770280000)
 ParOldGen       total 175104K, used 43K [0x00000006c0800000, 0x00000006cb300000, 0x000000076ad80000)
  object space 175104K, 0% used [0x00000006c0800000,0x00000006c080ac50,0x00000006cb300000)
 Metaspace       used 19209K, capacity 19619K, committed 19968K, reserved 1067008K
  class space    used 2338K, capacity 2475K, committed 2560K, reserved 1048576K
Event: 12.811 GC heap after
Heap after GC invocations=2 (full 0):
 PSYoungGen      total 76288K, used 10733K [0x000000076ad80000, 0x0000000770280000, 0x00000007c0000000)
  eden space 65536K, 0% used [0x000000076ad80000,0x000000076ad80000,0x000000076ed80000)
  from space 10752K, 99% used [0x000000076f800000,0x000000077027b570,0x0000000770280000)
  to   space 10752K, 0% used [0x000000076ed80000,0x000000076ed80000,0x000000076f800000)
 ParOldGen       total 175104K, used 7962K [0x00000006c0800000, 0x00000006cb300000, 0x000000076ad80000)
  object space 175104K, 4% used [0x00000006c0800000,0x00000006c0fc68c0,0x00000006cb300000)
 Metaspace       used 19209K, capacity 19619K, committed 19968K, reserved 1067008K
  class space    used 2338K, capacity 2475K, committed 2560K, reserved 1048576K
}
Event: 13.033 GC heap before
{Heap before GC invocations=3 (full 0):
 PSYoungGen      total 76288K, used 18856K [0x000000076ad80000, 0x0000000770280000, 0x00000007c0000000)
  eden space 65536K, 12% used [0x000000076ad80000,0x000000076b56eb08,0x000000076ed80000)
  from space 10752K, 99% used [0x000000076f800000,0x000000077027b570,0x0000000770280000)
  to   space 10752K, 0% used [0x000000076ed80000,0x000000076ed80000,0x000000076f800000)
 ParOldGen       total 175104K, used 7962K [0x00000006c0800000, 0x00000006cb300000, 0x000000076ad80000)
  object space 175104K, 4% used [0x00000006c0800000,0x00000006c0fc68c0,0x00000006cb300000)
 Metaspace       used 20753K, capacity 21123K, committed 21248K, reserved 1069056K
  class space    used 2373K, capacity 2507K, committed 2560K, reserved 1048576K
Event: 13.039 GC heap after
Heap after GC invocations=3 (full 0):
 PSYoungGen      total 76288K, used 10749K [0x000000076ad80000, 0x0000000774280000, 0x00000007c0000000)
  eden space 65536K, 0% used [0x000000076ad80000,0x000000076ad80000,0x000000076ed80000)
  from space 10752K, 99% used [0x000000076ed80000,0x000000076f7ff450,0x000000076f800000)
  to   space 10752K, 0% used [0x0000000773800000,0x0000000773800000,0x0000000774280000)
 ParOldGen       total 175104K, used 10179K [0x00000006c0800000, 0x00000006cb300000, 0x000000076ad80000)
  object space 175104K, 5% used [0x00000006c0800000,0x00000006c11f0dc0,0x00000006cb300000)
 Metaspace       used 20753K, capacity 21123K, committed 21248K, reserved 1069056K
  class space    used 2373K, capacity 2507K, committed 2560K, reserved 1048576K
}
Event: 13.039 GC heap before
{Heap before GC invocations=4 (full 1):
 PSYoungGen      total 76288K, used 10749K [0x000000076ad80000, 0x0000000774280000, 0x00000007c0000000)
  eden space 65536K, 0% used [0x000000076ad80000,0x000000076ad80000,0x000000076ed80000)
  from space 10752K, 99% used [0x000000076ed80000,0x000000076f7ff450,0x000000076f800000)
  to   space 10752K, 0% used [0x0000000773800000,0x0000000773800000,0x0000000774280000)
 ParOldGen       total 175104K, used 10179K [0x00000006c0800000, 0x00000006cb300000, 0x000000076ad80000)
  object space 175104K, 5% used [0x00000006c0800000,0x00000006c11f0dc0,0x00000006cb300000)
 Metaspace       used 20753K, capacity 21123K, committed 21248K, reserved 1069056K
  class space    used 2373K, capacity 2507K, committed 2560K, reserved 1048576K
Event: 13.076 GC heap after
Heap after GC invocations=4 (full 1):
 PSYoungGen      total 76288K, used 0K [0x000000076ad80000, 0x0000000774280000, 0x00000007c0000000)
  eden space 65536K, 0% used [0x000000076ad80000,0x000000076ad80000,0x000000076ed80000)
  from space 10752K, 0% used [0x000000076ed80000,0x000000076ed80000,0x000000076f800000)
  to   space 10752K, 0% used [0x0000000773800000,0x0000000773800000,0x0000000774280000)
 ParOldGen       total 105984K, used 17735K [0x00000006c0800000, 0x00000006c6f80000, 0x000000076ad80000)
  object space 105984K, 16% used [0x00000006c0800000,0x00000006c1951ed0,0x00000006c6f80000)
 Metaspace       used 20669K, capacity 20943K, committed 21248K, reserved 1069056K
  class space    used 2339K, capacity 2445K, committed 2560K, reserved 1048576K
}

