# JRE version: Java(TM) SE Runtime Environment (8.0_171-b11) (build 1.8.0_171-b11)
# Java VM: Java HotSpot(TM) 64-Bit Server VM (25.171-b11 mixed mode windows-amd64 compressed oops)
Heap:
 PSYoungGen      total 76288K, used 33370K [0x000000076ad80000, 0x0000000774280000, 0x00000007c0000000)
  eden space 65536K, 50% used [0x000000076ad80000,0x000000076ce16b80,0x000000076ed80000)
  from space 10752K, 0% used [0x000000076f800000,0x000000076f800000,0x0000000770280000)
  to   space 10752K, 0% used [0x000000076ed80000,0x000000076ed80000,0x000000076f800000)
 ParOldGen       total 76288K, used 4585K [0x00000006c0800000, 0x00000006c5280000, 0x000000076ad80000)
  object space 76288K, 6% used [0x00000006c0800000,0x00000006c0c7a640,0x00000006c5280000)
 Metaspace       used 21856K, capacity 22135K, committed 22704K, reserved 1069056K
  class space    used 2369K, capacity 2474K, committed 2560K, reserved 1048576K
GC Heap History (6 events):
Event: 8.555 GC heap before
{Heap before GC invocations=1 (full 0):
 PSYoungGen      total 76288K, used 65536K [0x000000076ad80000, 0x0000000770280000, 0x00000007c0000000)
  eden space 65536K, 100% used [0x000000076ad80000,0x000000076ed80000,0x000000076ed80000)
  from space 10752K, 0% used [0x000000076f800000,0x000000076f800000,0x0000000770280000)
  to   space 10752K, 0% used [0x000000076ed80000,0x000000076ed80000,0x000000076f800000)
 ParOldGen       total 175104K, used 0K [0x00000006c0800000, 0x00000006cb300000, 0x000000076ad80000)
  object space 175104K, 0% used [0x00000006c0800000,0x00000006c0800000,0x00000006cb300000)
 Metaspace       used 19873K, capacity 20183K, committed 20480K, reserved 1067008K
  class space    used 2178K, capacity 2281K, committed 2304K, reserved 1048576K
Event: 8.567 GC heap after
Heap after GC invocations=1 (full 0):
 PSYoungGen      total 76288K, used 8015K [0x000000076ad80000, 0x0000000770280000, 0x00000007c0000000)
  eden space 65536K, 0% used [0x000000076ad80000,0x000000076ad80000,0x000000076ed80000)
  from space 10752K, 74% used [0x000000076ed80000,0x000000076f553c48,0x000000076f800000)
  to   space 10752K, 0% used [0x000000076f800000,0x000000076f800000,0x0000000770280000)
 ParOldGen       total 175104K, used 24K [0x00000006c0800000, 0x00000006cb300000, 0x000000076ad80000)
  object space 175104K, 0% used [0x00000006c0800000,0x00000006c0806000,0x00000006cb300000)
 Metaspace       used 19873K, capacity 20183K, committed 20480K, reserved 1067008K
  class space    used 2178K, capacity 2281K, committed 2304K, reserved 1048576K
}
Event: 8.662 GC heap before
{Heap before GC invocations=2 (full 0):
 PSYoungGen      total 76288K, used 20245K [0x000000076ad80000, 0x0000000770280000, 0x00000007c0000000)
  eden space 65536K, 18% used [0x000000076ad80000,0x000000076b971b50,0x000000076ed80000)
  from space 10752K, 74% used [0x000000076ed80000,0x000000076f553c48,0x000000076f800000)
  to   space 10752K, 0% used [0x000000076f800000,0x000000076f800000,0x0000000770280000)
 ParOldGen       total 175104K, used 24K [0x00000006c0800000, 0x00000006cb300000, 0x000000076ad80000)
  object space 175104K, 0% used [0x00000006c0800000,0x00000006c0806000,0x00000006cb300000)
 Metaspace       used 20670K, capacity 20913K, committed 21296K, reserved 1069056K
  class space    used 2232K, capacity 2345K, committed 2432K, reserved 1048576K
Event: 8.670 GC heap after
Heap after GC invocations=2 (full 0):
 PSYoungGen      total 76288K, used 4836K [0x000000076ad80000, 0x0000000774280000, 0x00000007c0000000)
  eden space 65536K, 0% used [0x000000076ad80000,0x000000076ad80000,0x000000076ed80000)
  from space 10752K, 44% used [0x000000076f800000,0x000000076fcb9110,0x0000000770280000)
  to   space 10752K, 0% used [0x000000076ed80000,0x000000076ed80000,0x000000076f800000)
 ParOldGen       total 175104K, used 32K [0x00000006c0800000, 0x00000006cb300000, 0x000000076ad80000)
  object space 175104K, 0% used [0x00000006c0800000,0x00000006c0808000,0x00000006cb300000)
 Metaspace       used 20670K, capacity 20913K, committed 21296K, reserved 1069056K
  class space    used 2232K, capacity 2345K, committed 2432K, reserved 1048576K
}
Event: 8.670 GC heap before
{Heap before GC invocations=3 (full 1):
 PSYoungGen      total 76288K, used 4836K [0x000000076ad80000, 0x0000000774280000, 0x00000007c0000000)
  eden space 65536K, 0% used [0x000000076ad80000,0x000000076ad80000,0x000000076ed80000)
  from space 10752K, 44% used [0x000000076f800000,0x000000076fcb9110,0x0000000770280000)
  to   space 10752K, 0% used [0x000000076ed80000,0x000000076ed80000,0x000000076f800000)
 ParOldGen       total 175104K, used 32K [0x00000006c0800000, 0x00000006cb300000, 0x000000076ad80000)
  object space 175104K, 0% used [0x00000006c0800000,0x00000006c0808000,0x00000006cb300000)
 Metaspace       used 20670K, capacity 20913K, committed 21296K, reserved 1069056K
  class space    used 2232K, capacity 2345K, committed 2432K, reserved 1048576K
Event: 8.702 GC heap after
Heap after GC invocations=3 (full 1):
 PSYoungGen      total 76288K, used 0K [0x000000076ad80000, 0x0000000774280000, 0x00000007c0000000)
  eden space 65536K, 0% used [0x000000076ad80000,0x000000076ad80000,0x000000076ed80000)
  from space 10752K, 0% used [0x000000076f800000,0x000000076f800000,0x0000000770280000)
  to   space 10752K, 0% used [0x000000076ed80000,0x000000076ed80000,0x000000076f800000)
 ParOldGen       total 76288K, used 4585K [0x00000006c0800000, 0x00000006c5280000, 0x000000076ad80000)
  object space 76288K, 6% used [0x00000006c0800000,0x00000006c0c7a640,0x00000006c5280000)
 Metaspace       used 20670K, capacity 20913K, committed 21296K, reserved 1069056K
  class space    used 2232K, capacity 2345K, committed 2432K, reserved 1048576K
}

