# JRE version: Java(TM) SE Runtime Environment (8.0_171-b11) (build 1.8.0_171-b11)
# Java VM: Java HotSpot(TM) 64-Bit Server VM (25.171-b11 mixed mode windows-amd64 compressed oops)
Heap:
 PSYoungGen      total 76288K, used 2143K [0x000000076ad80000, 0x0000000770280000, 0x00000007c0000000)
  eden space 65536K, 3% used [0x000000076ad80000,0x000000076af97d60,0x000000076ed80000)
  from space 10752K, 0% used [0x000000076f800000,0x000000076f800000,0x0000000770280000)
  to   space 10752K, 0% used [0x000000076ed80000,0x000000076ed80000,0x000000076f800000)
 ParOldGen       total 161792K, used 28607K [0x00000006c0800000, 0x00000006ca600000, 0x000000076ad80000)
  object space 161792K, 17% used [0x00000006c0800000,0x00000006c23efe50,0x00000006ca600000)
 Metaspace       used 21126K, capacity 21446K, committed 21808K, reserved 1069056K
  class space    used 2293K, capacity 2374K, committed 2432K, reserved 1048576K
GC Heap History (6 events):
Event: 4.774 GC heap before
{Heap before GC invocations=1 (full 0):
 PSYoungGen      total 76288K, used 65536K [0x000000076ad80000, 0x0000000770280000, 0x00000007c0000000)
  eden space 65536K, 100% used [0x000000076ad80000,0x000000076ed80000,0x000000076ed80000)
  from space 10752K, 0% used [0x000000076f800000,0x000000076f800000,0x0000000770280000)
  to   space 10752K, 0% used [0x000000076ed80000,0x000000076ed80000,0x000000076f800000)
 ParOldGen       total 175104K, used 0K [0x00000006c0800000, 0x00000006cb300000, 0x000000076ad80000)
  object space 175104K, 0% used [0x00000006c0800000,0x00000006c0800000,0x00000006cb300000)
 Metaspace       used 15801K, capacity 15975K, committed 16256K, reserved 1062912K
  class space    used 2000K, capacity 2074K, committed 2176K, reserved 1048576K
Event: 4.784 GC heap after
Heap after GC invocations=1 (full 0):
 PSYoungGen      total 76288K, used 5056K [0x000000076ad80000, 0x0000000770280000, 0x00000007c0000000)
  eden space 65536K, 0% used [0x000000076ad80000,0x000000076ad80000,0x000000076ed80000)
  from space 10752K, 47% used [0x000000076ed80000,0x000000076f2700e8,0x000000076f800000)
  to   space 10752K, 0% used [0x000000076f800000,0x000000076f800000,0x0000000770280000)
 ParOldGen       total 175104K, used 24K [0x00000006c0800000, 0x00000006cb300000, 0x000000076ad80000)
  object space 175104K, 0% used [0x00000006c0800000,0x00000006c0806000,0x00000006cb300000)
 Metaspace       used 15801K, capacity 15975K, committed 16256K, reserved 1062912K
  class space    used 2000K, capacity 2074K, committed 2176K, reserved 1048576K
}
Event: 6.416 GC heap before
{Heap before GC invocations=2 (full 0):
 PSYoungGen      total 76288K, used 58561K [0x000000076ad80000, 0x0000000770280000, 0x00000007c0000000)
  eden space 65536K, 81% used [0x000000076ad80000,0x000000076e1c03b8,0x000000076ed80000)
  from space 10752K, 47% used [0x000000076ed80000,0x000000076f2700e8,0x000000076f800000)
  to   space 10752K, 0% used [0x000000076f800000,0x000000076f800000,0x0000000770280000)
 ParOldGen       total 175104K, used 24K [0x00000006c0800000, 0x00000006cb300000, 0x000000076ad80000)
  object space 175104K, 0% used [0x00000006c0800000,0x00000006c0806000,0x00000006cb300000)
 Metaspace       used 20783K, capacity 20996K, committed 21296K, reserved 1069056K
  class space    used 2279K, capacity 2373K, committed 2432K, reserved 1048576K
Event: 6.438 GC heap after
Heap after GC invocations=2 (full 0):
 PSYoungGen      total 76288K, used 10726K [0x000000076ad80000, 0x0000000770280000, 0x00000007c0000000)
  eden space 65536K, 0% used [0x000000076ad80000,0x000000076ad80000,0x000000076ed80000)
  from space 10752K, 99% used [0x000000076f800000,0x0000000770279a40,0x0000000770280000)
  to   space 10752K, 0% used [0x000000076ed80000,0x000000076ed80000,0x000000076f800000)
 ParOldGen       total 175104K, used 33023K [0x00000006c0800000, 0x00000006cb300000, 0x000000076ad80000)
  object space 175104K, 18% used [0x00000006c0800000,0x00000006c283fc60,0x00000006cb300000)
 Metaspace       used 20783K, capacity 20996K, committed 21296K, reserved 1069056K
  class space    used 2279K, capacity 2373K, committed 2432K, reserved 1048576K
}
Event: 6.438 GC heap before
{Heap before GC invocations=3 (full 1):
 PSYoungGen      total 76288K, used 10726K [0x000000076ad80000, 0x0000000770280000, 0x00000007c0000000)
  eden space 65536K, 0% used [0x000000076ad80000,0x000000076ad80000,0x000000076ed80000)
  from space 10752K, 99% used [0x000000076f800000,0x0000000770279a40,0x0000000770280000)
  to   space 10752K, 0% used [0x000000076ed80000,0x000000076ed80000,0x000000076f800000)
 ParOldGen       total 175104K, used 33023K [0x00000006c0800000, 0x00000006cb300000, 0x000000076ad80000)
  object space 175104K, 18% used [0x00000006c0800000,0x00000006c283fc60,0x00000006cb300000)
 Metaspace       used 20783K, capacity 20996K, committed 21296K, reserved 1069056K
  class space    used 2279K, capacity 2373K, committed 2432K, reserved 1048576K
Event: 6.471 GC heap after
Heap after GC invocations=3 (full 1):
 PSYoungGen      total 76288K, used 0K [0x000000076ad80000, 0x0000000770280000, 0x00000007c0000000)
  eden space 65536K, 0% used [0x000000076ad80000,0x000000076ad80000,0x000000076ed80000)
  from space 10752K, 0% used [0x000000076f800000,0x000000076f800000,0x0000000770280000)
  to   space 10752K, 0% used [0x000000076ed80000,0x000000076ed80000,0x000000076f800000)
 ParOldGen       total 161792K, used 28607K [0x00000006c0800000, 0x00000006ca600000, 0x000000076ad80000)
  object space 161792K, 17% used [0x00000006c0800000,0x00000006c23efe50,0x00000006ca600000)
 Metaspace       used 20783K, capacity 20996K, committed 21296K, reserved 1069056K
  class space    used 2279K, capacity 2373K, committed 2432K, reserved 1048576K
}

