# JRE version: Java(TM) SE Runtime Environment (8.0_171-b11) (build 1.8.0_171-b11)
# Java VM: Java HotSpot(TM) 64-Bit Server VM (25.171-b11 mixed mode windows-amd64 compressed oops)
Heap:
 PSYoungGen      total 76288K, used 1289K [0x000000076ad80000, 0x0000000772f00000, 0x00000007c0000000)
  eden space 65536K, 1% used [0x000000076ad80000,0x000000076aec2610,0x000000076ed80000)
  from space 10752K, 0% used [0x000000076ed80000,0x000000076ed80000,0x000000076f800000)
  to   space 10752K, 0% used [0x0000000772480000,0x0000000772480000,0x0000000772f00000)
 ParOldGen       total 161792K, used 5510K [0x00000006c0800000, 0x00000006ca600000, 0x000000076ad80000)
  object space 161792K, 3% used [0x00000006c0800000,0x00000006c0d61ad0,0x00000006ca600000)
 Metaspace       used 21870K, capacity 22117K, committed 22704K, reserved 1069056K
  class space    used 2370K, capacity 2473K, committed 2560K, reserved 1048576K
GC Heap History (10 events):
Event: 5.732 GC heap before
{Heap before GC invocations=1 (full 0):
 PSYoungGen      total 76288K, used 62636K [0x000000076ad80000, 0x0000000770280000, 0x00000007c0000000)
  eden space 65536K, 95% used [0x000000076ad80000,0x000000076eaab278,0x000000076ed80000)
  from space 10752K, 0% used [0x000000076f800000,0x000000076f800000,0x0000000770280000)
  to   space 10752K, 0% used [0x000000076ed80000,0x000000076ed80000,0x000000076f800000)
 ParOldGen       total 175104K, used 0K [0x00000006c0800000, 0x00000006cb300000, 0x000000076ad80000)
  object space 175104K, 0% used [0x00000006c0800000,0x00000006c0800000,0x00000006cb300000)
 Metaspace       used 20635K, capacity 20895K, committed 21296K, reserved 1069056K
  class space    used 2241K, capacity 2344K, committed 2432K, reserved 1048576K
Event: 5.743 GC heap after
Heap after GC invocations=1 (full 0):
 PSYoungGen      total 76288K, used 8005K [0x000000076ad80000, 0x0000000770280000, 0x00000007c0000000)
  eden space 65536K, 0% used [0x000000076ad80000,0x000000076ad80000,0x000000076ed80000)
  from space 10752K, 74% used [0x000000076ed80000,0x000000076f5515e8,0x000000076f800000)
  to   space 10752K, 0% used [0x000000076f800000,0x000000076f800000,0x0000000770280000)
 ParOldGen       total 175104K, used 24K [0x00000006c0800000, 0x00000006cb300000, 0x000000076ad80000)
  object space 175104K, 0% used [0x00000006c0800000,0x00000006c0806000,0x00000006cb300000)
 Metaspace       used 20635K, capacity 20895K, committed 21296K, reserved 1069056K
  class space    used 2241K, capacity 2344K, committed 2432K, reserved 1048576K
}
Event: 5.743 GC heap before
{Heap before GC invocations=2 (full 1):
 PSYoungGen      total 76288K, used 8005K [0x000000076ad80000, 0x0000000770280000, 0x00000007c0000000)
  eden space 65536K, 0% used [0x000000076ad80000,0x000000076ad80000,0x000000076ed80000)
  from space 10752K, 74% used [0x000000076ed80000,0x000000076f5515e8,0x000000076f800000)
  to   space 10752K, 0% used [0x000000076f800000,0x000000076f800000,0x0000000770280000)
 ParOldGen       total 175104K, used 24K [0x00000006c0800000, 0x00000006cb300000, 0x000000076ad80000)
  object space 175104K, 0% used [0x00000006c0800000,0x00000006c0806000,0x00000006cb300000)
 Metaspace       used 20635K, capacity 20895K, committed 21296K, reserved 1069056K
  class space    used 2241K, capacity 2344K, committed 2432K, reserved 1048576K
Event: 5.776 GC heap after
Heap after GC invocations=2 (full 1):
 PSYoungGen      total 76288K, used 0K [0x000000076ad80000, 0x0000000770280000, 0x00000007c0000000)
  eden space 65536K, 0% used [0x000000076ad80000,0x000000076ad80000,0x000000076ed80000)
  from space 10752K, 0% used [0x000000076ed80000,0x000000076ed80000,0x000000076f800000)
  to   space 10752K, 0% used [0x000000076f800000,0x000000076f800000,0x0000000770280000)
 ParOldGen       total 73728K, used 7669K [0x00000006c0800000, 0x00000006c5000000, 0x000000076ad80000)
  object space 73728K, 10% used [0x00000006c0800000,0x00000006c0f7d608,0x00000006c5000000)
 Metaspace       used 20635K, capacity 20895K, committed 21296K, reserved 1069056K
  class space    used 2241K, capacity 2344K, committed 2432K, reserved 1048576K
}
Event: 6.130 GC heap before
{Heap before GC invocations=3 (full 1):
 PSYoungGen      total 76288K, used 64753K [0x000000076ad80000, 0x0000000770280000, 0x00000007c0000000)
  eden space 65536K, 98% used [0x000000076ad80000,0x000000076ecbc4d0,0x000000076ed80000)
  from space 10752K, 0% used [0x000000076ed80000,0x000000076ed80000,0x000000076f800000)
  to   space 10752K, 0% used [0x000000076f800000,0x000000076f800000,0x0000000770280000)
 ParOldGen       total 73728K, used 7669K [0x00000006c0800000, 0x00000006c5000000, 0x000000076ad80000)
  object space 73728K, 10% used [0x00000006c0800000,0x00000006c0f7d608,0x00000006c5000000)
 Metaspace       used 21755K, capacity 22053K, committed 22448K, reserved 1069056K
  class space    used 2367K, capacity 2473K, committed 2560K, reserved 1048576K
Event: 6.141 GC heap after
Heap after GC invocations=3 (full 1):
 PSYoungGen      total 76288K, used 10749K [0x000000076ad80000, 0x0000000773180000, 0x00000007c0000000)
  eden space 65536K, 0% used [0x000000076ad80000,0x000000076ad80000,0x000000076ed80000)
  from space 10752K, 99% used [0x000000076f800000,0x000000077027f480,0x0000000770280000)
  to   space 10752K, 0% used [0x000000076ed80000,0x000000076ed80000,0x000000076f800000)
 ParOldGen       total 73728K, used 30417K [0x00000006c0800000, 0x00000006c5000000, 0x000000076ad80000)
  object space 73728K, 41% used [0x00000006c0800000,0x00000006c25b4610,0x00000006c5000000)
 Metaspace       used 21755K, capacity 22053K, committed 22448K, reserved 1069056K
  class space    used 2367K, capacity 2473K, committed 2560K, reserved 1048576K
}
Event: 11.671 GC heap before
{Heap before GC invocations=4 (full 1):
 PSYoungGen      total 76288K, used 76285K [0x000000076ad80000, 0x0000000773180000, 0x00000007c0000000)
  eden space 65536K, 100% used [0x000000076ad80000,0x000000076ed80000,0x000000076ed80000)
  from space 10752K, 99% used [0x000000076f800000,0x000000077027f480,0x0000000770280000)
  to   space 10752K, 0% used [0x000000076ed80000,0x000000076ed80000,0x000000076f800000)
 ParOldGen       total 73728K, used 30417K [0x00000006c0800000, 0x00000006c5000000, 0x000000076ad80000)
  object space 73728K, 41% used [0x00000006c0800000,0x00000006c25b4610,0x00000006c5000000)
 Metaspace       used 21865K, capacity 22117K, committed 22704K, reserved 1069056K
  class space    used 2369K, capacity 2473K, committed 2560K, reserved 1048576K
Event: 11.710 GC heap after
Heap after GC invocations=4 (full 1):
 PSYoungGen      total 76288K, used 10741K [0x000000076ad80000, 0x0000000772f00000, 0x00000007c0000000)
  eden space 65536K, 0% used [0x000000076ad80000,0x000000076ad80000,0x000000076ed80000)
  from space 10752K, 99% used [0x000000076ed80000,0x000000076f7fd700,0x000000076f800000)
  to   space 10752K, 0% used [0x0000000772480000,0x0000000772480000,0x0000000772f00000)
 ParOldGen       total 89600K, used 88249K [0x00000006c0800000, 0x00000006c5f80000, 0x000000076ad80000)
  object space 89600K, 98% used [0x00000006c0800000,0x00000006c5e2e4c0,0x00000006c5f80000)
 Metaspace       used 21865K, capacity 22117K, committed 22704K, reserved 1069056K
  class space    used 2369K, capacity 2473K, committed 2560K, reserved 1048576K
}
Event: 11.710 GC heap before
{Heap before GC invocations=5 (full 2):
 PSYoungGen      total 76288K, used 10741K [0x000000076ad80000, 0x0000000772f00000, 0x00000007c0000000)
  eden space 65536K, 0% used [0x000000076ad80000,0x000000076ad80000,0x000000076ed80000)
  from space 10752K, 99% used [0x000000076ed80000,0x000000076f7fd700,0x000000076f800000)
  to   space 10752K, 0% used [0x0000000772480000,0x0000000772480000,0x0000000772f00000)
 ParOldGen       total 89600K, used 88249K [0x00000006c0800000, 0x00000006c5f80000, 0x000000076ad80000)
  object space 89600K, 98% used [0x00000006c0800000,0x00000006c5e2e4c0,0x00000006c5f80000)
 Metaspace       used 21865K, capacity 22117K, committed 22704K, reserved 1069056K
  class space    used 2369K, capacity 2473K, committed 2560K, reserved 1048576K
Event: 11.749 GC heap after
Heap after GC invocations=5 (full 2):
 PSYoungGen      total 76288K, used 0K [0x000000076ad80000, 0x0000000772f00000, 0x00000007c0000000)
  eden space 65536K, 0% used [0x000000076ad80000,0x000000076ad80000,0x000000076ed80000)
  from space 10752K, 0% used [0x000000076ed80000,0x000000076ed80000,0x000000076f800000)
  to   space 10752K, 0% used [0x0000000772480000,0x0000000772480000,0x0000000772f00000)
 ParOldGen       total 161792K, used 5510K [0x00000006c0800000, 0x00000006ca600000, 0x000000076ad80000)
  object space 161792K, 3% used [0x00000006c0800000,0x00000006c0d61ad0,0x00000006ca600000)
 Metaspace       used 21865K, capacity 22117K, committed 22704K, reserved 1069056K
  class space    used 2369K, capacity 2473K, committed 2560K, reserved 1048576K
}

