# JRE version: Java(TM) SE Runtime Environment (8.0_171-b11) (build 1.8.0_171-b11)
# Java VM: Java HotSpot(TM) 64-Bit Server VM (25.171-b11 mixed mode windows-amd64 compressed oops)
Heap:
 PSYoungGen      total 76288K, used 32153K [0x000000076ad80000, 0x0000000770280000, 0x00000007c0000000)
  eden space 65536K, 49% used [0x000000076ad80000,0x000000076cce66a8,0x000000076ed80000)
  from space 10752K, 0% used [0x000000076ed80000,0x000000076ed80000,0x000000076f800000)
  to   space 10752K, 0% used [0x000000076f800000,0x000000076f800000,0x0000000770280000)
 ParOldGen       total 73728K, used 7667K [0x00000006c0800000, 0x00000006c5000000, 0x000000076ad80000)
  object space 73728K, 10% used [0x00000006c0800000,0x00000006c0f7cee0,0x00000006c5000000)
 Metaspace       used 21784K, capacity 22061K, committed 22448K, reserved 1069056K
  class space    used 2368K, capacity 2473K, committed 2560K, reserved 1048576K
GC Heap History (4 events):
Event: 5.815 GC heap before
{Heap before GC invocations=1 (full 0):
 PSYoungGen      total 76288K, used 62920K [0x000000076ad80000, 0x0000000770280000, 0x00000007c0000000)
  eden space 65536K, 96% used [0x000000076ad80000,0x000000076eaf20c8,0x000000076ed80000)
  from space 10752K, 0% used [0x000000076f800000,0x000000076f800000,0x0000000770280000)
  to   space 10752K, 0% used [0x000000076ed80000,0x000000076ed80000,0x000000076f800000)
 ParOldGen       total 175104K, used 0K [0x00000006c0800000, 0x00000006cb300000, 0x000000076ad80000)
  object space 175104K, 0% used [0x00000006c0800000,0x00000006c0800000,0x00000006cb300000)
 Metaspace       used 20656K, capacity 20903K, committed 21296K, reserved 1069056K
  class space    used 2241K, capacity 2344K, committed 2432K, reserved 1048576K
Event: 5.833 GC heap after
Heap after GC invocations=1 (full 0):
 PSYoungGen      total 76288K, used 8000K [0x000000076ad80000, 0x0000000770280000, 0x00000007c0000000)
  eden space 65536K, 0% used [0x000000076ad80000,0x000000076ad80000,0x000000076ed80000)
  from space 10752K, 74% used [0x000000076ed80000,0x000000076f550158,0x000000076f800000)
  to   space 10752K, 0% used [0x000000076f800000,0x000000076f800000,0x0000000770280000)
 ParOldGen       total 175104K, used 24K [0x00000006c0800000, 0x00000006cb300000, 0x000000076ad80000)
  object space 175104K, 0% used [0x00000006c0800000,0x00000006c0806000,0x00000006cb300000)
 Metaspace       used 20656K, capacity 20903K, committed 21296K, reserved 1069056K
  class space    used 2241K, capacity 2344K, committed 2432K, reserved 1048576K
}
Event: 5.833 GC heap before
{Heap before GC invocations=2 (full 1):
 PSYoungGen      total 76288K, used 8000K [0x000000076ad80000, 0x0000000770280000, 0x00000007c0000000)
  eden space 65536K, 0% used [0x000000076ad80000,0x000000076ad80000,0x000000076ed80000)
  from space 10752K, 74% used [0x000000076ed80000,0x000000076f550158,0x000000076f800000)
  to   space 10752K, 0% used [0x000000076f800000,0x000000076f800000,0x0000000770280000)
 ParOldGen       total 175104K, used 24K [0x00000006c0800000, 0x00000006cb300000, 0x000000076ad80000)
  object space 175104K, 0% used [0x00000006c0800000,0x00000006c0806000,0x00000006cb300000)
 Metaspace       used 20656K, capacity 20903K, committed 21296K, reserved 1069056K
  class space    used 2241K, capacity 2344K, committed 2432K, reserved 1048576K
Event: 5.866 GC heap after
Heap after GC invocations=2 (full 1):
 PSYoungGen      total 76288K, used 0K [0x000000076ad80000, 0x0000000770280000, 0x00000007c0000000)
  eden space 65536K, 0% used [0x000000076ad80000,0x000000076ad80000,0x000000076ed80000)
  from space 10752K, 0% used [0x000000076ed80000,0x000000076ed80000,0x000000076f800000)
  to   space 10752K, 0% used [0x000000076f800000,0x000000076f800000,0x0000000770280000)
 ParOldGen       total 73728K, used 7667K [0x00000006c0800000, 0x00000006c5000000, 0x000000076ad80000)
  object space 73728K, 10% used [0x00000006c0800000,0x00000006c0f7cee0,0x00000006c5000000)
 Metaspace       used 20656K, capacity 20903K, committed 21296K, reserved 1069056K
  class space    used 2241K, capacity 2344K, committed 2432K, reserved 1048576K
}

