# JRE version: Java(TM) SE Runtime Environment (8.0_171-b11) (build 1.8.0_171-b11)
# Java VM: Java HotSpot(TM) 64-Bit Server VM (25.171-b11 mixed mode windows-amd64 compressed oops)
Heap:
 PSYoungGen      total 428544K, used 184627K [0x000000076ad80000, 0x0000000793180000, 0x00000007c0000000)
  eden space 333312K, 27% used [0x000000076ad80000,0x00000007706cbf18,0x000000077f300000)
  from space 95232K, 97% used [0x000000077f300000,0x0000000784e010d8,0x0000000785000000)
  to   space 115200K, 0% used [0x000000078c100000,0x000000078c100000,0x0000000793180000)
 ParOldGen       total 1020416K, used 614356K [0x00000006c0800000, 0x00000006fec80000, 0x000000076ad80000)
  object space 1020416K, 60% used [0x00000006c0800000,0x00000006e5ff5168,0x00000006fec80000)
 Metaspace       used 22456K, capacity 22759K, committed 23040K, reserved 1069056K
  class space    used 2418K, capacity 2515K, committed 2560K, reserved 1048576K
GC Heap History (10 events):
Event: 16.125 GC heap before
{Heap before GC invocations=13 (full 3):
 PSYoungGen      total 346112K, used 256736K [0x000000076ad80000, 0x0000000788080000, 0x00000007c0000000)
  eden space 256512K, 100% used [0x000000076ad80000,0x000000077a800000,0x000000077a800000)
  from space 89600K, 0% used [0x000000077a800000,0x000000077a838000,0x000000077ff80000)
  to   space 86016K, 0% used [0x0000000782c80000,0x0000000782c80000,0x0000000788080000)
 ParOldGen       total 583680K, used 259058K [0x00000006c0800000, 0x00000006e4200000, 0x000000076ad80000)
  object space 583680K, 44% used [0x00000006c0800000,0x00000006d04fcbb8,0x00000006e4200000)
 Metaspace       used 17507K, capacity 17758K, committed 18304K, reserved 1064960K
  class space    used 2163K, capacity 2244K, committed 2432K, reserved 1048576K
Event: 16.128 GC heap after
Heap after GC invocations=13 (full 3):
 PSYoungGen      total 376832K, used 128K [0x000000076ad80000, 0x0000000787580000, 0x00000007c0000000)
  eden space 302080K, 0% used [0x000000076ad80000,0x000000076ad80000,0x000000077d480000)
  from space 74752K, 0% used [0x0000000782c80000,0x0000000782ca0000,0x0000000787580000)
  to   space 82432K, 0% used [0x000000077d480000,0x000000077d480000,0x0000000782500000)
 ParOldGen       total 583680K, used 259058K [0x00000006c0800000, 0x00000006e4200000, 0x000000076ad80000)
  object space 583680K, 44% used [0x00000006c0800000,0x00000006d04fcbb8,0x00000006e4200000)
 Metaspace       used 17507K, capacity 17758K, committed 18304K, reserved 1064960K
  class space    used 2163K, capacity 2244K, committed 2432K, reserved 1048576K
}
Event: 16.401 GC heap before
{Heap before GC invocations=14 (full 3):
 PSYoungGen      total 376832K, used 302208K [0x000000076ad80000, 0x0000000787580000, 0x00000007c0000000)
  eden space 302080K, 100% used [0x000000076ad80000,0x000000077d480000,0x000000077d480000)
  from space 74752K, 0% used [0x0000000782c80000,0x0000000782ca0000,0x0000000787580000)
  to   space 82432K, 0% used [0x000000077d480000,0x000000077d480000,0x0000000782500000)
 ParOldGen       total 583680K, used 259058K [0x00000006c0800000, 0x00000006e4200000, 0x000000076ad80000)
  object space 583680K, 44% used [0x00000006c0800000,0x00000006d04fcbb8,0x00000006e4200000)
 Metaspace       used 17507K, capacity 17758K, committed 18304K, reserved 1064960K
  class space    used 2163K, capacity 2244K, committed 2432K, reserved 1048576K
Event: 16.404 GC heap after
Heap after GC invocations=14 (full 3):
 PSYoungGen      total 384512K, used 224K [0x000000076ad80000, 0x0000000789c80000, 0x00000007c0000000)
  eden space 302080K, 0% used [0x000000076ad80000,0x000000076ad80000,0x000000077d480000)
  from space 82432K, 0% used [0x000000077d480000,0x000000077d4b8000,0x0000000782500000)
  to   space 78336K, 0% used [0x0000000785000000,0x0000000785000000,0x0000000789c80000)
 ParOldGen       total 583680K, used 259058K [0x00000006c0800000, 0x00000006e4200000, 0x000000076ad80000)
  object space 583680K, 44% used [0x00000006c0800000,0x00000006d04fcbb8,0x00000006e4200000)
 Metaspace       used 17507K, capacity 17758K, committed 18304K, reserved 1064960K
  class space    used 2163K, capacity 2244K, committed 2432K, reserved 1048576K
}
Event: 16.990 GC heap before
{Heap before GC invocations=15 (full 3):
 PSYoungGen      total 384512K, used 301397K [0x000000076ad80000, 0x0000000789c80000, 0x00000007c0000000)
  eden space 302080K, 99% used [0x000000076ad80000,0x000000077d39d540,0x000000077d480000)
  from space 82432K, 0% used [0x000000077d480000,0x000000077d4b8000,0x0000000782500000)
  to   space 78336K, 0% used [0x0000000785000000,0x0000000785000000,0x0000000789c80000)
 ParOldGen       total 583680K, used 259058K [0x00000006c0800000, 0x00000006e4200000, 0x000000076ad80000)
  object space 583680K, 44% used [0x00000006c0800000,0x00000006d04fcbb8,0x00000006e4200000)
 Metaspace       used 17521K, capacity 17822K, committed 18304K, reserved 1064960K
  class space    used 2163K, capacity 2244K, committed 2432K, reserved 1048576K
Event: 17.015 GC heap after
Heap after GC invocations=15 (full 3):
 PSYoungGen      total 411648K, used 77921K [0x000000076ad80000, 0x000000078c800000, 0x00000007c0000000)
  eden space 333312K, 0% used [0x000000076ad80000,0x000000076ad80000,0x000000077f300000)
  from space 78336K, 99% used [0x0000000785000000,0x0000000789c184c0,0x0000000789c80000)
  to   space 95232K, 0% used [0x000000077f300000,0x000000077f300000,0x0000000785000000)
 ParOldGen       total 583680K, used 297979K [0x00000006c0800000, 0x00000006e4200000, 0x000000076ad80000)
  object space 583680K, 51% used [0x00000006c0800000,0x00000006d2afee18,0x00000006e4200000)
 Metaspace       used 17521K, capacity 17822K, committed 18304K, reserved 1064960K
  class space    used 2163K, capacity 2244K, committed 2432K, reserved 1048576K
}
Event: 17.950 GC heap before
{Heap before GC invocations=16 (full 3):
 PSYoungGen      total 411648K, used 410455K [0x000000076ad80000, 0x000000078c800000, 0x00000007c0000000)
  eden space 333312K, 99% used [0x000000076ad80000,0x000000077f23d940,0x000000077f300000)
  from space 78336K, 99% used [0x0000000785000000,0x0000000789c184c0,0x0000000789c80000)
  to   space 95232K, 0% used [0x000000077f300000,0x000000077f300000,0x0000000785000000)
 ParOldGen       total 583680K, used 297979K [0x00000006c0800000, 0x00000006e4200000, 0x000000076ad80000)
  object space 583680K, 51% used [0x00000006c0800000,0x00000006d2afee18,0x00000006e4200000)
 Metaspace       used 17521K, capacity 17822K, committed 18304K, reserved 1064960K
  class space    used 2163K, capacity 2244K, committed 2432K, reserved 1048576K
Event: 18.057 GC heap after
Heap after GC invocations=16 (full 3):
 PSYoungGen      total 428544K, used 94273K [0x000000076ad80000, 0x0000000793180000, 0x00000007c0000000)
  eden space 333312K, 0% used [0x000000076ad80000,0x000000076ad80000,0x000000077f300000)
  from space 95232K, 98% used [0x000000077f300000,0x0000000784f105c0,0x0000000785000000)
  to   space 115200K, 0% used [0x000000078c100000,0x000000078c100000,0x0000000793180000)
 ParOldGen       total 614400K, used 613376K [0x00000006c0800000, 0x00000006e6000000, 0x000000076ad80000)
  object space 614400K, 99% used [0x00000006c0800000,0x00000006e5f00158,0x00000006e6000000)
 Metaspace       used 17521K, capacity 17822K, committed 18304K, reserved 1064960K
  class space    used 2163K, capacity 2244K, committed 2432K, reserved 1048576K
}
Event: 18.057 GC heap before
{Heap before GC invocations=17 (full 4):
 PSYoungGen      total 428544K, used 94273K [0x000000076ad80000, 0x0000000793180000, 0x00000007c0000000)
  eden space 333312K, 0% used [0x000000076ad80000,0x000000076ad80000,0x000000077f300000)
  from space 95232K, 98% used [0x000000077f300000,0x0000000784f105c0,0x0000000785000000)
  to   space 115200K, 0% used [0x000000078c100000,0x000000078c100000,0x0000000793180000)
 ParOldGen       total 614400K, used 613376K [0x00000006c0800000, 0x00000006e6000000, 0x000000076ad80000)
  object space 614400K, 99% used [0x00000006c0800000,0x00000006e5f00158,0x00000006e6000000)
 Metaspace       used 17521K, capacity 17822K, committed 18304K, reserved 1064960K
  class space    used 2163K, capacity 2244K, committed 2432K, reserved 1048576K
Event: 18.214 GC heap after
Heap after GC invocations=17 (full 4):
 PSYoungGen      total 428544K, used 93188K [0x000000076ad80000, 0x0000000793180000, 0x00000007c0000000)
  eden space 333312K, 0% used [0x000000076ad80000,0x000000076ad80000,0x000000077f300000)
  from space 95232K, 97% used [0x000000077f300000,0x0000000784e010d8,0x0000000785000000)
  to   space 115200K, 0% used [0x000000078c100000,0x000000078c100000,0x0000000793180000)
 ParOldGen       total 1020416K, used 614356K [0x00000006c0800000, 0x00000006fec80000, 0x000000076ad80000)
  object space 1020416K, 60% used [0x00000006c0800000,0x00000006e5ff5168,0x00000006fec80000)
 Metaspace       used 17521K, capacity 17822K, committed 18304K, reserved 1064960K
  class space    used 2163K, capacity 2244K, committed 2432K, reserved 1048576K
}

