# JRE version: Java(TM) SE Runtime Environment (8.0_171-b11) (build 1.8.0_171-b11)
# Java VM: Java HotSpot(TM) 64-Bit Server VM (25.171-b11 mixed mode windows-amd64 compressed oops)
Heap:
 PSYoungGen      total 496128K, used 15594K [0x000000076ad80000, 0x0000000790200000, 0x00000007c0000000)
  eden space 411648K, 3% used [0x000000076ad80000,0x000000076bcba9f0,0x0000000783f80000)
  from space 84480K, 0% used [0x0000000789f00000,0x0000000789f00000,0x000000078f180000)
  to   space 97792K, 0% used [0x0000000783f80000,0x0000000783f80000,0x0000000789f00000)
 ParOldGen       total 324096K, used 5542K [0x00000006c0800000, 0x00000006d4480000, 0x000000076ad80000)
  object space 324096K, 1% used [0x00000006c0800000,0x00000006c0d69990,0x00000006d4480000)
 Metaspace       used 22355K, capacity 22641K, committed 23040K, reserved 1069056K
  class space    used 2371K, capacity 2473K, committed 2560K, reserved 1048576K
GC Heap History (10 events):
Event: 10.175 GC heap before
{Heap before GC invocations=11 (full 4):
 PSYoungGen      total 218624K, used 52001K [0x000000076ad80000, 0x0000000785580000, 0x00000007c0000000)
  eden space 166400K, 0% used [0x000000076ad80000,0x000000076ad80000,0x0000000775000000)
  from space 52224K, 99% used [0x0000000775000000,0x00000007782c87f0,0x0000000778300000)
  to   space 62976K, 0% used [0x0000000781800000,0x0000000781800000,0x0000000785580000)
 ParOldGen       total 274944K, used 271694K [0x00000006c0800000, 0x00000006d1480000, 0x000000076ad80000)
  object space 274944K, 98% used [0x00000006c0800000,0x00000006d1153938,0x00000006d1480000)
 Metaspace       used 22154K, capacity 22449K, committed 22960K, reserved 1069056K
  class space    used 2367K, capacity 2473K, committed 2560K, reserved 1048576K
Event: 10.248 GC heap after
Heap after GC invocations=11 (full 4):
 PSYoungGen      total 218624K, used 41730K [0x000000076ad80000, 0x0000000785580000, 0x00000007c0000000)
  eden space 166400K, 0% used [0x000000076ad80000,0x000000076ad80000,0x0000000775000000)
  from space 52224K, 79% used [0x0000000775000000,0x00000007778c08c0,0x0000000778300000)
  to   space 62976K, 0% used [0x0000000781800000,0x0000000781800000,0x0000000785580000)
 ParOldGen       total 529408K, used 274510K [0x00000006c0800000, 0x00000006e0d00000, 0x000000076ad80000)
  object space 529408K, 51% used [0x00000006c0800000,0x00000006d1413988,0x00000006e0d00000)
 Metaspace       used 22154K, capacity 22449K, committed 22960K, reserved 1069056K
  class space    used 2367K, capacity 2473K, committed 2560K, reserved 1048576K
}
Event: 10.563 GC heap before
{Heap before GC invocations=12 (full 4):
 PSYoungGen      total 218624K, used 207510K [0x000000076ad80000, 0x0000000785580000, 0x00000007c0000000)
  eden space 166400K, 99% used [0x000000076ad80000,0x0000000774f65040,0x0000000775000000)
  from space 52224K, 79% used [0x0000000775000000,0x00000007778c08c0,0x0000000778300000)
  to   space 62976K, 0% used [0x0000000781800000,0x0000000781800000,0x0000000785580000)
 ParOldGen       total 529408K, used 274510K [0x00000006c0800000, 0x00000006e0d00000, 0x000000076ad80000)
  object space 529408K, 51% used [0x00000006c0800000,0x00000006d1413988,0x00000006e0d00000)
 Metaspace       used 22200K, capacity 22513K, committed 22960K, reserved 1069056K
  class space    used 2367K, capacity 2473K, committed 2560K, reserved 1048576K
Event: 10.590 GC heap after
Heap after GC invocations=12 (full 4):
 PSYoungGen      total 356352K, used 62658K [0x000000076ad80000, 0x0000000785d00000, 0x00000007c0000000)
  eden space 293376K, 0% used [0x000000076ad80000,0x000000076ad80000,0x000000077cc00000)
  from space 62976K, 99% used [0x0000000781800000,0x0000000785530880,0x0000000785580000)
  to   space 74240K, 0% used [0x000000077cc00000,0x000000077cc00000,0x0000000781480000)
 ParOldGen       total 529408K, used 288854K [0x00000006c0800000, 0x00000006e0d00000, 0x000000076ad80000)
  object space 529408K, 54% used [0x00000006c0800000,0x00000006d2215b48,0x00000006e0d00000)
 Metaspace       used 22200K, capacity 22513K, committed 22960K, reserved 1069056K
  class space    used 2367K, capacity 2473K, committed 2560K, reserved 1048576K
}
Event: 10.790 GC heap before
{Heap before GC invocations=13 (full 4):
 PSYoungGen      total 356352K, used 355228K [0x000000076ad80000, 0x0000000785d00000, 0x00000007c0000000)
  eden space 293376K, 99% used [0x000000076ad80000,0x000000077cb36b68,0x000000077cc00000)
  from space 62976K, 99% used [0x0000000781800000,0x0000000785530880,0x0000000785580000)
  to   space 74240K, 0% used [0x000000077cc00000,0x000000077cc00000,0x0000000781480000)
 ParOldGen       total 529408K, used 288854K [0x00000006c0800000, 0x00000006e0d00000, 0x000000076ad80000)
  object space 529408K, 54% used [0x00000006c0800000,0x00000006d2215b48,0x00000006e0d00000)
 Metaspace       used 22223K, capacity 22513K, committed 22960K, reserved 1069056K
  class space    used 2367K, capacity 2473K, committed 2560K, reserved 1048576K
Event: 10.817 GC heap after
Heap after GC invocations=13 (full 4):
 PSYoungGen      total 367616K, used 67298K [0x000000076ad80000, 0x000000078f180000, 0x00000007c0000000)
  eden space 293376K, 0% used [0x000000076ad80000,0x000000076ad80000,0x000000077cc00000)
  from space 74240K, 90% used [0x000000077cc00000,0x0000000780db89a0,0x0000000781480000)
  to   space 84480K, 0% used [0x0000000789f00000,0x0000000789f00000,0x000000078f180000)
 ParOldGen       total 529408K, used 288854K [0x00000006c0800000, 0x00000006e0d00000, 0x000000076ad80000)
  object space 529408K, 54% used [0x00000006c0800000,0x00000006d2215b48,0x00000006e0d00000)
 Metaspace       used 22223K, capacity 22513K, committed 22960K, reserved 1069056K
  class space    used 2367K, capacity 2473K, committed 2560K, reserved 1048576K
}
Event: 39.134 GC heap before
{Heap before GC invocations=14 (full 4):
 PSYoungGen      total 367616K, used 360674K [0x000000076ad80000, 0x000000078f180000, 0x00000007c0000000)
  eden space 293376K, 100% used [0x000000076ad80000,0x000000077cc00000,0x000000077cc00000)
  from space 74240K, 90% used [0x000000077cc00000,0x0000000780db89a0,0x0000000781480000)
  to   space 84480K, 0% used [0x0000000789f00000,0x0000000789f00000,0x000000078f180000)
 ParOldGen       total 529408K, used 288854K [0x00000006c0800000, 0x00000006e0d00000, 0x000000076ad80000)
  object space 529408K, 54% used [0x00000006c0800000,0x00000006d2215b48,0x00000006e0d00000)
 Metaspace       used 22340K, capacity 22641K, committed 23040K, reserved 1069056K
  class space    used 2370K, capacity 2473K, committed 2560K, reserved 1048576K
Event: 39.249 GC heap after
Heap after GC invocations=14 (full 4):
 PSYoungGen      total 496128K, used 84157K [0x000000076ad80000, 0x0000000790200000, 0x00000007c0000000)
  eden space 411648K, 0% used [0x000000076ad80000,0x000000076ad80000,0x0000000783f80000)
  from space 84480K, 99% used [0x0000000789f00000,0x000000078f12f770,0x000000078f180000)
  to   space 97792K, 0% used [0x0000000783f80000,0x0000000783f80000,0x0000000789f00000)
 ParOldGen       total 529408K, used 496523K [0x00000006c0800000, 0x00000006e0d00000, 0x000000076ad80000)
  object space 529408K, 93% used [0x00000006c0800000,0x00000006dece2c28,0x00000006e0d00000)
 Metaspace       used 22340K, capacity 22641K, committed 23040K, reserved 1069056K
  class space    used 2370K, capacity 2473K, committed 2560K, reserved 1048576K
}
Event: 39.249 GC heap before
{Heap before GC invocations=15 (full 5):
 PSYoungGen      total 496128K, used 84157K [0x000000076ad80000, 0x0000000790200000, 0x00000007c0000000)
  eden space 411648K, 0% used [0x000000076ad80000,0x000000076ad80000,0x0000000783f80000)
  from space 84480K, 99% used [0x0000000789f00000,0x000000078f12f770,0x000000078f180000)
  to   space 97792K, 0% used [0x0000000783f80000,0x0000000783f80000,0x0000000789f00000)
 ParOldGen       total 529408K, used 496523K [0x00000006c0800000, 0x00000006e0d00000, 0x000000076ad80000)
  object space 529408K, 93% used [0x00000006c0800000,0x00000006dece2c28,0x00000006e0d00000)
 Metaspace       used 22340K, capacity 22641K, committed 23040K, reserved 1069056K
  class space    used 2370K, capacity 2473K, committed 2560K, reserved 1048576K
Event: 39.338 GC heap after
Heap after GC invocations=15 (full 5):
 PSYoungGen      total 496128K, used 0K [0x000000076ad80000, 0x0000000790200000, 0x00000007c0000000)
  eden space 411648K, 0% used [0x000000076ad80000,0x000000076ad80000,0x0000000783f80000)
  from space 84480K, 0% used [0x0000000789f00000,0x0000000789f00000,0x000000078f180000)
  to   space 97792K, 0% used [0x0000000783f80000,0x0000000783f80000,0x0000000789f00000)
 ParOldGen       total 324096K, used 5542K [0x00000006c0800000, 0x00000006d4480000, 0x000000076ad80000)
  object space 324096K, 1% used [0x00000006c0800000,0x00000006c0d69990,0x00000006d4480000)
 Metaspace       used 22340K, capacity 22641K, committed 23040K, reserved 1069056K
  class space    used 2370K, capacity 2473K, committed 2560K, reserved 1048576K
}

