# JRE version: Java(TM) SE Runtime Environment (8.0_171-b11) (build 1.8.0_171-b11)
# Java VM: Java HotSpot(TM) 64-Bit Server VM (25.171-b11 mixed mode windows-amd64 compressed oops)
Heap:
 PSYoungGen      total 408064K, used 220795K [0x000000076ad80000, 0x0000000790880000, 0x00000007c0000000)
  eden space 317440K, 51% used [0x000000076ad80000,0x0000000774e1eaa0,0x000000077e380000)
  from space 90624K, 62% used [0x000000077e380000,0x0000000781a80370,0x0000000783c00000)
  to   space 109568K, 0% used [0x0000000789d80000,0x0000000789d80000,0x0000000790880000)
 ParOldGen       total 979968K, used 577492K [0x00000006c0800000, 0x00000006fc500000, 0x000000076ad80000)
  object space 979968K, 58% used [0x00000006c0800000,0x00000006e3bf52d0,0x00000006fc500000)
 Metaspace       used 22551K, capacity 22823K, committed 23040K, reserved 1069056K
  class space    used 2418K, capacity 2515K, committed 2560K, reserved 1048576K
GC Heap History (10 events):
Event: 18.755 GC heap before
{Heap before GC invocations=13 (full 3):
 PSYoungGen      total 338944K, used 246464K [0x000000076ad80000, 0x0000000787700000, 0x00000007c0000000)
  eden space 246272K, 100% used [0x000000076ad80000,0x0000000779e00000,0x0000000779e00000)
  from space 92672K, 0% used [0x0000000779e00000,0x0000000779e30000,0x000000077f880000)
  to   space 89088K, 0% used [0x0000000782000000,0x0000000782000000,0x0000000787700000)
 ParOldGen       total 577536K, used 259057K [0x00000006c0800000, 0x00000006e3c00000, 0x000000076ad80000)
  object space 577536K, 44% used [0x00000006c0800000,0x00000006d04fc730,0x00000006e3c00000)
 Metaspace       used 17618K, capacity 17878K, committed 18176K, reserved 1064960K
  class space    used 2163K, capacity 2244K, committed 2304K, reserved 1048576K
Event: 18.757 GC heap after
Heap after GC invocations=13 (full 3):
 PSYoungGen      total 361984K, used 160K [0x000000076ad80000, 0x0000000786a80000, 0x00000007c0000000)
  eden space 285696K, 0% used [0x000000076ad80000,0x000000076ad80000,0x000000077c480000)
  from space 76288K, 0% used [0x0000000782000000,0x0000000782028000,0x0000000786a80000)
  to   space 84992K, 0% used [0x000000077c480000,0x000000077c480000,0x0000000781780000)
 ParOldGen       total 577536K, used 259057K [0x00000006c0800000, 0x00000006e3c00000, 0x000000076ad80000)
  object space 577536K, 44% used [0x00000006c0800000,0x00000006d04fc730,0x00000006e3c00000)
 Metaspace       used 17618K, capacity 17878K, committed 18176K, reserved 1064960K
  class space    used 2163K, capacity 2244K, committed 2304K, reserved 1048576K
}
Event: 19.039 GC heap before
{Heap before GC invocations=14 (full 3):
 PSYoungGen      total 361984K, used 285856K [0x000000076ad80000, 0x0000000786a80000, 0x00000007c0000000)
  eden space 285696K, 100% used [0x000000076ad80000,0x000000077c480000,0x000000077c480000)
  from space 76288K, 0% used [0x0000000782000000,0x0000000782028000,0x0000000786a80000)
  to   space 84992K, 0% used [0x000000077c480000,0x000000077c480000,0x0000000781780000)
 ParOldGen       total 577536K, used 259057K [0x00000006c0800000, 0x00000006e3c00000, 0x000000076ad80000)
  object space 577536K, 44% used [0x00000006c0800000,0x00000006d04fc730,0x00000006e3c00000)
 Metaspace       used 17622K, capacity 17886K, committed 18176K, reserved 1064960K
  class space    used 2163K, capacity 2244K, committed 2304K, reserved 1048576K
Event: 19.041 GC heap after
Heap after GC invocations=14 (full 3):
 PSYoungGen      total 370688K, used 192K [0x000000076ad80000, 0x0000000788b80000, 0x00000007c0000000)
  eden space 285696K, 0% used [0x000000076ad80000,0x000000076ad80000,0x000000077c480000)
  from space 84992K, 0% used [0x000000077c480000,0x000000077c4b0000,0x0000000781780000)
  to   space 81408K, 0% used [0x0000000783c00000,0x0000000783c00000,0x0000000788b80000)
 ParOldGen       total 577536K, used 259057K [0x00000006c0800000, 0x00000006e3c00000, 0x000000076ad80000)
  object space 577536K, 44% used [0x00000006c0800000,0x00000006d04fc730,0x00000006e3c00000)
 Metaspace       used 17622K, capacity 17886K, committed 18176K, reserved 1064960K
  class space    used 2163K, capacity 2244K, committed 2304K, reserved 1048576K
}
Event: 19.514 GC heap before
{Heap before GC invocations=15 (full 3):
 PSYoungGen      total 370688K, used 285649K [0x000000076ad80000, 0x0000000788b80000, 0x00000007c0000000)
  eden space 285696K, 99% used [0x000000076ad80000,0x000000077c444608,0x000000077c480000)
  from space 84992K, 0% used [0x000000077c480000,0x000000077c4b0000,0x0000000781780000)
  to   space 81408K, 0% used [0x0000000783c00000,0x0000000783c00000,0x0000000788b80000)
 ParOldGen       total 577536K, used 259057K [0x00000006c0800000, 0x00000006e3c00000, 0x000000076ad80000)
  object space 577536K, 44% used [0x00000006c0800000,0x00000006d04fc730,0x00000006e3c00000)
 Metaspace       used 17632K, capacity 17886K, committed 18176K, reserved 1064960K
  class space    used 2163K, capacity 2244K, committed 2304K, reserved 1048576K
Event: 19.530 GC heap after
Heap after GC invocations=15 (full 3):
 PSYoungGen      total 398848K, used 58592K [0x000000076ad80000, 0x000000078a580000, 0x00000007c0000000)
  eden space 317440K, 0% used [0x000000076ad80000,0x000000076ad80000,0x000000077e380000)
  from space 81408K, 71% used [0x0000000783c00000,0x0000000787538390,0x0000000788b80000)
  to   space 90624K, 0% used [0x000000077e380000,0x000000077e380000,0x0000000783c00000)
 ParOldGen       total 577536K, used 259057K [0x00000006c0800000, 0x00000006e3c00000, 0x000000076ad80000)
  object space 577536K, 44% used [0x00000006c0800000,0x00000006d04fc730,0x00000006e3c00000)
 Metaspace       used 17632K, capacity 17886K, committed 18176K, reserved 1064960K
  class space    used 2163K, capacity 2244K, committed 2304K, reserved 1048576K
}
Event: 20.429 GC heap before
{Heap before GC invocations=16 (full 3):
 PSYoungGen      total 398848K, used 375326K [0x000000076ad80000, 0x000000078a580000, 0x00000007c0000000)
  eden space 317440K, 99% used [0x000000076ad80000,0x000000077e2cf580,0x000000077e380000)
  from space 81408K, 71% used [0x0000000783c00000,0x0000000787538390,0x0000000788b80000)
  to   space 90624K, 0% used [0x000000077e380000,0x000000077e380000,0x0000000783c00000)
 ParOldGen       total 577536K, used 259057K [0x00000006c0800000, 0x00000006e3c00000, 0x000000076ad80000)
  object space 577536K, 44% used [0x00000006c0800000,0x00000006d04fc730,0x00000006e3c00000)
 Metaspace       used 17632K, capacity 17886K, committed 18176K, reserved 1064960K
  class space    used 2163K, capacity 2244K, committed 2304K, reserved 1048576K
Event: 20.515 GC heap after
Heap after GC invocations=16 (full 3):
 PSYoungGen      total 408064K, used 90337K [0x000000076ad80000, 0x0000000790880000, 0x00000007c0000000)
  eden space 317440K, 0% used [0x000000076ad80000,0x000000076ad80000,0x000000077e380000)
  from space 90624K, 99% used [0x000000077e380000,0x0000000783bb8580,0x0000000783c00000)
  to   space 109568K, 0% used [0x0000000789d80000,0x0000000789d80000,0x0000000790880000)
 ParOldGen       total 577536K, used 543734K [0x00000006c0800000, 0x00000006e3c00000, 0x000000076ad80000)
  object space 577536K, 94% used [0x00000006c0800000,0x00000006e1afd890,0x00000006e3c00000)
 Metaspace       used 17632K, capacity 17886K, committed 18176K, reserved 1064960K
  class space    used 2163K, capacity 2244K, committed 2304K, reserved 1048576K
}
Event: 20.515 GC heap before
{Heap before GC invocations=17 (full 4):
 PSYoungGen      total 408064K, used 90337K [0x000000076ad80000, 0x0000000790880000, 0x00000007c0000000)
  eden space 317440K, 0% used [0x000000076ad80000,0x000000076ad80000,0x000000077e380000)
  from space 90624K, 99% used [0x000000077e380000,0x0000000783bb8580,0x0000000783c00000)
  to   space 109568K, 0% used [0x0000000789d80000,0x0000000789d80000,0x0000000790880000)
 ParOldGen       total 577536K, used 543734K [0x00000006c0800000, 0x00000006e3c00000, 0x000000076ad80000)
  object space 577536K, 94% used [0x00000006c0800000,0x00000006e1afd890,0x00000006e3c00000)
 Metaspace       used 17632K, capacity 17886K, committed 18176K, reserved 1064960K
  class space    used 2163K, capacity 2244K, committed 2304K, reserved 1048576K
Event: 20.641 GC heap after
Heap after GC invocations=17 (full 4):
 PSYoungGen      total 408064K, used 56320K [0x000000076ad80000, 0x0000000790880000, 0x00000007c0000000)
  eden space 317440K, 0% used [0x000000076ad80000,0x000000076ad80000,0x000000077e380000)
  from space 90624K, 62% used [0x000000077e380000,0x0000000781a80370,0x0000000783c00000)
  to   space 109568K, 0% used [0x0000000789d80000,0x0000000789d80000,0x0000000790880000)
 ParOldGen       total 979968K, used 577492K [0x00000006c0800000, 0x00000006fc500000, 0x000000076ad80000)
  object space 979968K, 58% used [0x00000006c0800000,0x00000006e3bf52d0,0x00000006fc500000)
 Metaspace       used 17632K, capacity 17886K, committed 18176K, reserved 1064960K
  class space    used 2163K, capacity 2244K, committed 2304K, reserved 1048576K
}

