# JRE version: Java(TM) SE Runtime Environment (8.0_171-b11) (build 1.8.0_171-b11)
# Java VM: Java HotSpot(TM) 64-Bit Server VM (25.171-b11 mixed mode windows-amd64 compressed oops)
Heap:
 PSYoungGen      total 410112K, used 8283K [0x000000076ad80000, 0x0000000793300000, 0x00000007c0000000)
  eden space 312832K, 2% used [0x000000076ad80000,0x000000076b596f20,0x000000077df00000)
  from space 97280K, 0% used [0x000000077df00000,0x000000077df00000,0x0000000783e00000)
  to   space 114688K, 0% used [0x000000078c300000,0x000000078c300000,0x0000000793300000)
 ParOldGen       total 250880K, used 5535K [0x00000006c0800000, 0x00000006cfd00000, 0x000000076ad80000)
  object space 250880K, 2% used [0x00000006c0800000,0x00000006c0d67f88,0x00000006cfd00000)
 Metaspace       used 22339K, capacity 22637K, committed 23040K, reserved 1069056K
  class space    used 2370K, capacity 2473K, committed 2560K, reserved 1048576K
GC Heap History (10 events):
Event: 14.724 GC heap before
{Heap before GC invocations=10 (full 4):
 PSYoungGen      total 216576K, used 24544K [0x000000076ad80000, 0x0000000781580000, 0x00000007c0000000)
  eden space 192000K, 0% used [0x000000076ad80000,0x000000076ad80000,0x0000000776900000)
  from space 24576K, 99% used [0x000000077ae80000,0x000000077c678360,0x000000077c680000)
  to   space 71168K, 0% used [0x0000000776900000,0x0000000776900000,0x000000077ae80000)
 ParOldGen       total 229888K, used 154125K [0x00000006c0800000, 0x00000006ce880000, 0x000000076ad80000)
  object space 229888K, 67% used [0x00000006c0800000,0x00000006c9e83500,0x00000006ce880000)
 Metaspace       used 22124K, capacity 22381K, committed 22960K, reserved 1069056K
  class space    used 2367K, capacity 2473K, committed 2560K, reserved 1048576K
Event: 14.756 GC heap after
Heap after GC invocations=10 (full 4):
 PSYoungGen      total 216576K, used 0K [0x000000076ad80000, 0x0000000781580000, 0x00000007c0000000)
  eden space 192000K, 0% used [0x000000076ad80000,0x000000076ad80000,0x0000000776900000)
  from space 24576K, 0% used [0x000000077ae80000,0x000000077ae80000,0x000000077c680000)
  to   space 71168K, 0% used [0x0000000776900000,0x0000000776900000,0x000000077ae80000)
 ParOldGen       total 360448K, used 171558K [0x00000006c0800000, 0x00000006d6800000, 0x000000076ad80000)
  object space 360448K, 47% used [0x00000006c0800000,0x00000006caf89af0,0x00000006d6800000)
 Metaspace       used 22124K, capacity 22381K, committed 22960K, reserved 1069056K
  class space    used 2367K, capacity 2473K, committed 2560K, reserved 1048576K
}
Event: 15.080 GC heap before
{Heap before GC invocations=11 (full 4):
 PSYoungGen      total 216576K, used 191350K [0x000000076ad80000, 0x0000000781580000, 0x00000007c0000000)
  eden space 192000K, 99% used [0x000000076ad80000,0x000000077685dac0,0x0000000776900000)
  from space 24576K, 0% used [0x000000077ae80000,0x000000077ae80000,0x000000077c680000)
  to   space 71168K, 0% used [0x0000000776900000,0x0000000776900000,0x000000077ae80000)
 ParOldGen       total 360448K, used 171558K [0x00000006c0800000, 0x00000006d6800000, 0x000000076ad80000)
  object space 360448K, 47% used [0x00000006c0800000,0x00000006caf89af0,0x00000006d6800000)
 Metaspace       used 22171K, capacity 22509K, committed 22960K, reserved 1069056K
  class space    used 2367K, capacity 2473K, committed 2560K, reserved 1048576K
Event: 15.117 GC heap after
Heap after GC invocations=11 (full 4):
 PSYoungGen      total 263168K, used 70754K [0x000000076ad80000, 0x0000000789300000, 0x00000007c0000000)
  eden space 192000K, 0% used [0x000000076ad80000,0x000000076ad80000,0x0000000776900000)
  from space 71168K, 99% used [0x0000000776900000,0x000000077ae188a0,0x000000077ae80000)
  to   space 87040K, 0% used [0x0000000783e00000,0x0000000783e00000,0x0000000789300000)
 ParOldGen       total 360448K, used 211503K [0x00000006c0800000, 0x00000006d6800000, 0x000000076ad80000)
  object space 360448K, 58% used [0x00000006c0800000,0x00000006cd68bfd0,0x00000006d6800000)
 Metaspace       used 22171K, capacity 22509K, committed 22960K, reserved 1069056K
  class space    used 2367K, capacity 2473K, committed 2560K, reserved 1048576K
}
Event: 15.246 GC heap before
{Heap before GC invocations=12 (full 4):
 PSYoungGen      total 263168K, used 262307K [0x000000076ad80000, 0x0000000789300000, 0x00000007c0000000)
  eden space 192000K, 99% used [0x000000076ad80000,0x0000000776890448,0x0000000776900000)
  from space 71168K, 99% used [0x0000000776900000,0x000000077ae188a0,0x000000077ae80000)
  to   space 87040K, 0% used [0x0000000783e00000,0x0000000783e00000,0x0000000789300000)
 ParOldGen       total 360448K, used 211503K [0x00000006c0800000, 0x00000006d6800000, 0x000000076ad80000)
  object space 360448K, 58% used [0x00000006c0800000,0x00000006cd68bfd0,0x00000006d6800000)
 Metaspace       used 22191K, capacity 22509K, committed 22960K, reserved 1069056K
  class space    used 2367K, capacity 2473K, committed 2560K, reserved 1048576K
Event: 15.270 GC heap after
Heap after GC invocations=12 (full 4):
 PSYoungGen      total 399872K, used 70850K [0x000000076ad80000, 0x000000078a980000, 0x00000007c0000000)
  eden space 312832K, 0% used [0x000000076ad80000,0x000000076ad80000,0x000000077df00000)
  from space 87040K, 81% used [0x0000000783e00000,0x00000007883308a0,0x0000000789300000)
  to   space 97280K, 0% used [0x000000077df00000,0x000000077df00000,0x0000000783e00000)
 ParOldGen       total 360448K, used 211511K [0x00000006c0800000, 0x00000006d6800000, 0x000000076ad80000)
  object space 360448K, 58% used [0x00000006c0800000,0x00000006cd68dfd0,0x00000006d6800000)
 Metaspace       used 22191K, capacity 22509K, committed 22960K, reserved 1069056K
  class space    used 2367K, capacity 2473K, committed 2560K, reserved 1048576K
}
Event: 45.282 GC heap before
{Heap before GC invocations=13 (full 4):
 PSYoungGen      total 399872K, used 383682K [0x000000076ad80000, 0x000000078a980000, 0x00000007c0000000)
  eden space 312832K, 100% used [0x000000076ad80000,0x000000077df00000,0x000000077df00000)
  from space 87040K, 81% used [0x0000000783e00000,0x00000007883308a0,0x0000000789300000)
  to   space 97280K, 0% used [0x000000077df00000,0x000000077df00000,0x0000000783e00000)
 ParOldGen       total 360448K, used 211511K [0x00000006c0800000, 0x00000006d6800000, 0x000000076ad80000)
  object space 360448K, 58% used [0x00000006c0800000,0x00000006cd68dfd0,0x00000006d6800000)
 Metaspace       used 22324K, capacity 22637K, committed 23040K, reserved 1069056K
  class space    used 2369K, capacity 2473K, committed 2560K, reserved 1048576K
Event: 45.404 GC heap after
Heap after GC invocations=13 (full 4):
 PSYoungGen      total 410112K, used 97068K [0x000000076ad80000, 0x0000000793300000, 0x00000007c0000000)
  eden space 312832K, 0% used [0x000000076ad80000,0x000000076ad80000,0x000000077df00000)
  from space 97280K, 99% used [0x000000077df00000,0x0000000783dcb010,0x0000000783e00000)
  to   space 114688K, 0% used [0x000000078c300000,0x000000078c300000,0x0000000793300000)
 ParOldGen       total 370688K, used 369726K [0x00000006c0800000, 0x00000006d7200000, 0x000000076ad80000)
  object space 370688K, 99% used [0x00000006c0800000,0x00000006d710f860,0x00000006d7200000)
 Metaspace       used 22324K, capacity 22637K, committed 23040K, reserved 1069056K
  class space    used 2369K, capacity 2473K, committed 2560K, reserved 1048576K
}
Event: 45.404 GC heap before
{Heap before GC invocations=14 (full 5):
 PSYoungGen      total 410112K, used 97068K [0x000000076ad80000, 0x0000000793300000, 0x00000007c0000000)
  eden space 312832K, 0% used [0x000000076ad80000,0x000000076ad80000,0x000000077df00000)
  from space 97280K, 99% used [0x000000077df00000,0x0000000783dcb010,0x0000000783e00000)
  to   space 114688K, 0% used [0x000000078c300000,0x000000078c300000,0x0000000793300000)
 ParOldGen       total 370688K, used 369726K [0x00000006c0800000, 0x00000006d7200000, 0x000000076ad80000)
  object space 370688K, 99% used [0x00000006c0800000,0x00000006d710f860,0x00000006d7200000)
 Metaspace       used 22324K, capacity 22637K, committed 23040K, reserved 1069056K
  class space    used 2369K, capacity 2473K, committed 2560K, reserved 1048576K
Event: 45.476 GC heap after
Heap after GC invocations=14 (full 5):
 PSYoungGen      total 410112K, used 0K [0x000000076ad80000, 0x0000000793300000, 0x00000007c0000000)
  eden space 312832K, 0% used [0x000000076ad80000,0x000000076ad80000,0x000000077df00000)
  from space 97280K, 0% used [0x000000077df00000,0x000000077df00000,0x0000000783e00000)
  to   space 114688K, 0% used [0x000000078c300000,0x000000078c300000,0x0000000793300000)
 ParOldGen       total 250880K, used 5535K [0x00000006c0800000, 0x00000006cfd00000, 0x000000076ad80000)
  object space 250880K, 2% used [0x00000006c0800000,0x00000006c0d67f88,0x00000006cfd00000)
 Metaspace       used 22324K, capacity 22637K, committed 23040K, reserved 1069056K
  class space    used 2369K, capacity 2473K, committed 2560K, reserved 1048576K
}

