# JRE version: Java(TM) SE Runtime Environment (8.0_171-b11) (build 1.8.0_171-b11)
# Java VM: Java HotSpot(TM) 64-Bit Server VM (25.171-b11 mixed mode windows-amd64 compressed oops)
Heap:
 PSYoungGen      total 76288K, used 5947K [0x000000076ad80000, 0x0000000772d80000, 0x00000007c0000000)
  eden space 65536K, 9% used [0x000000076ad80000,0x000000076b34ef40,0x000000076ed80000)
  from space 10752K, 0% used [0x000000076ed80000,0x000000076ed80000,0x000000076f800000)
  to   space 10752K, 0% used [0x0000000772300000,0x0000000772300000,0x0000000772d80000)
 ParOldGen       total 159744K, used 5507K [0x00000006c0800000, 0x00000006ca400000, 0x000000076ad80000)
  object space 159744K, 3% used [0x00000006c0800000,0x00000006c0d60dd8,0x00000006ca400000)
 Metaspace       used 21887K, capacity 22181K, committed 22704K, reserved 1069056K
  class space    used 2370K, capacity 2473K, committed 2560K, reserved 1048576K
GC Heap History (10 events):
Event: 5.674 GC heap before
{Heap before GC invocations=1 (full 0):
 PSYoungGen      total 76288K, used 63851K [0x000000076ad80000, 0x0000000770280000, 0x00000007c0000000)
  eden space 65536K, 97% used [0x000000076ad80000,0x000000076ebdad48,0x000000076ed80000)
  from space 10752K, 0% used [0x000000076f800000,0x000000076f800000,0x0000000770280000)
  to   space 10752K, 0% used [0x000000076ed80000,0x000000076ed80000,0x000000076f800000)
 ParOldGen       total 175104K, used 0K [0x00000006c0800000, 0x00000006cb300000, 0x000000076ad80000)
  object space 175104K, 0% used [0x00000006c0800000,0x00000006c0800000,0x00000006cb300000)
 Metaspace       used 20637K, capacity 20895K, committed 21296K, reserved 1069056K
  class space    used 2242K, capacity 2344K, committed 2432K, reserved 1048576K
Event: 5.689 GC heap after
Heap after GC invocations=1 (full 0):
 PSYoungGen      total 76288K, used 7966K [0x000000076ad80000, 0x0000000770280000, 0x00000007c0000000)
  eden space 65536K, 0% used [0x000000076ad80000,0x000000076ad80000,0x000000076ed80000)
  from space 10752K, 74% used [0x000000076ed80000,0x000000076f5479b0,0x000000076f800000)
  to   space 10752K, 0% used [0x000000076f800000,0x000000076f800000,0x0000000770280000)
 ParOldGen       total 175104K, used 24K [0x00000006c0800000, 0x00000006cb300000, 0x000000076ad80000)
  object space 175104K, 0% used [0x00000006c0800000,0x00000006c0806000,0x00000006cb300000)
 Metaspace       used 20637K, capacity 20895K, committed 21296K, reserved 1069056K
  class space    used 2242K, capacity 2344K, committed 2432K, reserved 1048576K
}
Event: 5.689 GC heap before
{Heap before GC invocations=2 (full 1):
 PSYoungGen      total 76288K, used 7966K [0x000000076ad80000, 0x0000000770280000, 0x00000007c0000000)
  eden space 65536K, 0% used [0x000000076ad80000,0x000000076ad80000,0x000000076ed80000)
  from space 10752K, 74% used [0x000000076ed80000,0x000000076f5479b0,0x000000076f800000)
  to   space 10752K, 0% used [0x000000076f800000,0x000000076f800000,0x0000000770280000)
 ParOldGen       total 175104K, used 24K [0x00000006c0800000, 0x00000006cb300000, 0x000000076ad80000)
  object space 175104K, 0% used [0x00000006c0800000,0x00000006c0806000,0x00000006cb300000)
 Metaspace       used 20637K, capacity 20895K, committed 21296K, reserved 1069056K
  class space    used 2242K, capacity 2344K, committed 2432K, reserved 1048576K
Event: 5.721 GC heap after
Heap after GC invocations=2 (full 1):
 PSYoungGen      total 76288K, used 0K [0x000000076ad80000, 0x0000000770280000, 0x00000007c0000000)
  eden space 65536K, 0% used [0x000000076ad80000,0x000000076ad80000,0x000000076ed80000)
  from space 10752K, 0% used [0x000000076ed80000,0x000000076ed80000,0x000000076f800000)
  to   space 10752K, 0% used [0x000000076f800000,0x000000076f800000,0x0000000770280000)
 ParOldGen       total 73728K, used 7673K [0x00000006c0800000, 0x00000006c5000000, 0x000000076ad80000)
  object space 73728K, 10% used [0x00000006c0800000,0x00000006c0f7e648,0x00000006c5000000)
 Metaspace       used 20637K, capacity 20895K, committed 21296K, reserved 1069056K
  class space    used 2242K, capacity 2344K, committed 2432K, reserved 1048576K
}
Event: 6.103 GC heap before
{Heap before GC invocations=3 (full 1):
 PSYoungGen      total 76288K, used 65500K [0x000000076ad80000, 0x0000000770280000, 0x00000007c0000000)
  eden space 65536K, 99% used [0x000000076ad80000,0x000000076ed77150,0x000000076ed80000)
  from space 10752K, 0% used [0x000000076ed80000,0x000000076ed80000,0x000000076f800000)
  to   space 10752K, 0% used [0x000000076f800000,0x000000076f800000,0x0000000770280000)
 ParOldGen       total 73728K, used 7673K [0x00000006c0800000, 0x00000006c5000000, 0x000000076ad80000)
  object space 73728K, 10% used [0x00000006c0800000,0x00000006c0f7e648,0x00000006c5000000)
 Metaspace       used 21751K, capacity 22053K, committed 22448K, reserved 1069056K
  class space    used 2367K, capacity 2473K, committed 2560K, reserved 1048576K
Event: 6.114 GC heap after
Heap after GC invocations=3 (full 1):
 PSYoungGen      total 76288K, used 10736K [0x000000076ad80000, 0x0000000773100000, 0x00000007c0000000)
  eden space 65536K, 0% used [0x000000076ad80000,0x000000076ad80000,0x000000076ed80000)
  from space 10752K, 99% used [0x000000076f800000,0x000000077027c060,0x0000000770280000)
  to   space 10752K, 0% used [0x000000076ed80000,0x000000076ed80000,0x000000076f800000)
 ParOldGen       total 73728K, used 28999K [0x00000006c0800000, 0x00000006c5000000, 0x000000076ad80000)
  object space 73728K, 39% used [0x00000006c0800000,0x00000006c2451c80,0x00000006c5000000)
 Metaspace       used 21751K, capacity 22053K, committed 22448K, reserved 1069056K
  class space    used 2367K, capacity 2473K, committed 2560K, reserved 1048576K
}
Event: 13.791 GC heap before
{Heap before GC invocations=4 (full 1):
 PSYoungGen      total 76288K, used 76272K [0x000000076ad80000, 0x0000000773100000, 0x00000007c0000000)
  eden space 65536K, 100% used [0x000000076ad80000,0x000000076ed80000,0x000000076ed80000)
  from space 10752K, 99% used [0x000000076f800000,0x000000077027c060,0x0000000770280000)
  to   space 10752K, 0% used [0x000000076ed80000,0x000000076ed80000,0x000000076f800000)
 ParOldGen       total 73728K, used 28999K [0x00000006c0800000, 0x00000006c5000000, 0x000000076ad80000)
  object space 73728K, 39% used [0x00000006c0800000,0x00000006c2451c80,0x00000006c5000000)
 Metaspace       used 21869K, capacity 22181K, committed 22704K, reserved 1069056K
  class space    used 2369K, capacity 2473K, committed 2560K, reserved 1048576K
Event: 13.829 GC heap after
Heap after GC invocations=4 (full 1):
 PSYoungGen      total 76288K, used 10736K [0x000000076ad80000, 0x0000000772d80000, 0x00000007c0000000)
  eden space 65536K, 0% used [0x000000076ad80000,0x000000076ad80000,0x000000076ed80000)
  from space 10752K, 99% used [0x000000076ed80000,0x000000076f7fc0c0,0x000000076f800000)
  to   space 10752K, 0% used [0x0000000772300000,0x0000000772300000,0x0000000772d80000)
 ParOldGen       total 86016K, used 85926K [0x00000006c0800000, 0x00000006c5c00000, 0x000000076ad80000)
  object space 86016K, 99% used [0x00000006c0800000,0x00000006c5be99f0,0x00000006c5c00000)
 Metaspace       used 21869K, capacity 22181K, committed 22704K, reserved 1069056K
  class space    used 2369K, capacity 2473K, committed 2560K, reserved 1048576K
}
Event: 13.829 GC heap before
{Heap before GC invocations=5 (full 2):
 PSYoungGen      total 76288K, used 10736K [0x000000076ad80000, 0x0000000772d80000, 0x00000007c0000000)
  eden space 65536K, 0% used [0x000000076ad80000,0x000000076ad80000,0x000000076ed80000)
  from space 10752K, 99% used [0x000000076ed80000,0x000000076f7fc0c0,0x000000076f800000)
  to   space 10752K, 0% used [0x0000000772300000,0x0000000772300000,0x0000000772d80000)
 ParOldGen       total 86016K, used 85926K [0x00000006c0800000, 0x00000006c5c00000, 0x000000076ad80000)
  object space 86016K, 99% used [0x00000006c0800000,0x00000006c5be99f0,0x00000006c5c00000)
 Metaspace       used 21869K, capacity 22181K, committed 22704K, reserved 1069056K
  class space    used 2369K, capacity 2473K, committed 2560K, reserved 1048576K
Event: 13.870 GC heap after
Heap after GC invocations=5 (full 2):
 PSYoungGen      total 76288K, used 0K [0x000000076ad80000, 0x0000000772d80000, 0x00000007c0000000)
  eden space 65536K, 0% used [0x000000076ad80000,0x000000076ad80000,0x000000076ed80000)
  from space 10752K, 0% used [0x000000076ed80000,0x000000076ed80000,0x000000076f800000)
  to   space 10752K, 0% used [0x0000000772300000,0x0000000772300000,0x0000000772d80000)
 ParOldGen       total 159744K, used 5507K [0x00000006c0800000, 0x00000006ca400000, 0x000000076ad80000)
  object space 159744K, 3% used [0x00000006c0800000,0x00000006c0d60dd8,0x00000006ca400000)
 Metaspace       used 21869K, capacity 22181K, committed 22704K, reserved 1069056K
  class space    used 2369K, capacity 2473K, committed 2560K, reserved 1048576K
}

