# JRE version: Java(TM) SE Runtime Environment (8.0_171-b11) (build 1.8.0_171-b11)
# Java VM: Java HotSpot(TM) 64-Bit Server VM (25.171-b11 mixed mode windows-amd64 compressed oops)
Heap:
 PSYoungGen      total 32256K, used 28251K [0x000000076ad80000, 0x000000076d080000, 0x00000007c0000000)
  eden space 30720K, 88% used [0x000000076ad80000,0x000000076c816d40,0x000000076cb80000)
  from space 1536K, 66% used [0x000000076cb80000,0x000000076cc80010,0x000000076cd00000)
  to   space 2560K, 0% used [0x000000076ce00000,0x000000076ce00000,0x000000076d080000)
 ParOldGen       total 175104K, used 7334K [0x00000006c0800000, 0x00000006cb300000, 0x000000076ad80000)
  object space 175104K, 4% used [0x00000006c0800000,0x00000006c0f29838,0x00000006cb300000)
 Metaspace       used 17190K, capacity 17366K, committed 17536K, reserved 1064960K
  class space    used 1730K, capacity 1808K, committed 1920K, reserved 1048576K
GC Heap History (10 events):
Event: 52.009 GC heap before
{Heap before GC invocations=99 (full 0):
 PSYoungGen      total 33792K, used 32377K [0x000000076ad80000, 0x000000076d200000, 0x00000007c0000000)
  eden space 32256K, 97% used [0x000000076ad80000,0x000000076cc1e668,0x000000076cd00000)
  from space 1536K, 66% used [0x000000076d080000,0x000000076d180010,0x000000076d200000)
  to   space 2560K, 0% used [0x000000076cd00000,0x000000076cd00000,0x000000076cf80000)
 ParOldGen       total 175104K, used 7334K [0x00000006c0800000, 0x00000006cb300000, 0x000000076ad80000)
  object space 175104K, 4% used [0x00000006c0800000,0x00000006c0f29838,0x00000006cb300000)
 Metaspace       used 17190K, capacity 17366K, committed 17536K, reserved 1064960K
  class space    used 1730K, capacity 1808K, committed 1920K, reserved 1048576K
Event: 52.010 GC heap after
Heap after GC invocations=99 (full 0):
 PSYoungGen      total 33280K, used 1024K [0x000000076ad80000, 0x000000076d180000, 0x00000007c0000000)
  eden space 31744K, 0% used [0x000000076ad80000,0x000000076ad80000,0x000000076cc80000)
  from space 1536K, 66% used [0x000000076cd00000,0x000000076ce00010,0x000000076ce80000)
  to   space 2560K, 0% used [0x000000076cf00000,0x000000076cf00000,0x000000076d180000)
 ParOldGen       total 175104K, used 7334K [0x00000006c0800000, 0x00000006cb300000, 0x000000076ad80000)
  object space 175104K, 4% used [0x00000006c0800000,0x00000006c0f29838,0x00000006cb300000)
 Metaspace       used 17190K, capacity 17366K, committed 17536K, reserved 1064960K
  class space    used 1730K, capacity 1808K, committed 1920K, reserved 1048576K
}
Event: 52.343 GC heap before
{Heap before GC invocations=100 (full 0):
 PSYoungGen      total 33280K, used 32367K [0x000000076ad80000, 0x000000076d180000, 0x00000007c0000000)
  eden space 31744K, 98% used [0x000000076ad80000,0x000000076cc1bdf8,0x000000076cc80000)
  from space 1536K, 66% used [0x000000076cd00000,0x000000076ce00010,0x000000076ce80000)
  to   space 2560K, 0% used [0x000000076cf00000,0x000000076cf00000,0x000000076d180000)
 ParOldGen       total 175104K, used 7334K [0x00000006c0800000, 0x00000006cb300000, 0x000000076ad80000)
  object space 175104K, 4% used [0x00000006c0800000,0x00000006c0f29838,0x00000006cb300000)
 Metaspace       used 17190K, capacity 17366K, committed 17536K, reserved 1064960K
  class space    used 1730K, capacity 1808K, committed 1920K, reserved 1048576K
Event: 52.344 GC heap after
Heap after GC invocations=100 (full 0):
 PSYoungGen      total 33280K, used 1024K [0x000000076ad80000, 0x000000076d100000, 0x00000007c0000000)
  eden space 31232K, 0% used [0x000000076ad80000,0x000000076ad80000,0x000000076cc00000)
  from space 2048K, 50% used [0x000000076cf00000,0x000000076d000010,0x000000076d100000)
  to   space 2560K, 0% used [0x000000076cc00000,0x000000076cc00000,0x000000076ce80000)
 ParOldGen       total 175104K, used 7334K [0x00000006c0800000, 0x00000006cb300000, 0x000000076ad80000)
  object space 175104K, 4% used [0x00000006c0800000,0x00000006c0f29838,0x00000006cb300000)
 Metaspace       used 17190K, capacity 17366K, committed 17536K, reserved 1064960K
  class space    used 1730K, capacity 1808K, committed 1920K, reserved 1048576K
}
Event: 52.672 GC heap before
{Heap before GC invocations=101 (full 0):
 PSYoungGen      total 33280K, used 31333K [0x000000076ad80000, 0x000000076d100000, 0x00000007c0000000)
  eden space 31232K, 97% used [0x000000076ad80000,0x000000076cb195d8,0x000000076cc00000)
  from space 2048K, 50% used [0x000000076cf00000,0x000000076d000010,0x000000076d100000)
  to   space 2560K, 0% used [0x000000076cc00000,0x000000076cc00000,0x000000076ce80000)
 ParOldGen       total 175104K, used 7334K [0x00000006c0800000, 0x00000006cb300000, 0x000000076ad80000)
  object space 175104K, 4% used [0x00000006c0800000,0x00000006c0f29838,0x00000006cb300000)
 Metaspace       used 17190K, capacity 17366K, committed 17536K, reserved 1064960K
  class space    used 1730K, capacity 1808K, committed 1920K, reserved 1048576K
Event: 52.673 GC heap after
Heap after GC invocations=101 (full 0):
 PSYoungGen      total 33792K, used 0K [0x000000076ad80000, 0x000000076d100000, 0x00000007c0000000)
  eden space 31232K, 0% used [0x000000076ad80000,0x000000076ad80000,0x000000076cc00000)
  from space 2560K, 0% used [0x000000076cc00000,0x000000076cc00000,0x000000076ce80000)
  to   space 2560K, 0% used [0x000000076ce80000,0x000000076ce80000,0x000000076d100000)
 ParOldGen       total 175104K, used 7334K [0x00000006c0800000, 0x00000006cb300000, 0x000000076ad80000)
  object space 175104K, 4% used [0x00000006c0800000,0x00000006c0f29838,0x00000006cb300000)
 Metaspace       used 17190K, capacity 17366K, committed 17536K, reserved 1064960K
  class space    used 1730K, capacity 1808K, committed 1920K, reserved 1048576K
}
Event: 52.982 GC heap before
{Heap before GC invocations=102 (full 0):
 PSYoungGen      total 33792K, used 30309K [0x000000076ad80000, 0x000000076d100000, 0x00000007c0000000)
  eden space 31232K, 97% used [0x000000076ad80000,0x000000076cb195a8,0x000000076cc00000)
  from space 2560K, 0% used [0x000000076cc00000,0x000000076cc00000,0x000000076ce80000)
  to   space 2560K, 0% used [0x000000076ce80000,0x000000076ce80000,0x000000076d100000)
 ParOldGen       total 175104K, used 7334K [0x00000006c0800000, 0x00000006cb300000, 0x000000076ad80000)
  object space 175104K, 4% used [0x00000006c0800000,0x00000006c0f29838,0x00000006cb300000)
 Metaspace       used 17190K, capacity 17366K, committed 17536K, reserved 1064960K
  class space    used 1730K, capacity 1808K, committed 1920K, reserved 1048576K
Event: 52.983 GC heap after
Heap after GC invocations=102 (full 0):
 PSYoungGen      total 33280K, used 2048K [0x000000076ad80000, 0x000000076d200000, 0x00000007c0000000)
  eden space 30720K, 0% used [0x000000076ad80000,0x000000076ad80000,0x000000076cb80000)
  from space 2560K, 80% used [0x000000076ce80000,0x000000076d080020,0x000000076d100000)
  to   space 3072K, 0% used [0x000000076cb80000,0x000000076cb80000,0x000000076ce80000)
 ParOldGen       total 175104K, used 7334K [0x00000006c0800000, 0x00000006cb300000, 0x000000076ad80000)
  object space 175104K, 4% used [0x00000006c0800000,0x00000006c0f29838,0x00000006cb300000)
 Metaspace       used 17190K, capacity 17366K, committed 17536K, reserved 1064960K
  class space    used 1730K, capacity 1808K, committed 1920K, reserved 1048576K
}
Event: 53.310 GC heap before
{Heap before GC invocations=103 (full 0):
 PSYoungGen      total 33280K, used 32347K [0x000000076ad80000, 0x000000076d200000, 0x00000007c0000000)
  eden space 30720K, 98% used [0x000000076ad80000,0x000000076cb16d90,0x000000076cb80000)
  from space 2560K, 80% used [0x000000076ce80000,0x000000076d080020,0x000000076d100000)
  to   space 3072K, 0% used [0x000000076cb80000,0x000000076cb80000,0x000000076ce80000)
 ParOldGen       total 175104K, used 7334K [0x00000006c0800000, 0x00000006cb300000, 0x000000076ad80000)
  object space 175104K, 4% used [0x00000006c0800000,0x00000006c0f29838,0x00000006cb300000)
 Metaspace       used 17190K, capacity 17366K, committed 17536K, reserved 1064960K
  class space    used 1730K, capacity 1808K, committed 1920K, reserved 1048576K
Event: 53.311 GC heap after
Heap after GC invocations=103 (full 0):
 PSYoungGen      total 32256K, used 1024K [0x000000076ad80000, 0x000000076d080000, 0x00000007c0000000)
  eden space 30720K, 0% used [0x000000076ad80000,0x000000076ad80000,0x000000076cb80000)
  from space 1536K, 66% used [0x000000076cb80000,0x000000076cc80010,0x000000076cd00000)
  to   space 2560K, 0% used [0x000000076ce00000,0x000000076ce00000,0x000000076d080000)
 ParOldGen       total 175104K, used 7334K [0x00000006c0800000, 0x00000006cb300000, 0x000000076ad80000)
  object space 175104K, 4% used [0x00000006c0800000,0x00000006c0f29838,0x00000006cb300000)
 Metaspace       used 17190K, capacity 17366K, committed 17536K, reserved 1064960K
  class space    used 1730K, capacity 1808K, committed 1920K, reserved 1048576K
}

