# JRE version: Java(TM) SE Runtime Environment (8.0_171-b11) (build 1.8.0_171-b11)
# Java VM: Java HotSpot(TM) 64-Bit Server VM (25.171-b11 mixed mode windows-amd64 compressed oops)
Heap:
 PSYoungGen      total 76288K, used 29136K [0x000000076ad80000, 0x0000000770280000, 0x00000007c0000000)
  eden space 65536K, 44% used [0x000000076ad80000,0x000000076c9f42f0,0x000000076ed80000)
  from space 10752K, 0% used [0x000000076ed80000,0x000000076ed80000,0x000000076f800000)
  to   space 10752K, 0% used [0x000000076f800000,0x000000076f800000,0x0000000770280000)
 ParOldGen       total 74240K, used 8380K [0x00000006c0800000, 0x00000006c5080000, 0x000000076ad80000)
  object space 74240K, 11% used [0x00000006c0800000,0x00000006c102f060,0x00000006c5080000)
 Metaspace       used 21708K, capacity 21993K, committed 22448K, reserved 1069056K
  class space    used 2368K, capacity 2473K, committed 2560K, reserved 1048576K
GC Heap History (4 events):
Event: 5.510 GC heap before
{Heap before GC invocations=1 (full 0):
 PSYoungGen      total 76288K, used 63602K [0x000000076ad80000, 0x0000000770280000, 0x00000007c0000000)
  eden space 65536K, 97% used [0x000000076ad80000,0x000000076eb9c958,0x000000076ed80000)
  from space 10752K, 0% used [0x000000076f800000,0x000000076f800000,0x0000000770280000)
  to   space 10752K, 0% used [0x000000076ed80000,0x000000076ed80000,0x000000076f800000)
 ParOldGen       total 175104K, used 0K [0x00000006c0800000, 0x00000006cb300000, 0x000000076ad80000)
  object space 175104K, 0% used [0x00000006c0800000,0x00000006c0800000,0x00000006cb300000)
 Metaspace       used 20668K, capacity 20931K, committed 21296K, reserved 1069056K
  class space    used 2250K, capacity 2376K, committed 2432K, reserved 1048576K
Event: 5.525 GC heap after
Heap after GC invocations=1 (full 0):
 PSYoungGen      total 76288K, used 8707K [0x000000076ad80000, 0x0000000770280000, 0x00000007c0000000)
  eden space 65536K, 0% used [0x000000076ad80000,0x000000076ad80000,0x000000076ed80000)
  from space 10752K, 80% used [0x000000076ed80000,0x000000076f600ff8,0x000000076f800000)
  to   space 10752K, 0% used [0x000000076f800000,0x000000076f800000,0x0000000770280000)
 ParOldGen       total 175104K, used 24K [0x00000006c0800000, 0x00000006cb300000, 0x000000076ad80000)
  object space 175104K, 0% used [0x00000006c0800000,0x00000006c0806000,0x00000006cb300000)
 Metaspace       used 20668K, capacity 20931K, committed 21296K, reserved 1069056K
  class space    used 2250K, capacity 2376K, committed 2432K, reserved 1048576K
}
Event: 5.525 GC heap before
{Heap before GC invocations=2 (full 1):
 PSYoungGen      total 76288K, used 8707K [0x000000076ad80000, 0x0000000770280000, 0x00000007c0000000)
  eden space 65536K, 0% used [0x000000076ad80000,0x000000076ad80000,0x000000076ed80000)
  from space 10752K, 80% used [0x000000076ed80000,0x000000076f600ff8,0x000000076f800000)
  to   space 10752K, 0% used [0x000000076f800000,0x000000076f800000,0x0000000770280000)
 ParOldGen       total 175104K, used 24K [0x00000006c0800000, 0x00000006cb300000, 0x000000076ad80000)
  object space 175104K, 0% used [0x00000006c0800000,0x00000006c0806000,0x00000006cb300000)
 Metaspace       used 20668K, capacity 20931K, committed 21296K, reserved 1069056K
  class space    used 2250K, capacity 2376K, committed 2432K, reserved 1048576K
Event: 5.560 GC heap after
Heap after GC invocations=2 (full 1):
 PSYoungGen      total 76288K, used 0K [0x000000076ad80000, 0x0000000770280000, 0x00000007c0000000)
  eden space 65536K, 0% used [0x000000076ad80000,0x000000076ad80000,0x000000076ed80000)
  from space 10752K, 0% used [0x000000076ed80000,0x000000076ed80000,0x000000076f800000)
  to   space 10752K, 0% used [0x000000076f800000,0x000000076f800000,0x0000000770280000)
 ParOldGen       total 74240K, used 8380K [0x00000006c0800000, 0x00000006c5080000, 0x000000076ad80000)
  object space 74240K, 11% used [0x00000006c0800000,0x00000006c102f060,0x00000006c5080000)
 Metaspace       used 20668K, capacity 20931K, committed 21296K, reserved 1069056K
  class space    used 2250K, capacity 2376K, committed 2432K, reserved 1048576K
}

