# JRE version: Java(TM) SE Runtime Environment (8.0_171-b11) (build 1.8.0_171-b11)
# Java VM: Java HotSpot(TM) 64-Bit Server VM (25.171-b11 mixed mode windows-amd64 compressed oops)
Heap:
 PSYoungGen      total 76288K, used 2600K [0x000000076ad80000, 0x0000000773000000, 0x00000007c0000000)
  eden space 65536K, 3% used [0x000000076ad80000,0x000000076b00a110,0x000000076ed80000)
  from space 10752K, 0% used [0x000000076ed80000,0x000000076ed80000,0x000000076f800000)
  to   space 10752K, 0% used [0x0000000772580000,0x0000000772580000,0x0000000773000000)
 ParOldGen       total 156672K, used 5502K [0x00000006c0800000, 0x00000006ca100000, 0x000000076ad80000)
  object space 156672K, 3% used [0x00000006c0800000,0x00000006c0d5f860,0x00000006ca100000)
 Metaspace       used 21865K, capacity 22121K, committed 22704K, reserved 1069056K
  class space    used 2370K, capacity 2473K, committed 2560K, reserved 1048576K
GC Heap History (10 events):
Event: 6.075 GC heap before
{Heap before GC invocations=1 (full 0):
 PSYoungGen      total 76288K, used 62634K [0x000000076ad80000, 0x0000000770280000, 0x00000007c0000000)
  eden space 65536K, 95% used [0x000000076ad80000,0x000000076eaaa910,0x000000076ed80000)
  from space 10752K, 0% used [0x000000076f800000,0x000000076f800000,0x0000000770280000)
  to   space 10752K, 0% used [0x000000076ed80000,0x000000076ed80000,0x000000076f800000)
 ParOldGen       total 175104K, used 0K [0x00000006c0800000, 0x00000006cb300000, 0x000000076ad80000)
  object space 175104K, 0% used [0x00000006c0800000,0x00000006c0800000,0x00000006cb300000)
 Metaspace       used 20642K, capacity 20899K, committed 21296K, reserved 1069056K
  class space    used 2243K, capacity 2344K, committed 2432K, reserved 1048576K
Event: 6.089 GC heap after
Heap after GC invocations=1 (full 0):
 PSYoungGen      total 76288K, used 8047K [0x000000076ad80000, 0x0000000770280000, 0x00000007c0000000)
  eden space 65536K, 0% used [0x000000076ad80000,0x000000076ad80000,0x000000076ed80000)
  from space 10752K, 74% used [0x000000076ed80000,0x000000076f55bde8,0x000000076f800000)
  to   space 10752K, 0% used [0x000000076f800000,0x000000076f800000,0x0000000770280000)
 ParOldGen       total 175104K, used 24K [0x00000006c0800000, 0x00000006cb300000, 0x000000076ad80000)
  object space 175104K, 0% used [0x00000006c0800000,0x00000006c0806000,0x00000006cb300000)
 Metaspace       used 20642K, capacity 20899K, committed 21296K, reserved 1069056K
  class space    used 2243K, capacity 2344K, committed 2432K, reserved 1048576K
}
Event: 6.089 GC heap before
{Heap before GC invocations=2 (full 1):
 PSYoungGen      total 76288K, used 8047K [0x000000076ad80000, 0x0000000770280000, 0x00000007c0000000)
  eden space 65536K, 0% used [0x000000076ad80000,0x000000076ad80000,0x000000076ed80000)
  from space 10752K, 74% used [0x000000076ed80000,0x000000076f55bde8,0x000000076f800000)
  to   space 10752K, 0% used [0x000000076f800000,0x000000076f800000,0x0000000770280000)
 ParOldGen       total 175104K, used 24K [0x00000006c0800000, 0x00000006cb300000, 0x000000076ad80000)
  object space 175104K, 0% used [0x00000006c0800000,0x00000006c0806000,0x00000006cb300000)
 Metaspace       used 20642K, capacity 20899K, committed 21296K, reserved 1069056K
  class space    used 2243K, capacity 2344K, committed 2432K, reserved 1048576K
Event: 6.121 GC heap after
Heap after GC invocations=2 (full 1):
 PSYoungGen      total 76288K, used 0K [0x000000076ad80000, 0x0000000770280000, 0x00000007c0000000)
  eden space 65536K, 0% used [0x000000076ad80000,0x000000076ad80000,0x000000076ed80000)
  from space 10752K, 0% used [0x000000076ed80000,0x000000076ed80000,0x000000076f800000)
  to   space 10752K, 0% used [0x000000076f800000,0x000000076f800000,0x0000000770280000)
 ParOldGen       total 73728K, used 7679K [0x00000006c0800000, 0x00000006c5000000, 0x000000076ad80000)
  object space 73728K, 10% used [0x00000006c0800000,0x00000006c0f7fcd8,0x00000006c5000000)
 Metaspace       used 20642K, capacity 20899K, committed 21296K, reserved 1069056K
  class space    used 2243K, capacity 2344K, committed 2432K, reserved 1048576K
}
Event: 6.431 GC heap before
{Heap before GC invocations=3 (full 1):
 PSYoungGen      total 76288K, used 64736K [0x000000076ad80000, 0x0000000770280000, 0x00000007c0000000)
  eden space 65536K, 98% used [0x000000076ad80000,0x000000076ecb83d8,0x000000076ed80000)
  from space 10752K, 0% used [0x000000076ed80000,0x000000076ed80000,0x000000076f800000)
  to   space 10752K, 0% used [0x000000076f800000,0x000000076f800000,0x0000000770280000)
 ParOldGen       total 73728K, used 7679K [0x00000006c0800000, 0x00000006c5000000, 0x000000076ad80000)
  object space 73728K, 10% used [0x00000006c0800000,0x00000006c0f7fcd8,0x00000006c5000000)
 Metaspace       used 21751K, capacity 22057K, committed 22448K, reserved 1069056K
  class space    used 2367K, capacity 2473K, committed 2560K, reserved 1048576K
Event: 6.441 GC heap after
Heap after GC invocations=3 (full 1):
 PSYoungGen      total 76288K, used 10751K [0x000000076ad80000, 0x0000000773300000, 0x00000007c0000000)
  eden space 65536K, 0% used [0x000000076ad80000,0x000000076ad80000,0x000000076ed80000)
  from space 10752K, 99% used [0x000000076f800000,0x000000077027fda0,0x0000000770280000)
  to   space 10752K, 0% used [0x000000076ed80000,0x000000076ed80000,0x000000076f800000)
 ParOldGen       total 73728K, used 27158K [0x00000006c0800000, 0x00000006c5000000, 0x000000076ad80000)
  object space 73728K, 36% used [0x00000006c0800000,0x00000006c22859d0,0x00000006c5000000)
 Metaspace       used 21751K, capacity 22057K, committed 22448K, reserved 1069056K
  class space    used 2367K, capacity 2473K, committed 2560K, reserved 1048576K
}
Event: 10.915 GC heap before
{Heap before GC invocations=4 (full 1):
 PSYoungGen      total 76288K, used 76287K [0x000000076ad80000, 0x0000000773300000, 0x00000007c0000000)
  eden space 65536K, 100% used [0x000000076ad80000,0x000000076ed80000,0x000000076ed80000)
  from space 10752K, 99% used [0x000000076f800000,0x000000077027fda0,0x0000000770280000)
  to   space 10752K, 0% used [0x000000076ed80000,0x000000076ed80000,0x000000076f800000)
 ParOldGen       total 73728K, used 27158K [0x00000006c0800000, 0x00000006c5000000, 0x000000076ad80000)
  object space 73728K, 36% used [0x00000006c0800000,0x00000006c22859d0,0x00000006c5000000)
 Metaspace       used 21856K, capacity 22121K, committed 22704K, reserved 1069056K
  class space    used 2368K, capacity 2473K, committed 2560K, reserved 1048576K
Event: 10.941 GC heap after
Heap after GC invocations=4 (full 1):
 PSYoungGen      total 76288K, used 10728K [0x000000076ad80000, 0x0000000773000000, 0x00000007c0000000)
  eden space 65536K, 0% used [0x000000076ad80000,0x000000076ad80000,0x000000076ed80000)
  from space 10752K, 99% used [0x000000076ed80000,0x000000076f7fa260,0x000000076f800000)
  to   space 10752K, 0% used [0x0000000772580000,0x0000000772580000,0x0000000773000000)
 ParOldGen       total 84480K, used 83461K [0x00000006c0800000, 0x00000006c5a80000, 0x000000076ad80000)
  object space 84480K, 98% used [0x00000006c0800000,0x00000006c59815e0,0x00000006c5a80000)
 Metaspace       used 21856K, capacity 22121K, committed 22704K, reserved 1069056K
  class space    used 2368K, capacity 2473K, committed 2560K, reserved 1048576K
}
Event: 10.941 GC heap before
{Heap before GC invocations=5 (full 2):
 PSYoungGen      total 76288K, used 10728K [0x000000076ad80000, 0x0000000773000000, 0x00000007c0000000)
  eden space 65536K, 0% used [0x000000076ad80000,0x000000076ad80000,0x000000076ed80000)
  from space 10752K, 99% used [0x000000076ed80000,0x000000076f7fa260,0x000000076f800000)
  to   space 10752K, 0% used [0x0000000772580000,0x0000000772580000,0x0000000773000000)
 ParOldGen       total 84480K, used 83461K [0x00000006c0800000, 0x00000006c5a80000, 0x000000076ad80000)
  object space 84480K, 98% used [0x00000006c0800000,0x00000006c59815e0,0x00000006c5a80000)
 Metaspace       used 21856K, capacity 22121K, committed 22704K, reserved 1069056K
  class space    used 2368K, capacity 2473K, committed 2560K, reserved 1048576K
Event: 10.967 GC heap after
Heap after GC invocations=5 (full 2):
 PSYoungGen      total 76288K, used 0K [0x000000076ad80000, 0x0000000773000000, 0x00000007c0000000)
  eden space 65536K, 0% used [0x000000076ad80000,0x000000076ad80000,0x000000076ed80000)
  from space 10752K, 0% used [0x000000076ed80000,0x000000076ed80000,0x000000076f800000)
  to   space 10752K, 0% used [0x0000000772580000,0x0000000772580000,0x0000000773000000)
 ParOldGen       total 156672K, used 5502K [0x00000006c0800000, 0x00000006ca100000, 0x000000076ad80000)
  object space 156672K, 3% used [0x00000006c0800000,0x00000006c0d5f860,0x00000006ca100000)
 Metaspace       used 21856K, capacity 22121K, committed 22704K, reserved 1069056K
  class space    used 2368K, capacity 2473K, committed 2560K, reserved 1048576K
}

