# JRE version: Java(TM) SE Runtime Environment (8.0_171-b11) (build 1.8.0_171-b11)
# Java VM: Java HotSpot(TM) 64-Bit Server VM (25.171-b11 mixed mode windows-amd64 compressed oops)
Heap:
 PSYoungGen      total 76288K, used 2957K [0x000000076ad80000, 0x0000000770280000, 0x00000007c0000000)
  eden space 65536K, 4% used [0x000000076ad80000,0x000000076b0634a0,0x000000076ed80000)
  from space 10752K, 0% used [0x000000076f800000,0x000000076f800000,0x0000000770280000)
  to   space 10752K, 0% used [0x000000076ed80000,0x000000076ed80000,0x000000076f800000)
 ParOldGen       total 73728K, used 7816K [0x00000006c0800000, 0x00000006c5000000, 0x000000076ad80000)
  object space 73728K, 10% used [0x00000006c0800000,0x00000006c0fa2308,0x00000006c5000000)
 Metaspace       used 21243K, capacity 21482K, committed 21808K, reserved 1069056K
  class space    used 2318K, capacity 2406K, committed 2432K, reserved 1048576K
GC Heap History (6 events):
Event: 8.228 GC heap before
{Heap before GC invocations=1 (full 0):
 PSYoungGen      total 76288K, used 65536K [0x000000076ad80000, 0x0000000770280000, 0x00000007c0000000)
  eden space 65536K, 100% used [0x000000076ad80000,0x000000076ed80000,0x000000076ed80000)
  from space 10752K, 0% used [0x000000076f800000,0x000000076f800000,0x0000000770280000)
  to   space 10752K, 0% used [0x000000076ed80000,0x000000076ed80000,0x000000076f800000)
 ParOldGen       total 175104K, used 0K [0x00000006c0800000, 0x00000006cb300000, 0x000000076ad80000)
  object space 175104K, 0% used [0x00000006c0800000,0x00000006c0800000,0x00000006cb300000)
 Metaspace       used 14811K, capacity 15038K, committed 15360K, reserved 1062912K
  class space    used 1902K, capacity 1978K, committed 2048K, reserved 1048576K
Event: 8.237 GC heap after
Heap after GC invocations=1 (full 0):
 PSYoungGen      total 76288K, used 4622K [0x000000076ad80000, 0x0000000770280000, 0x00000007c0000000)
  eden space 65536K, 0% used [0x000000076ad80000,0x000000076ad80000,0x000000076ed80000)
  from space 10752K, 42% used [0x000000076ed80000,0x000000076f203be0,0x000000076f800000)
  to   space 10752K, 0% used [0x000000076f800000,0x000000076f800000,0x0000000770280000)
 ParOldGen       total 175104K, used 43K [0x00000006c0800000, 0x00000006cb300000, 0x000000076ad80000)
  object space 175104K, 0% used [0x00000006c0800000,0x00000006c080ac50,0x00000006cb300000)
 Metaspace       used 14811K, capacity 15038K, committed 15360K, reserved 1062912K
  class space    used 1902K, capacity 1978K, committed 2048K, reserved 1048576K
}
Event: 10.191 GC heap before
{Heap before GC invocations=2 (full 0):
 PSYoungGen      total 76288K, used 44893K [0x000000076ad80000, 0x0000000770280000, 0x00000007c0000000)
  eden space 65536K, 61% used [0x000000076ad80000,0x000000076d4d3988,0x000000076ed80000)
  from space 10752K, 42% used [0x000000076ed80000,0x000000076f203be0,0x000000076f800000)
  to   space 10752K, 0% used [0x000000076f800000,0x000000076f800000,0x0000000770280000)
 ParOldGen       total 175104K, used 43K [0x00000006c0800000, 0x00000006cb300000, 0x000000076ad80000)
  object space 175104K, 0% used [0x00000006c0800000,0x00000006c080ac50,0x00000006cb300000)
 Metaspace       used 20712K, capacity 20968K, committed 21296K, reserved 1069056K
  class space    used 2296K, capacity 2405K, committed 2432K, reserved 1048576K
Event: 10.202 GC heap after
Heap after GC invocations=2 (full 0):
 PSYoungGen      total 76288K, used 8090K [0x000000076ad80000, 0x0000000770280000, 0x00000007c0000000)
  eden space 65536K, 0% used [0x000000076ad80000,0x000000076ad80000,0x000000076ed80000)
  from space 10752K, 75% used [0x000000076f800000,0x000000076ffe6bb8,0x0000000770280000)
  to   space 10752K, 0% used [0x000000076ed80000,0x000000076ed80000,0x000000076f800000)
 ParOldGen       total 175104K, used 51K [0x00000006c0800000, 0x00000006cb300000, 0x000000076ad80000)
  object space 175104K, 0% used [0x00000006c0800000,0x00000006c080cc50,0x00000006cb300000)
 Metaspace       used 20712K, capacity 20968K, committed 21296K, reserved 1069056K
  class space    used 2296K, capacity 2405K, committed 2432K, reserved 1048576K
}
Event: 10.202 GC heap before
{Heap before GC invocations=3 (full 1):
 PSYoungGen      total 76288K, used 8090K [0x000000076ad80000, 0x0000000770280000, 0x00000007c0000000)
  eden space 65536K, 0% used [0x000000076ad80000,0x000000076ad80000,0x000000076ed80000)
  from space 10752K, 75% used [0x000000076f800000,0x000000076ffe6bb8,0x0000000770280000)
  to   space 10752K, 0% used [0x000000076ed80000,0x000000076ed80000,0x000000076f800000)
 ParOldGen       total 175104K, used 51K [0x00000006c0800000, 0x00000006cb300000, 0x000000076ad80000)
  object space 175104K, 0% used [0x00000006c0800000,0x00000006c080cc50,0x00000006cb300000)
 Metaspace       used 20712K, capacity 20968K, committed 21296K, reserved 1069056K
  class space    used 2296K, capacity 2405K, committed 2432K, reserved 1048576K
Event: 10.230 GC heap after
Heap after GC invocations=3 (full 1):
 PSYoungGen      total 76288K, used 0K [0x000000076ad80000, 0x0000000770280000, 0x00000007c0000000)
  eden space 65536K, 0% used [0x000000076ad80000,0x000000076ad80000,0x000000076ed80000)
  from space 10752K, 0% used [0x000000076f800000,0x000000076f800000,0x0000000770280000)
  to   space 10752K, 0% used [0x000000076ed80000,0x000000076ed80000,0x000000076f800000)
 ParOldGen       total 73728K, used 7816K [0x00000006c0800000, 0x00000006c5000000, 0x000000076ad80000)
  object space 73728K, 10% used [0x00000006c0800000,0x00000006c0fa2308,0x00000006c5000000)
 Metaspace       used 20712K, capacity 20968K, committed 21296K, reserved 1069056K
  class space    used 2296K, capacity 2405K, committed 2432K, reserved 1048576K
}

