# JRE version: Java(TM) SE Runtime Environment (8.0_171-b11) (build 1.8.0_171-b11)
# Java VM: Java HotSpot(TM) 64-Bit Server VM (25.171-b11 mixed mode windows-amd64 compressed oops)
Heap:
 PSYoungGen      total 76288K, used 4051K [0x000000076ad80000, 0x0000000770280000, 0x00000007c0000000)
  eden space 65536K, 6% used [0x000000076ad80000,0x000000076b174c18,0x000000076ed80000)
  from space 10752K, 0% used [0x000000076f800000,0x000000076f800000,0x0000000770280000)
  to   space 10752K, 0% used [0x000000076ed80000,0x000000076ed80000,0x000000076f800000)
 ParOldGen       total 135680K, used 28646K [0x00000006c0800000, 0x00000006c8c80000, 0x000000076ad80000)
  object space 135680K, 21% used [0x00000006c0800000,0x00000006c23f9938,0x00000006c8c80000)
 Metaspace       used 21389K, capacity 21650K, committed 22192K, reserved 1069056K
  class space    used 2328K, capacity 2438K, committed 2560K, reserved 1048576K
GC Heap History (6 events):
Event: 11.492 GC heap before
{Heap before GC invocations=1 (full 0):
 PSYoungGen      total 76288K, used 65536K [0x000000076ad80000, 0x0000000770280000, 0x00000007c0000000)
  eden space 65536K, 100% used [0x000000076ad80000,0x000000076ed80000,0x000000076ed80000)
  from space 10752K, 0% used [0x000000076f800000,0x000000076f800000,0x0000000770280000)
  to   space 10752K, 0% used [0x000000076ed80000,0x000000076ed80000,0x000000076f800000)
 ParOldGen       total 175104K, used 0K [0x00000006c0800000, 0x00000006cb300000, 0x000000076ad80000)
  object space 175104K, 0% used [0x00000006c0800000,0x00000006c0800000,0x00000006cb300000)
 Metaspace       used 15004K, capacity 15270K, committed 15616K, reserved 1062912K
  class space    used 1916K, capacity 2010K, committed 2048K, reserved 1048576K
Event: 11.502 GC heap after
Heap after GC invocations=1 (full 0):
 PSYoungGen      total 76288K, used 4634K [0x000000076ad80000, 0x0000000770280000, 0x00000007c0000000)
  eden space 65536K, 0% used [0x000000076ad80000,0x000000076ad80000,0x000000076ed80000)
  from space 10752K, 43% used [0x000000076ed80000,0x000000076f2069e0,0x000000076f800000)
  to   space 10752K, 0% used [0x000000076f800000,0x000000076f800000,0x0000000770280000)
 ParOldGen       total 175104K, used 43K [0x00000006c0800000, 0x00000006cb300000, 0x000000076ad80000)
  object space 175104K, 0% used [0x00000006c0800000,0x00000006c080ac50,0x00000006cb300000)
 Metaspace       used 15004K, capacity 15270K, committed 15616K, reserved 1062912K
  class space    used 1916K, capacity 2010K, committed 2048K, reserved 1048576K
}
Event: 13.066 GC heap before
{Heap before GC invocations=2 (full 0):
 PSYoungGen      total 76288K, used 65052K [0x000000076ad80000, 0x0000000770280000, 0x00000007c0000000)
  eden space 65536K, 92% used [0x000000076ad80000,0x000000076e880648,0x000000076ed80000)
  from space 10752K, 43% used [0x000000076ed80000,0x000000076f2069e0,0x000000076f800000)
  to   space 10752K, 0% used [0x000000076f800000,0x000000076f800000,0x0000000770280000)
 ParOldGen       total 175104K, used 43K [0x00000006c0800000, 0x00000006cb300000, 0x000000076ad80000)
  object space 175104K, 0% used [0x00000006c0800000,0x00000006c080ac50,0x00000006cb300000)
 Metaspace       used 20782K, capacity 21040K, committed 21296K, reserved 1069056K
  class space    used 2298K, capacity 2405K, committed 2432K, reserved 1048576K
Event: 13.086 GC heap after
Heap after GC invocations=2 (full 0):
 PSYoungGen      total 76288K, used 10742K [0x000000076ad80000, 0x0000000770280000, 0x00000007c0000000)
  eden space 65536K, 0% used [0x000000076ad80000,0x000000076ad80000,0x000000076ed80000)
  from space 10752K, 99% used [0x000000076f800000,0x000000077027da50,0x0000000770280000)
  to   space 10752K, 0% used [0x000000076ed80000,0x000000076ed80000,0x000000076f800000)
 ParOldGen       total 175104K, used 33062K [0x00000006c0800000, 0x00000006cb300000, 0x000000076ad80000)
  object space 175104K, 18% used [0x00000006c0800000,0x00000006c2849a00,0x00000006cb300000)
 Metaspace       used 20782K, capacity 21040K, committed 21296K, reserved 1069056K
  class space    used 2298K, capacity 2405K, committed 2432K, reserved 1048576K
}
Event: 13.086 GC heap before
{Heap before GC invocations=3 (full 1):
 PSYoungGen      total 76288K, used 10742K [0x000000076ad80000, 0x0000000770280000, 0x00000007c0000000)
  eden space 65536K, 0% used [0x000000076ad80000,0x000000076ad80000,0x000000076ed80000)
  from space 10752K, 99% used [0x000000076f800000,0x000000077027da50,0x0000000770280000)
  to   space 10752K, 0% used [0x000000076ed80000,0x000000076ed80000,0x000000076f800000)
 ParOldGen       total 175104K, used 33062K [0x00000006c0800000, 0x00000006cb300000, 0x000000076ad80000)
  object space 175104K, 18% used [0x00000006c0800000,0x00000006c2849a00,0x00000006cb300000)
 Metaspace       used 20782K, capacity 21040K, committed 21296K, reserved 1069056K
  class space    used 2298K, capacity 2405K, committed 2432K, reserved 1048576K
Event: 13.118 GC heap after
Heap after GC invocations=3 (full 1):
 PSYoungGen      total 76288K, used 0K [0x000000076ad80000, 0x0000000770280000, 0x00000007c0000000)
  eden space 65536K, 0% used [0x000000076ad80000,0x000000076ad80000,0x000000076ed80000)
  from space 10752K, 0% used [0x000000076f800000,0x000000076f800000,0x0000000770280000)
  to   space 10752K, 0% used [0x000000076ed80000,0x000000076ed80000,0x000000076f800000)
 ParOldGen       total 135680K, used 28646K [0x00000006c0800000, 0x00000006c8c80000, 0x000000076ad80000)
  object space 135680K, 21% used [0x00000006c0800000,0x00000006c23f9938,0x00000006c8c80000)
 Metaspace       used 20782K, capacity 21040K, committed 21296K, reserved 1069056K
  class space    used 2298K, capacity 2405K, committed 2432K, reserved 1048576K
}

