# JRE version: Java(TM) SE Runtime Environment (8.0_171-b11) (build 1.8.0_171-b11)
# Java VM: Java HotSpot(TM) 64-Bit Server VM (25.171-b11 mixed mode windows-amd64 compressed oops)
Heap:
 PSYoungGen      total 76288K, used 11434K [0x000000076ad80000, 0x0000000770280000, 0x00000007c0000000)
  eden space 65536K, 17% used [0x000000076ad80000,0x000000076b8aa8d0,0x000000076ed80000)
  from space 10752K, 0% used [0x000000076f800000,0x000000076f800000,0x0000000770280000)
  to   space 10752K, 0% used [0x000000076ed80000,0x000000076ed80000,0x000000076f800000)
 ParOldGen       total 78848K, used 11040K [0x00000006c0800000, 0x00000006c5500000, 0x000000076ad80000)
  object space 78848K, 14% used [0x00000006c0800000,0x00000006c12c83c8,0x00000006c5500000)
 Metaspace       used 22086K, capacity 22431K, committed 22784K, reserved 1069056K
  class space    used 2415K, capacity 2515K, committed 2560K, reserved 1048576K
GC Heap History (6 events):
Event: 9.882 GC heap before
{Heap before GC invocations=1 (full 0):
 PSYoungGen      total 76288K, used 65536K [0x000000076ad80000, 0x0000000770280000, 0x00000007c0000000)
  eden space 65536K, 100% used [0x000000076ad80000,0x000000076ed80000,0x000000076ed80000)
  from space 10752K, 0% used [0x000000076f800000,0x000000076f800000,0x0000000770280000)
  to   space 10752K, 0% used [0x000000076ed80000,0x000000076ed80000,0x000000076f800000)
 ParOldGen       total 175104K, used 0K [0x00000006c0800000, 0x00000006cb300000, 0x000000076ad80000)
  object space 175104K, 0% used [0x00000006c0800000,0x00000006c0800000,0x00000006cb300000)
 Metaspace       used 15019K, capacity 15232K, committed 15360K, reserved 1062912K
  class space    used 1939K, capacity 2036K, committed 2048K, reserved 1048576K
Event: 9.891 GC heap after
Heap after GC invocations=1 (full 0):
 PSYoungGen      total 76288K, used 5146K [0x000000076ad80000, 0x0000000770280000, 0x00000007c0000000)
  eden space 65536K, 0% used [0x000000076ad80000,0x000000076ad80000,0x000000076ed80000)
  from space 10752K, 47% used [0x000000076ed80000,0x000000076f2869e0,0x000000076f800000)
  to   space 10752K, 0% used [0x000000076f800000,0x000000076f800000,0x0000000770280000)
 ParOldGen       total 175104K, used 43K [0x00000006c0800000, 0x00000006cb300000, 0x000000076ad80000)
  object space 175104K, 0% used [0x00000006c0800000,0x00000006c080ac50,0x00000006cb300000)
 Metaspace       used 15019K, capacity 15232K, committed 15360K, reserved 1062912K
  class space    used 1939K, capacity 2036K, committed 2048K, reserved 1048576K
}
Event: 11.802 GC heap before
{Heap before GC invocations=2 (full 0):
 PSYoungGen      total 76288K, used 54531K [0x000000076ad80000, 0x0000000770280000, 0x00000007c0000000)
  eden space 65536K, 75% used [0x000000076ad80000,0x000000076ddba420,0x000000076ed80000)
  from space 10752K, 47% used [0x000000076ed80000,0x000000076f2869e0,0x000000076f800000)
  to   space 10752K, 0% used [0x000000076f800000,0x000000076f800000,0x0000000770280000)
 ParOldGen       total 175104K, used 43K [0x00000006c0800000, 0x00000006cb300000, 0x000000076ad80000)
  object space 175104K, 0% used [0x00000006c0800000,0x00000006c080ac50,0x00000006cb300000)
 Metaspace       used 20686K, capacity 21061K, committed 21248K, reserved 1069056K
  class space    used 2362K, capacity 2486K, committed 2560K, reserved 1048576K
Event: 11.813 GC heap after
Heap after GC invocations=2 (full 0):
 PSYoungGen      total 76288K, used 10744K [0x000000076ad80000, 0x0000000770280000, 0x00000007c0000000)
  eden space 65536K, 0% used [0x000000076ad80000,0x000000076ad80000,0x000000076ed80000)
  from space 10752K, 99% used [0x000000076f800000,0x000000077027e090,0x0000000770280000)
  to   space 10752K, 0% used [0x000000076ed80000,0x000000076ed80000,0x000000076f800000)
 ParOldGen       total 175104K, used 1537K [0x00000006c0800000, 0x00000006cb300000, 0x000000076ad80000)
  object space 175104K, 0% used [0x00000006c0800000,0x00000006c09804e8,0x00000006cb300000)
 Metaspace       used 20686K, capacity 21061K, committed 21248K, reserved 1069056K
  class space    used 2362K, capacity 2486K, committed 2560K, reserved 1048576K
}
Event: 11.813 GC heap before
{Heap before GC invocations=3 (full 1):
 PSYoungGen      total 76288K, used 10744K [0x000000076ad80000, 0x0000000770280000, 0x00000007c0000000)
  eden space 65536K, 0% used [0x000000076ad80000,0x000000076ad80000,0x000000076ed80000)
  from space 10752K, 99% used [0x000000076f800000,0x000000077027e090,0x0000000770280000)
  to   space 10752K, 0% used [0x000000076ed80000,0x000000076ed80000,0x000000076f800000)
 ParOldGen       total 175104K, used 1537K [0x00000006c0800000, 0x00000006cb300000, 0x000000076ad80000)
  object space 175104K, 0% used [0x00000006c0800000,0x00000006c09804e8,0x00000006cb300000)
 Metaspace       used 20686K, capacity 21061K, committed 21248K, reserved 1069056K
  class space    used 2362K, capacity 2486K, committed 2560K, reserved 1048576K
Event: 11.845 GC heap after
Heap after GC invocations=3 (full 1):
 PSYoungGen      total 76288K, used 0K [0x000000076ad80000, 0x0000000770280000, 0x00000007c0000000)
  eden space 65536K, 0% used [0x000000076ad80000,0x000000076ad80000,0x000000076ed80000)
  from space 10752K, 0% used [0x000000076f800000,0x000000076f800000,0x0000000770280000)
  to   space 10752K, 0% used [0x000000076ed80000,0x000000076ed80000,0x000000076f800000)
 ParOldGen       total 78848K, used 11040K [0x00000006c0800000, 0x00000006c5500000, 0x000000076ad80000)
  object space 78848K, 14% used [0x00000006c0800000,0x00000006c12c83c8,0x00000006c5500000)
 Metaspace       used 20630K, capacity 20943K, committed 21248K, reserved 1069056K
  class space    used 2339K, capacity 2445K, committed 2560K, reserved 1048576K
}

